<?xml version="1.0" encoding="UTF-8"?>
<testsuites name="NJS_Chandu" time="280.898" tests="3" failures="1" errors="0">
   <testsuite name="NJS_Chandu" tests="3" failures="1" errors="0" time="280.898" timestamp="2020-01-16 13:56:16" hostname="chandu.t - wlpt518.imidomain.com" id="Test Suites/NJS_Chandu">
      <properties>
         <property name="deviceName" value=""/>
         <property name="devicePlatform" value=""/>
         <property name="logFolder" value="C:\\Users\\chandu.t\\Katalon Studio\\NJS_Chandu\\Reports\\20200116_135612\\NJS_Chandu\\20200116_135612"/>
         <property name="logFiles" value="C:\\Users\\chandu.t\\Katalon Studio\\NJS_Chandu\\Reports\\20200116_135612\\NJS_Chandu\\20200116_135612\\execution0.log"/>
         <property name="attachments" value="C:\\Users\\chandu.t\\Katalon Studio\\NJS_Chandu\\Reports\\20200116_135612\\NJS_Chandu\\20200116_135612\\1579163237958.png, C:\\Users\\chandu.t\\Katalon Studio\\NJS_Chandu\\Reports\\20200116_135612\\NJS_Chandu\\20200116_135612\\1579163249004.png, C:\\Users\\chandu.t\\Katalon Studio\\NJS_Chandu\\Reports\\20200116_135612\\NJS_Chandu\\20200116_135612\\1579163262934.png, C:\\Users\\chandu.t\\Katalon Studio\\NJS_Chandu\\Reports\\20200116_135612\\NJS_Chandu\\20200116_135612\\1579163323902.png, C:\\Users\\chandu.t\\Katalon Studio\\NJS_Chandu\\Reports\\20200116_135612\\NJS_Chandu\\20200116_135612\\1579163334858.png, C:\\Users\\chandu.t\\Katalon Studio\\NJS_Chandu\\Reports\\20200116_135612\\NJS_Chandu\\20200116_135612\\1579163349371.png, C:\\Users\\chandu.t\\Katalon Studio\\NJS_Chandu\\Reports\\20200116_135612\\NJS_Chandu\\20200116_135612\\1579163409514.png, C:\\Users\\chandu.t\\Katalon Studio\\NJS_Chandu\\Reports\\20200116_135612\\NJS_Chandu\\20200116_135612\\1579163454409.png"/>
         <property name="hostName" value="chandu.t - wlpt518.imidomain.com"/>
         <property name="os" value="Windows 10 64bit"/>
         <property name="katalonVersion" value="7.2.1.1"/>
         <property name="browser" value="Firefox 71.0"/>
         <property name="hostAddress" value="192.168.43.93"/>
         <property name="sessionId" value="35f83ea7-eede-4bbd-be62-4ae5477cb963"/>
         <property name="seleniumVersion" value="3.141.59"/>
         <property name="proxyInformation" value="ProxyInformation{proxyOption=NO_PROXY, proxyServerType=HTTP, password=, proxyServerAddress=, proxyServerPort=0, executionList=}"/>
         <property name="platform" value="Windows 10"/>
      </properties>
      <testcase name="Test Cases/Naukri/deleteandupload3" time="91.727" classname="Test Cases/Naukri/deleteandupload3" status="PASSED">
         <system-out><![CDATA[2020-01-16 13:56:17 - [TEST_CASE][PASSED] - Test Cases/Naukri/deleteandupload3: Test Cases/Naukri/deleteandupload3

2020-01-16 13:56:17 - [TEST_STEP][PASSED] - openBrowser(findTestData("LoginDetailsNJS").getValue(1, 3)): Browser is opened with url: 'https://www.naukri.com/'

2020-01-16 13:56:19 - [MESSAGE][INFO] - Starting 'Firefox' driver

2020-01-16 13:56:19 - [MESSAGE][INFO] - Action delay is set to 0 seconds

2020-01-16 13:56:33 - [MESSAGE][PASSED] - Browser is opened with url: 'https://www.naukri.com/'

2020-01-16 13:56:33 - [TEST_STEP][PASSED] - closeWindowIndex(1): Window with index 1 is closed

2020-01-16 13:56:33 - [MESSAGE][PASSED] - Window with index 1 is closed

2020-01-16 13:56:33 - [TEST_STEP][PASSED] - closeWindowIndex(1): Window with index 1 is closed

2020-01-16 13:56:33 - [MESSAGE][PASSED] - Window with index 1 is closed

2020-01-16 13:56:33 - [TEST_STEP][PASSED] - closeWindowIndex(1): Window with index 1 is closed

2020-01-16 13:56:34 - [MESSAGE][PASSED] - Window with index 1 is closed

2020-01-16 13:56:34 - [TEST_STEP][PASSED] - switchToWindowIndex(0): Switched to window with index: '0'

2020-01-16 13:56:34 - [MESSAGE][PASSED] - Switched to window with index: '0'

2020-01-16 13:56:34 - [TEST_STEP][PASSED] - maximizeWindow(): Current window maximized

2020-01-16 13:56:34 - [MESSAGE][PASSED] - Current window maximized

2020-01-16 13:56:34 - [TEST_STEP][PASSED] - click(findTestObject("Naukri/LoginButton")): Object: 'Object Repository/Naukri/LoginButton' is clicked on

2020-01-16 13:56:36 - [MESSAGE][PASSED] - Object: 'Object Repository/Naukri/LoginButton' is clicked on

2020-01-16 13:56:36 - [TEST_STEP][PASSED] - click(findTestObject("Naukri/GoogleButton")): Object: 'Object Repository/Naukri/GoogleButton' is clicked on

2020-01-16 13:56:37 - [MESSAGE][PASSED] - Object: 'Object Repository/Naukri/GoogleButton' is clicked on

2020-01-16 13:56:37 - [TEST_STEP][PASSED] - switchToWindowIndex(1): Switched to window with index: '1'

2020-01-16 13:56:37 - [MESSAGE][PASSED] - Switched to window with index: '1'

2020-01-16 13:56:37 - [TEST_STEP][PASSED] - setText(findTestObject("Naukri/UserName"), findTestData("LoginDetailsNJS").getValue(2, 3)): Text 'chandut1024@gmail.com' is set on object 'Object Repository/Naukri/UserName'

2020-01-16 13:56:40 - [MESSAGE][PASSED] - Text 'chandut1024@gmail.com' is set on object 'Object Repository/Naukri/UserName'

2020-01-16 13:56:40 - [TEST_STEP][PASSED] - click(findTestObject("Naukri/NextButton")): Object: 'Object Repository/Naukri/NextButton' is clicked on

2020-01-16 13:56:41 - [MESSAGE][PASSED] - Object: 'Object Repository/Naukri/NextButton' is clicked on

2020-01-16 13:56:41 - [TEST_STEP][PASSED] - delay(5): Delayed 5 second(s)

2020-01-16 13:56:46 - [MESSAGE][PASSED] - Delayed 5 second(s)

2020-01-16 13:56:46 - [TEST_STEP][PASSED] - setText(findTestObject("Naukri/Password"), findTestData("LoginDetailsNJS").getValue(3, 3)): Text 'achala$123' is set on object 'Object Repository/Naukri/Password'

2020-01-16 13:56:47 - [MESSAGE][PASSED] - Text 'achala$123' is set on object 'Object Repository/Naukri/Password'

2020-01-16 13:56:47 - [TEST_STEP][PASSED] - click(findTestObject("Naukri/NextButton")): Object: 'Object Repository/Naukri/NextButton' is clicked on

2020-01-16 13:56:51 - [MESSAGE][PASSED] - Object: 'Object Repository/Naukri/NextButton' is clicked on

2020-01-16 13:56:51 - [TEST_STEP][PASSED] - switchToWindowIndex(0): Switched to window with index: '0'

2020-01-16 13:56:51 - [MESSAGE][PASSED] - Switched to window with index: '0'

2020-01-16 13:56:51 - [TEST_STEP][PASSED] - delay(10): Delayed 10 second(s)

2020-01-16 13:57:01 - [MESSAGE][PASSED] - Delayed 10 second(s)

2020-01-16 13:57:01 - [TEST_STEP][PASSED] - click(findTestObject("Naukri/ProfileName")): Object: 'Object Repository/Naukri/ProfileName' is clicked on

2020-01-16 13:57:02 - [MESSAGE][PASSED] - Object: 'Object Repository/Naukri/ProfileName' is clicked on

2020-01-16 13:57:02 - [TEST_STEP][NOT_RUN] - click(findTestObject("Naukri/DeleteResumeButton")): NOT_RUN: click(findTestObject("Naukri/DeleteResumeButton"))

2020-01-16 13:57:02 - [MESSAGE][NOT_RUN] - NOT_RUN: click(findTestObject("Naukri/DeleteResumeButton"))

2020-01-16 13:57:02 - [TEST_STEP][NOT_RUN] - click(findTestObject("Naukri/DeleteResumeConfirm")): NOT_RUN: click(findTestObject("Naukri/DeleteResumeConfirm"))

2020-01-16 13:57:02 - [MESSAGE][NOT_RUN] - NOT_RUN: click(findTestObject("Naukri/DeleteResumeConfirm"))

2020-01-16 13:57:02 - [TEST_STEP][PASSED] - delay(15): Delayed 15 second(s)

2020-01-16 13:57:17 - [MESSAGE][PASSED] - Delayed 15 second(s)

2020-01-16 13:57:17 - [TEST_STEP][PASSED] - takeScreenshot(): Taking screenshot successfully

2020-01-16 13:57:18 - [MESSAGE][PASSED] - Taking screenshot successfully
[[ATTACHMENT|C:\\Users\\chandu.t\\Katalon Studio\\NJS_Chandu\\Reports\\20200116_135612\\NJS_Chandu\\20200116_135612\\1579163237958.png]]

2020-01-16 13:57:18 - [TEST_STEP][PASSED] - uploadFile(findTestObject("Naukri/UploadResumeButton"), findTestData("LoginDetailsNJS").getValue(5, 3)): File 'D:\chanduR\Chandu_Thota_QA_Engineer3.docx' sent to object: 'Object Repository/Naukri/UploadResumeButton'

2020-01-16 13:57:18 - [MESSAGE][PASSED] - File 'D:\chanduR\Chandu_Thota_QA_Engineer3.docx' sent to object: 'Object Repository/Naukri/UploadResumeButton'

2020-01-16 13:57:18 - [TEST_STEP][PASSED] - delay(10): Delayed 10 second(s)

2020-01-16 13:57:28 - [MESSAGE][PASSED] - Delayed 10 second(s)

2020-01-16 13:57:28 - [TEST_STEP][NOT_RUN] - click(findTestObject("Naukri/EditResumeHeadline")): NOT_RUN: click(findTestObject("Naukri/EditResumeHeadline"))

2020-01-16 13:57:28 - [MESSAGE][NOT_RUN] - NOT_RUN: click(findTestObject("Naukri/EditResumeHeadline"))

2020-01-16 13:57:28 - [TEST_STEP][NOT_RUN] - setText(findTestObject("Naukri/ResumeHeadLineText"), "."): NOT_RUN: setText(findTestObject("Naukri/ResumeHeadLineText"), ".")

2020-01-16 13:57:28 - [MESSAGE][NOT_RUN] - NOT_RUN: setText(findTestObject("Naukri/ResumeHeadLineText"), ".")

2020-01-16 13:57:28 - [TEST_STEP][NOT_RUN] - click(findTestObject("Naukri/SaveResumeHeadLineButton")): NOT_RUN: click(findTestObject("Naukri/SaveResumeHeadLineButton"))

2020-01-16 13:57:28 - [MESSAGE][NOT_RUN] - NOT_RUN: click(findTestObject("Naukri/SaveResumeHeadLineButton"))

2020-01-16 13:57:28 - [TEST_STEP][PASSED] - takeScreenshot(): Taking screenshot successfully

2020-01-16 13:57:29 - [MESSAGE][PASSED] - Taking screenshot successfully
[[ATTACHMENT|C:\\Users\\chandu.t\\Katalon Studio\\NJS_Chandu\\Reports\\20200116_135612\\NJS_Chandu\\20200116_135612\\1579163249004.png]]

2020-01-16 13:57:29 - [TEST_STEP][PASSED] - refresh(): Refresh successfully

2020-01-16 13:57:32 - [MESSAGE][PASSED] - Refresh successfully

2020-01-16 13:57:32 - [TEST_STEP][PASSED] - delay(10): Delayed 10 second(s)

2020-01-16 13:57:42 - [MESSAGE][PASSED] - Delayed 10 second(s)

2020-01-16 13:57:42 - [TEST_STEP][PASSED] - takeScreenshot(): Taking screenshot successfully

2020-01-16 13:57:43 - [MESSAGE][PASSED] - Taking screenshot successfully
[[ATTACHMENT|C:\\Users\\chandu.t\\Katalon Studio\\NJS_Chandu\\Reports\\20200116_135612\\NJS_Chandu\\20200116_135612\\1579163262934.png]]

2020-01-16 13:57:43 - [TEST_STEP][PASSED] - closeBrowser(): Browser is closed

2020-01-16 13:57:48 - [MESSAGE][PASSED] - Browser is closed]]></system-out>
         <system-err><![CDATA[]]></system-err>
      </testcase>
      <testcase name="Test Cases/Naukri/deleteandupload2" time="85.601" classname="Test Cases/Naukri/deleteandupload2" status="PASSED">
         <system-out><![CDATA[2020-01-16 13:57:48 - [TEST_CASE][PASSED] - Test Cases/Naukri/deleteandupload2: Test Cases/Naukri/deleteandupload2

2020-01-16 13:57:49 - [TEST_STEP][PASSED] - openBrowser(findTestData("LoginDetailsNJS").getValue(1, 2)): Browser is opened with url: 'https://www.naukri.com/'

2020-01-16 13:57:49 - [MESSAGE][INFO] - Starting 'Firefox' driver

2020-01-16 13:57:59 - [MESSAGE][PASSED] - Browser is opened with url: 'https://www.naukri.com/'

2020-01-16 13:57:59 - [TEST_STEP][PASSED] - closeWindowIndex(1): Window with index 1 is closed

2020-01-16 13:58:00 - [MESSAGE][PASSED] - Window with index 1 is closed

2020-01-16 13:58:00 - [TEST_STEP][PASSED] - closeWindowIndex(1): Window with index 1 is closed

2020-01-16 13:58:00 - [MESSAGE][PASSED] - Window with index 1 is closed

2020-01-16 13:58:00 - [TEST_STEP][PASSED] - closeWindowIndex(1): Window with index 1 is closed

2020-01-16 13:58:00 - [MESSAGE][PASSED] - Window with index 1 is closed

2020-01-16 13:58:00 - [TEST_STEP][PASSED] - switchToWindowIndex(0): Switched to window with index: '0'

2020-01-16 13:58:01 - [MESSAGE][PASSED] - Switched to window with index: '0'

2020-01-16 13:58:01 - [TEST_STEP][PASSED] - maximizeWindow(): Current window maximized

2020-01-16 13:58:01 - [MESSAGE][PASSED] - Current window maximized

2020-01-16 13:58:01 - [TEST_STEP][PASSED] - click(findTestObject("Naukri/LoginButton")): Object: 'Object Repository/Naukri/LoginButton' is clicked on

2020-01-16 13:58:02 - [MESSAGE][PASSED] - Object: 'Object Repository/Naukri/LoginButton' is clicked on

2020-01-16 13:58:02 - [TEST_STEP][PASSED] - click(findTestObject("Naukri/GoogleButton")): Object: 'Object Repository/Naukri/GoogleButton' is clicked on

2020-01-16 13:58:03 - [MESSAGE][PASSED] - Object: 'Object Repository/Naukri/GoogleButton' is clicked on

2020-01-16 13:58:03 - [TEST_STEP][PASSED] - switchToWindowIndex(1): Switched to window with index: '1'

2020-01-16 13:58:03 - [MESSAGE][PASSED] - Switched to window with index: '1'

2020-01-16 13:58:03 - [TEST_STEP][PASSED] - setText(findTestObject("Naukri/UserName"), findTestData("LoginDetailsNJS").getValue(2, 2)): Text 'chanduthota371@gmail.com' is set on object 'Object Repository/Naukri/UserName'

2020-01-16 13:58:07 - [MESSAGE][PASSED] - Text 'chanduthota371@gmail.com' is set on object 'Object Repository/Naukri/UserName'

2020-01-16 13:58:07 - [TEST_STEP][PASSED] - click(findTestObject("Naukri/NextButton")): Object: 'Object Repository/Naukri/NextButton' is clicked on

2020-01-16 13:58:07 - [MESSAGE][PASSED] - Object: 'Object Repository/Naukri/NextButton' is clicked on

2020-01-16 13:58:07 - [TEST_STEP][PASSED] - delay(5): Delayed 5 second(s)

2020-01-16 13:58:12 - [MESSAGE][PASSED] - Delayed 5 second(s)

2020-01-16 13:58:12 - [TEST_STEP][PASSED] - setText(findTestObject("Naukri/Password"), findTestData("LoginDetailsNJS").getValue(3, 2)): Text 'achala$123' is set on object 'Object Repository/Naukri/Password'

2020-01-16 13:58:13 - [MESSAGE][PASSED] - Text 'achala$123' is set on object 'Object Repository/Naukri/Password'

2020-01-16 13:58:13 - [TEST_STEP][PASSED] - click(findTestObject("Naukri/NextButton")): Object: 'Object Repository/Naukri/NextButton' is clicked on

2020-01-16 13:58:17 - [MESSAGE][PASSED] - Object: 'Object Repository/Naukri/NextButton' is clicked on

2020-01-16 13:58:17 - [TEST_STEP][PASSED] - switchToWindowIndex(0): Switched to window with index: '0'

2020-01-16 13:58:17 - [MESSAGE][PASSED] - Switched to window with index: '0'

2020-01-16 13:58:17 - [TEST_STEP][PASSED] - delay(10): Delayed 10 second(s)

2020-01-16 13:58:27 - [MESSAGE][PASSED] - Delayed 10 second(s)

2020-01-16 13:58:27 - [TEST_STEP][PASSED] - click(findTestObject("Naukri/ProfileName")): Object: 'Object Repository/Naukri/ProfileName' is clicked on

2020-01-16 13:58:28 - [MESSAGE][PASSED] - Object: 'Object Repository/Naukri/ProfileName' is clicked on

2020-01-16 13:58:28 - [TEST_STEP][NOT_RUN] - click(findTestObject("Naukri/DeleteResumeButton")): NOT_RUN: click(findTestObject("Naukri/DeleteResumeButton"))

2020-01-16 13:58:28 - [MESSAGE][NOT_RUN] - NOT_RUN: click(findTestObject("Naukri/DeleteResumeButton"))

2020-01-16 13:58:28 - [TEST_STEP][NOT_RUN] - click(findTestObject("Naukri/DeleteResumeConfirm")): NOT_RUN: click(findTestObject("Naukri/DeleteResumeConfirm"))

2020-01-16 13:58:28 - [MESSAGE][NOT_RUN] - NOT_RUN: click(findTestObject("Naukri/DeleteResumeConfirm"))

2020-01-16 13:58:28 - [TEST_STEP][PASSED] - delay(15): Delayed 15 second(s)

2020-01-16 13:58:43 - [MESSAGE][PASSED] - Delayed 15 second(s)

2020-01-16 13:58:43 - [TEST_STEP][PASSED] - takeScreenshot(): Taking screenshot successfully

2020-01-16 13:58:44 - [MESSAGE][PASSED] - Taking screenshot successfully
[[ATTACHMENT|C:\\Users\\chandu.t\\Katalon Studio\\NJS_Chandu\\Reports\\20200116_135612\\NJS_Chandu\\20200116_135612\\1579163323902.png]]

2020-01-16 13:58:44 - [TEST_STEP][PASSED] - uploadFile(findTestObject("Naukri/UploadResumeButton"), findTestData("LoginDetailsNJS").getValue(5, 2)): File 'D:\chanduR\Chandu_Thota_QA_Engineer2.docx' sent to object: 'Object Repository/Naukri/UploadResumeButton'

2020-01-16 13:58:44 - [MESSAGE][PASSED] - File 'D:\chanduR\Chandu_Thota_QA_Engineer2.docx' sent to object: 'Object Repository/Naukri/UploadResumeButton'

2020-01-16 13:58:44 - [TEST_STEP][PASSED] - delay(10): Delayed 10 second(s)

2020-01-16 13:58:54 - [MESSAGE][PASSED] - Delayed 10 second(s)

2020-01-16 13:58:54 - [TEST_STEP][NOT_RUN] - click(findTestObject("Naukri/EditResumeHeadline")): NOT_RUN: click(findTestObject("Naukri/EditResumeHeadline"))

2020-01-16 13:58:54 - [MESSAGE][NOT_RUN] - NOT_RUN: click(findTestObject("Naukri/EditResumeHeadline"))

2020-01-16 13:58:54 - [TEST_STEP][NOT_RUN] - setText(findTestObject("Naukri/ResumeHeadLineText"), "."): NOT_RUN: setText(findTestObject("Naukri/ResumeHeadLineText"), ".")

2020-01-16 13:58:54 - [MESSAGE][NOT_RUN] - NOT_RUN: setText(findTestObject("Naukri/ResumeHeadLineText"), ".")

2020-01-16 13:58:54 - [TEST_STEP][NOT_RUN] - click(findTestObject("Naukri/SaveResumeHeadLineButton")): NOT_RUN: click(findTestObject("Naukri/SaveResumeHeadLineButton"))

2020-01-16 13:58:54 - [MESSAGE][NOT_RUN] - NOT_RUN: click(findTestObject("Naukri/SaveResumeHeadLineButton"))

2020-01-16 13:58:54 - [TEST_STEP][PASSED] - takeScreenshot(): Taking screenshot successfully

2020-01-16 13:58:55 - [MESSAGE][PASSED] - Taking screenshot successfully
[[ATTACHMENT|C:\\Users\\chandu.t\\Katalon Studio\\NJS_Chandu\\Reports\\20200116_135612\\NJS_Chandu\\20200116_135612\\1579163334858.png]]

2020-01-16 13:58:55 - [TEST_STEP][PASSED] - refresh(): Refresh successfully

2020-01-16 13:58:59 - [MESSAGE][PASSED] - Refresh successfully

2020-01-16 13:58:59 - [TEST_STEP][PASSED] - delay(10): Delayed 10 second(s)

2020-01-16 13:59:09 - [MESSAGE][PASSED] - Delayed 10 second(s)

2020-01-16 13:59:09 - [TEST_STEP][PASSED] - takeScreenshot(): Taking screenshot successfully

2020-01-16 13:59:09 - [MESSAGE][PASSED] - Taking screenshot successfully
[[ATTACHMENT|C:\\Users\\chandu.t\\Katalon Studio\\NJS_Chandu\\Reports\\20200116_135612\\NJS_Chandu\\20200116_135612\\1579163349371.png]]

2020-01-16 13:59:09 - [TEST_STEP][PASSED] - closeBrowser(): Browser is closed

2020-01-16 13:59:14 - [MESSAGE][PASSED] - Browser is closed]]></system-out>
         <system-err><![CDATA[]]></system-err>
      </testcase>
      <testcase name="Test Cases/Naukri/deleteandupload1" time="100.229" classname="Test Cases/Naukri/deleteandupload1" status="FAILED">
         <failure type="FAILED" message="Test Cases/Naukri/deleteandupload1 FAILED.
Reason:
com.kms.katalon.core.exception.StepFailedException: Unable to upload file 'D:\chanduR\Chandu_Thota_QA_Engineer1.docx' to object 'Object Repository/Naukri/UploadResumeButton'
	at com.kms.katalon.core.webui.keyword.internal.WebUIKeywordMain.stepFailed(WebUIKeywordMain.groovy:64)
	at com.kms.katalon.core.webui.keyword.internal.WebUIKeywordMain.runKeyword(WebUIKeywordMain.groovy:26)
	at com.kms.katalon.core.webui.keyword.builtin.UploadFileKeyword.uploadFile(UploadFileKeyword.groovy:87)
	at com.kms.katalon.core.webui.keyword.builtin.UploadFileKeyword.execute(UploadFileKeyword.groovy:68)
	at com.kms.katalon.core.keyword.internal.KeywordExecutor.executeKeywordForPlatform(KeywordExecutor.groovy:72)
	at com.kms.katalon.core.webui.keyword.WebUiBuiltInKeywords.uploadFile(WebUiBuiltInKeywords.groovy:2945)
	at com.kms.katalon.core.webui.keyword.WebUiBuiltInKeywords$uploadFile$6.call(Unknown Source)
	at deleteandupload1.run(deleteandupload1:60)
	at com.kms.katalon.core.main.ScriptEngine.run(ScriptEngine.java:194)
	at com.kms.katalon.core.main.ScriptEngine.runScriptAsRawText(ScriptEngine.java:119)
	at com.kms.katalon.core.main.TestCaseExecutor.runScript(TestCaseExecutor.java:337)
	at com.kms.katalon.core.main.TestCaseExecutor.doExecute(TestCaseExecutor.java:328)
	at com.kms.katalon.core.main.TestCaseExecutor.processExecutionPhase(TestCaseExecutor.java:307)
	at com.kms.katalon.core.main.TestCaseExecutor.accessMainPhase(TestCaseExecutor.java:299)
	at com.kms.katalon.core.main.TestCaseExecutor.execute(TestCaseExecutor.java:233)
	at com.kms.katalon.core.main.TestSuiteExecutor.accessTestCaseMainPhase(TestSuiteExecutor.java:169)
	at com.kms.katalon.core.main.TestSuiteExecutor.accessTestSuiteMainPhase(TestSuiteExecutor.java:142)
	at com.kms.katalon.core.main.TestSuiteExecutor.execute(TestSuiteExecutor.java:91)
	at com.kms.katalon.core.main.TestCaseMain.startTestSuite(TestCaseMain.java:157)
	at com.kms.katalon.core.main.TestCaseMain$startTestSuite$0.call(Unknown Source)
	at TempTestSuite1579163172385.run(TempTestSuite1579163172385.groovy:36)
Caused by: com.kms.katalon.core.webui.exception.WebElementNotFoundException: Web element with id: 'Object Repository/Naukri/UploadResumeButton' located by 'By.xpath: //input[@type = 'file' and @id = 'attachCV']' not found
	at com.kms.katalon.core.webui.common.WebUiCommonHelper.findWebElement(WebUiCommonHelper.java:1154)
	at com.kms.katalon.core.webui.keyword.internal.WebUIAbstractKeyword.findWebElement(WebUIAbstractKeyword.groovy:27)
	at com.kms.katalon.core.webui.keyword.internal.WebUIAbstractKeyword.findWebElement(WebUIAbstractKeyword.groovy:26)
	at com.kms.katalon.core.webui.keyword.builtin.UploadFileKeyword$_uploadFile_closure1.doCall(UploadFileKeyword.groovy:79)
	at com.kms.katalon.core.webui.keyword.builtin.UploadFileKeyword$_uploadFile_closure1.call(UploadFileKeyword.groovy)
	at com.kms.katalon.core.webui.keyword.internal.WebUIKeywordMain.runKeyword(WebUIKeywordMain.groovy:20)
	... 19 more
"/>
         <system-out><![CDATA[2020-01-16 13:59:14 - [TEST_CASE][FAILED] - Test Cases/Naukri/deleteandupload1: Test Cases/Naukri/deleteandupload1 FAILED.
Reason:
com.kms.katalon.core.exception.StepFailedException: Unable to upload file 'D:\chanduR\Chandu_Thota_QA_Engineer1.docx' to object 'Object Repository/Naukri/UploadResumeButton'
	at com.kms.katalon.core.webui.keyword.internal.WebUIKeywordMain.stepFailed(WebUIKeywordMain.groovy:64)
	at com.kms.katalon.core.webui.keyword.internal.WebUIKeywordMain.runKeyword(WebUIKeywordMain.groovy:26)
	at com.kms.katalon.core.webui.keyword.builtin.UploadFileKeyword.uploadFile(UploadFileKeyword.groovy:87)
	at com.kms.katalon.core.webui.keyword.builtin.UploadFileKeyword.execute(UploadFileKeyword.groovy:68)
	at com.kms.katalon.core.keyword.internal.KeywordExecutor.executeKeywordForPlatform(KeywordExecutor.groovy:72)
	at com.kms.katalon.core.webui.keyword.WebUiBuiltInKeywords.uploadFile(WebUiBuiltInKeywords.groovy:2945)
	at com.kms.katalon.core.webui.keyword.WebUiBuiltInKeywords$uploadFile$6.call(Unknown Source)
	at deleteandupload1.run(deleteandupload1:60)
	at com.kms.katalon.core.main.ScriptEngine.run(ScriptEngine.java:194)
	at com.kms.katalon.core.main.ScriptEngine.runScriptAsRawText(ScriptEngine.java:119)
	at com.kms.katalon.core.main.TestCaseExecutor.runScript(TestCaseExecutor.java:337)
	at com.kms.katalon.core.main.TestCaseExecutor.doExecute(TestCaseExecutor.java:328)
	at com.kms.katalon.core.main.TestCaseExecutor.processExecutionPhase(TestCaseExecutor.java:307)
	at com.kms.katalon.core.main.TestCaseExecutor.accessMainPhase(TestCaseExecutor.java:299)
	at com.kms.katalon.core.main.TestCaseExecutor.execute(TestCaseExecutor.java:233)
	at com.kms.katalon.core.main.TestSuiteExecutor.accessTestCaseMainPhase(TestSuiteExecutor.java:169)
	at com.kms.katalon.core.main.TestSuiteExecutor.accessTestSuiteMainPhase(TestSuiteExecutor.java:142)
	at com.kms.katalon.core.main.TestSuiteExecutor.execute(TestSuiteExecutor.java:91)
	at com.kms.katalon.core.main.TestCaseMain.startTestSuite(TestCaseMain.java:157)
	at com.kms.katalon.core.main.TestCaseMain$startTestSuite$0.call(Unknown Source)
	at TempTestSuite1579163172385.run(TempTestSuite1579163172385.groovy:36)
Caused by: com.kms.katalon.core.webui.exception.WebElementNotFoundException: Web element with id: 'Object Repository/Naukri/UploadResumeButton' located by 'By.xpath: //input[@type = 'file' and @id = 'attachCV']' not found
	at com.kms.katalon.core.webui.common.WebUiCommonHelper.findWebElement(WebUiCommonHelper.java:1154)
	at com.kms.katalon.core.webui.keyword.internal.WebUIAbstractKeyword.findWebElement(WebUIAbstractKeyword.groovy:27)
	at com.kms.katalon.core.webui.keyword.internal.WebUIAbstractKeyword.findWebElement(WebUIAbstractKeyword.groovy:26)
	at com.kms.katalon.core.webui.keyword.builtin.UploadFileKeyword$_uploadFile_closure1.doCall(UploadFileKeyword.groovy:79)
	at com.kms.katalon.core.webui.keyword.builtin.UploadFileKeyword$_uploadFile_closure1.call(UploadFileKeyword.groovy)
	at com.kms.katalon.core.webui.keyword.internal.WebUIKeywordMain.runKeyword(WebUIKeywordMain.groovy:20)
	... 19 more


2020-01-16 13:59:14 - [TEST_STEP][PASSED] - openBrowser(findTestData("LoginDetailsNJS").getValue(1, 1)): Browser is opened with url: 'naukri.com'

2020-01-16 13:59:14 - [MESSAGE][INFO] - Starting 'Firefox' driver

2020-01-16 13:59:27 - [MESSAGE][PASSED] - Browser is opened with url: 'naukri.com'

2020-01-16 13:59:27 - [TEST_STEP][PASSED] - closeWindowIndex(1): Window with index 1 is closed

2020-01-16 13:59:27 - [MESSAGE][PASSED] - Window with index 1 is closed

2020-01-16 13:59:27 - [TEST_STEP][PASSED] - closeWindowIndex(1): Window with index 1 is closed

2020-01-16 13:59:27 - [MESSAGE][PASSED] - Window with index 1 is closed

2020-01-16 13:59:27 - [TEST_STEP][PASSED] - closeWindowIndex(1): Window with index 1 is closed

2020-01-16 13:59:27 - [MESSAGE][PASSED] - Window with index 1 is closed

2020-01-16 13:59:27 - [TEST_STEP][PASSED] - switchToWindowIndex(0): Switched to window with index: '0'

2020-01-16 13:59:27 - [MESSAGE][PASSED] - Switched to window with index: '0'

2020-01-16 13:59:27 - [TEST_STEP][PASSED] - maximizeWindow(): Current window maximized

2020-01-16 13:59:27 - [MESSAGE][PASSED] - Current window maximized

2020-01-16 13:59:27 - [TEST_STEP][PASSED] - click(findTestObject("Naukri/LoginButton")): Object: 'Object Repository/Naukri/LoginButton' is clicked on

2020-01-16 13:59:28 - [MESSAGE][PASSED] - Object: 'Object Repository/Naukri/LoginButton' is clicked on

2020-01-16 13:59:28 - [TEST_STEP][PASSED] - click(findTestObject("Naukri/GoogleButton")): Object: 'Object Repository/Naukri/GoogleButton' is clicked on

2020-01-16 13:59:29 - [MESSAGE][PASSED] - Object: 'Object Repository/Naukri/GoogleButton' is clicked on

2020-01-16 13:59:29 - [TEST_STEP][PASSED] - switchToWindowIndex(1): Switched to window with index: '1'

2020-01-16 13:59:29 - [MESSAGE][PASSED] - Switched to window with index: '1'

2020-01-16 13:59:29 - [TEST_STEP][PASSED] - setText(findTestObject("Naukri/UserName"), findTestData("LoginDetailsNJS").getValue(2, 1)): Text 'thota.chandu1@gmail.com' is set on object 'Object Repository/Naukri/UserName'

2020-01-16 13:59:33 - [MESSAGE][PASSED] - Text 'thota.chandu1@gmail.com' is set on object 'Object Repository/Naukri/UserName'

2020-01-16 13:59:33 - [TEST_STEP][PASSED] - click(findTestObject("Naukri/NextButton")): Object: 'Object Repository/Naukri/NextButton' is clicked on

2020-01-16 13:59:33 - [MESSAGE][PASSED] - Object: 'Object Repository/Naukri/NextButton' is clicked on

2020-01-16 13:59:33 - [TEST_STEP][PASSED] - delay(5): Delayed 5 second(s)

2020-01-16 13:59:38 - [MESSAGE][PASSED] - Delayed 5 second(s)

2020-01-16 13:59:38 - [TEST_STEP][PASSED] - setText(findTestObject("Naukri/Password"), findTestData("LoginDetailsNJS").getValue(3, 1)): Text 'achala$123' is set on object 'Object Repository/Naukri/Password'

2020-01-16 13:59:39 - [MESSAGE][PASSED] - Text 'achala$123' is set on object 'Object Repository/Naukri/Password'

2020-01-16 13:59:39 - [TEST_STEP][PASSED] - click(findTestObject("Naukri/NextButton")): Object: 'Object Repository/Naukri/NextButton' is clicked on

2020-01-16 13:59:43 - [MESSAGE][PASSED] - Object: 'Object Repository/Naukri/NextButton' is clicked on

2020-01-16 13:59:43 - [TEST_STEP][PASSED] - switchToWindowIndex(0): Switched to window with index: '0'

2020-01-16 13:59:43 - [MESSAGE][PASSED] - Switched to window with index: '0'

2020-01-16 13:59:43 - [TEST_STEP][PASSED] - delay(10): Delayed 10 second(s)

2020-01-16 13:59:53 - [MESSAGE][PASSED] - Delayed 10 second(s)

2020-01-16 13:59:53 - [TEST_STEP][PASSED] - click(findTestObject("Naukri/ProfileName")): Object: 'Object Repository/Naukri/ProfileName' is clicked on

2020-01-16 13:59:54 - [MESSAGE][PASSED] - Object: 'Object Repository/Naukri/ProfileName' is clicked on

2020-01-16 13:59:54 - [TEST_STEP][NOT_RUN] - click(findTestObject("Naukri/DeleteResumeButton")): NOT_RUN: click(findTestObject("Naukri/DeleteResumeButton"))

2020-01-16 13:59:54 - [MESSAGE][NOT_RUN] - NOT_RUN: click(findTestObject("Naukri/DeleteResumeButton"))

2020-01-16 13:59:54 - [TEST_STEP][NOT_RUN] - click(findTestObject("Naukri/DeleteResumeConfirm")): NOT_RUN: click(findTestObject("Naukri/DeleteResumeConfirm"))

2020-01-16 13:59:54 - [MESSAGE][NOT_RUN] - NOT_RUN: click(findTestObject("Naukri/DeleteResumeConfirm"))

2020-01-16 13:59:54 - [TEST_STEP][PASSED] - delay(15): Delayed 15 second(s)

2020-01-16 14:00:09 - [MESSAGE][PASSED] - Delayed 15 second(s)

2020-01-16 14:00:09 - [TEST_STEP][PASSED] - takeScreenshot(): Taking screenshot successfully

2020-01-16 14:00:09 - [MESSAGE][PASSED] - Taking screenshot successfully
[[ATTACHMENT|C:\\Users\\chandu.t\\Katalon Studio\\NJS_Chandu\\Reports\\20200116_135612\\NJS_Chandu\\20200116_135612\\1579163409514.png]]

2020-01-16 14:00:09 - [TEST_STEP][FAILED] - uploadFile(findTestObject("Naukri/UploadResumeButton"), findTestData("LoginDetailsNJS").getValue(5, 1)): Unable to upload file 'D:\chanduR\Chandu_Thota_QA_Engineer1.docx' to object 'Object Repository/Naukri/UploadResumeButton' (Root cause: com.kms.katalon.core.exception.StepFailedException: Unable to upload file 'D:\chanduR\Chandu_Thota_QA_Engineer1.docx' to object 'Object Repository/Naukri/UploadResumeButton'
	at com.kms.katalon.core.webui.keyword.internal.WebUIKeywordMain.stepFailed(WebUIKeywordMain.groovy:64)
	at com.kms.katalon.core.webui.keyword.internal.WebUIKeywordMain.runKeyword(WebUIKeywordMain.groovy:26)
	at com.kms.katalon.core.webui.keyword.builtin.UploadFileKeyword.uploadFile(UploadFileKeyword.groovy:87)
	at com.kms.katalon.core.webui.keyword.builtin.UploadFileKeyword.execute(UploadFileKeyword.groovy:68)
	at com.kms.katalon.core.keyword.internal.KeywordExecutor.executeKeywordForPlatform(KeywordExecutor.groovy:72)
	at com.kms.katalon.core.webui.keyword.WebUiBuiltInKeywords.uploadFile(WebUiBuiltInKeywords.groovy:2945)
	at com.kms.katalon.core.webui.keyword.WebUiBuiltInKeywords$uploadFile$6.call(Unknown Source)
	at deleteandupload1.run(deleteandupload1:60)
	at com.kms.katalon.core.main.ScriptEngine.run(ScriptEngine.java:194)
	at com.kms.katalon.core.main.ScriptEngine.runScriptAsRawText(ScriptEngine.java:119)
	at com.kms.katalon.core.main.TestCaseExecutor.runScript(TestCaseExecutor.java:337)
	at com.kms.katalon.core.main.TestCaseExecutor.doExecute(TestCaseExecutor.java:328)
	at com.kms.katalon.core.main.TestCaseExecutor.processExecutionPhase(TestCaseExecutor.java:307)
	at com.kms.katalon.core.main.TestCaseExecutor.accessMainPhase(TestCaseExecutor.java:299)
	at com.kms.katalon.core.main.TestCaseExecutor.execute(TestCaseExecutor.java:233)
	at com.kms.katalon.core.main.TestSuiteExecutor.accessTestCaseMainPhase(TestSuiteExecutor.java:169)
	at com.kms.katalon.core.main.TestSuiteExecutor.accessTestSuiteMainPhase(TestSuiteExecutor.java:142)
	at com.kms.katalon.core.main.TestSuiteExecutor.execute(TestSuiteExecutor.java:91)
	at com.kms.katalon.core.main.TestCaseMain.startTestSuite(TestCaseMain.java:157)
	at com.kms.katalon.core.main.TestCaseMain$startTestSuite$0.call(Unknown Source)
	at TempTestSuite1579163172385.run(TempTestSuite1579163172385.groovy:36)
Caused by: com.kms.katalon.core.webui.exception.WebElementNotFoundException: Web element with id: 'Object Repository/Naukri/UploadResumeButton' located by 'By.xpath: //input[@type = 'file' and @id = 'attachCV']' not found
	at com.kms.katalon.core.webui.common.WebUiCommonHelper.findWebElement(WebUiCommonHelper.java:1154)
	at com.kms.katalon.core.webui.keyword.internal.WebUIAbstractKeyword.findWebElement(WebUIAbstractKeyword.groovy:27)
	at com.kms.katalon.core.webui.keyword.internal.WebUIAbstractKeyword.findWebElement(WebUIAbstractKeyword.groovy:26)
	at com.kms.katalon.core.webui.keyword.builtin.UploadFileKeyword$_uploadFile_closure1.doCall(UploadFileKeyword.groovy:79)
	at com.kms.katalon.core.webui.keyword.builtin.UploadFileKeyword$_uploadFile_closure1.call(UploadFileKeyword.groovy)
	at com.kms.katalon.core.webui.keyword.internal.WebUIKeywordMain.runKeyword(WebUIKeywordMain.groovy:20)
	at com.kms.katalon.core.webui.keyword.builtin.UploadFileKeyword.uploadFile(UploadFileKeyword.groovy:87)
	at com.kms.katalon.core.webui.keyword.builtin.UploadFileKeyword.execute(UploadFileKeyword.groovy:68)
	at com.kms.katalon.core.keyword.internal.KeywordExecutor.executeKeywordForPlatform(KeywordExecutor.groovy:72)
	at com.kms.katalon.core.webui.keyword.WebUiBuiltInKeywords.uploadFile(WebUiBuiltInKeywords.groovy:2945)
	at com.kms.katalon.core.webui.keyword.WebUiBuiltInKeywords$uploadFile$6.call(Unknown Source)
	at Script1576031521680.run(Script1576031521680.groovy:60)
	... 13 more
)

2020-01-16 14:00:54 - [MESSAGE][INFO] - Unable to find the element located by 'By.xpath: //input[@type = 'file' and @id = 'attachCV']'. Please recheck the objects properties to make sure the desired element is located. 

2020-01-16 14:00:54 - [MESSAGE][FAILED] - Unable to upload file 'D:\chanduR\Chandu_Thota_QA_Engineer1.docx' to object 'Object Repository/Naukri/UploadResumeButton' (Root cause: com.kms.katalon.core.exception.StepFailedException: Unable to upload file 'D:\chanduR\Chandu_Thota_QA_Engineer1.docx' to object 'Object Repository/Naukri/UploadResumeButton'
	at com.kms.katalon.core.webui.keyword.internal.WebUIKeywordMain.stepFailed(WebUIKeywordMain.groovy:64)
	at com.kms.katalon.core.webui.keyword.internal.WebUIKeywordMain.runKeyword(WebUIKeywordMain.groovy:26)
	at com.kms.katalon.core.webui.keyword.builtin.UploadFileKeyword.uploadFile(UploadFileKeyword.groovy:87)
	at com.kms.katalon.core.webui.keyword.builtin.UploadFileKeyword.execute(UploadFileKeyword.groovy:68)
	at com.kms.katalon.core.keyword.internal.KeywordExecutor.executeKeywordForPlatform(KeywordExecutor.groovy:72)
	at com.kms.katalon.core.webui.keyword.WebUiBuiltInKeywords.uploadFile(WebUiBuiltInKeywords.groovy:2945)
	at com.kms.katalon.core.webui.keyword.WebUiBuiltInKeywords$uploadFile$6.call(Unknown Source)
	at deleteandupload1.run(deleteandupload1:60)
	at com.kms.katalon.core.main.ScriptEngine.run(ScriptEngine.java:194)
	at com.kms.katalon.core.main.ScriptEngine.runScriptAsRawText(ScriptEngine.java:119)
	at com.kms.katalon.core.main.TestCaseExecutor.runScript(TestCaseExecutor.java:337)
	at com.kms.katalon.core.main.TestCaseExecutor.doExecute(TestCaseExecutor.java:328)
	at com.kms.katalon.core.main.TestCaseExecutor.processExecutionPhase(TestCaseExecutor.java:307)
	at com.kms.katalon.core.main.TestCaseExecutor.accessMainPhase(TestCaseExecutor.java:299)
	at com.kms.katalon.core.main.TestCaseExecutor.execute(TestCaseExecutor.java:233)
	at com.kms.katalon.core.main.TestSuiteExecutor.accessTestCaseMainPhase(TestSuiteExecutor.java:169)
	at com.kms.katalon.core.main.TestSuiteExecutor.accessTestSuiteMainPhase(TestSuiteExecutor.java:142)
	at com.kms.katalon.core.main.TestSuiteExecutor.execute(TestSuiteExecutor.java:91)
	at com.kms.katalon.core.main.TestCaseMain.startTestSuite(TestCaseMain.java:157)
	at com.kms.katalon.core.main.TestCaseMain$startTestSuite$0.call(Unknown Source)
	at TempTestSuite1579163172385.run(TempTestSuite1579163172385.groovy:36)
Caused by: com.kms.katalon.core.webui.exception.WebElementNotFoundException: Web element with id: 'Object Repository/Naukri/UploadResumeButton' located by 'By.xpath: //input[@type = 'file' and @id = 'attachCV']' not found
	at com.kms.katalon.core.webui.common.WebUiCommonHelper.findWebElement(WebUiCommonHelper.java:1154)
	at com.kms.katalon.core.webui.keyword.internal.WebUIAbstractKeyword.findWebElement(WebUIAbstractKeyword.groovy:27)
	at com.kms.katalon.core.webui.keyword.internal.WebUIAbstractKeyword.findWebElement(WebUIAbstractKeyword.groovy:26)
	at com.kms.katalon.core.webui.keyword.builtin.UploadFileKeyword$_uploadFile_closure1.doCall(UploadFileKeyword.groovy:79)
	at com.kms.katalon.core.webui.keyword.builtin.UploadFileKeyword$_uploadFile_closure1.call(UploadFileKeyword.groovy)
	at com.kms.katalon.core.webui.keyword.internal.WebUIKeywordMain.runKeyword(WebUIKeywordMain.groovy:20)
	at com.kms.katalon.core.webui.keyword.builtin.UploadFileKeyword.uploadFile(UploadFileKeyword.groovy:87)
	at com.kms.katalon.core.webui.keyword.builtin.UploadFileKeyword.execute(UploadFileKeyword.groovy:68)
	at com.kms.katalon.core.keyword.internal.KeywordExecutor.executeKeywordForPlatform(KeywordExecutor.groovy:72)
	at com.kms.katalon.core.webui.keyword.WebUiBuiltInKeywords.uploadFile(WebUiBuiltInKeywords.groovy:2945)
	at com.kms.katalon.core.webui.keyword.WebUiBuiltInKeywords$uploadFile$6.call(Unknown Source)
	at Script1576031521680.run(Script1576031521680.groovy:60)
	... 13 more
)
[[ATTACHMENT|C:\\Users\\chandu.t\\Katalon Studio\\NJS_Chandu\\Reports\\20200116_135612\\NJS_Chandu\\20200116_135612\\1579163454409.png]]]]></system-out>
         <system-err><![CDATA[2020-01-16 13:59:14 - [TEST_CASE][FAILED] - Test Cases/Naukri/deleteandupload1: Test Cases/Naukri/deleteandupload1 FAILED.
Reason:
com.kms.katalon.core.exception.StepFailedException: Unable to upload file 'D:\chanduR\Chandu_Thota_QA_Engineer1.docx' to object 'Object Repository/Naukri/UploadResumeButton'
	at com.kms.katalon.core.webui.keyword.internal.WebUIKeywordMain.stepFailed(WebUIKeywordMain.groovy:64)
	at com.kms.katalon.core.webui.keyword.internal.WebUIKeywordMain.runKeyword(WebUIKeywordMain.groovy:26)
	at com.kms.katalon.core.webui.keyword.builtin.UploadFileKeyword.uploadFile(UploadFileKeyword.groovy:87)
	at com.kms.katalon.core.webui.keyword.builtin.UploadFileKeyword.execute(UploadFileKeyword.groovy:68)
	at com.kms.katalon.core.keyword.internal.KeywordExecutor.executeKeywordForPlatform(KeywordExecutor.groovy:72)
	at com.kms.katalon.core.webui.keyword.WebUiBuiltInKeywords.uploadFile(WebUiBuiltInKeywords.groovy:2945)
	at com.kms.katalon.core.webui.keyword.WebUiBuiltInKeywords$uploadFile$6.call(Unknown Source)
	at deleteandupload1.run(deleteandupload1:60)
	at com.kms.katalon.core.main.ScriptEngine.run(ScriptEngine.java:194)
	at com.kms.katalon.core.main.ScriptEngine.runScriptAsRawText(ScriptEngine.java:119)
	at com.kms.katalon.core.main.TestCaseExecutor.runScript(TestCaseExecutor.java:337)
	at com.kms.katalon.core.main.TestCaseExecutor.doExecute(TestCaseExecutor.java:328)
	at com.kms.katalon.core.main.TestCaseExecutor.processExecutionPhase(TestCaseExecutor.java:307)
	at com.kms.katalon.core.main.TestCaseExecutor.accessMainPhase(TestCaseExecutor.java:299)
	at com.kms.katalon.core.main.TestCaseExecutor.execute(TestCaseExecutor.java:233)
	at com.kms.katalon.core.main.TestSuiteExecutor.accessTestCaseMainPhase(TestSuiteExecutor.java:169)
	at com.kms.katalon.core.main.TestSuiteExecutor.accessTestSuiteMainPhase(TestSuiteExecutor.java:142)
	at com.kms.katalon.core.main.TestSuiteExecutor.execute(TestSuiteExecutor.java:91)
	at com.kms.katalon.core.main.TestCaseMain.startTestSuite(TestCaseMain.java:157)
	at com.kms.katalon.core.main.TestCaseMain$startTestSuite$0.call(Unknown Source)
	at TempTestSuite1579163172385.run(TempTestSuite1579163172385.groovy:36)
Caused by: com.kms.katalon.core.webui.exception.WebElementNotFoundException: Web element with id: 'Object Repository/Naukri/UploadResumeButton' located by 'By.xpath: //input[@type = 'file' and @id = 'attachCV']' not found
	at com.kms.katalon.core.webui.common.WebUiCommonHelper.findWebElement(WebUiCommonHelper.java:1154)
	at com.kms.katalon.core.webui.keyword.internal.WebUIAbstractKeyword.findWebElement(WebUIAbstractKeyword.groovy:27)
	at com.kms.katalon.core.webui.keyword.internal.WebUIAbstractKeyword.findWebElement(WebUIAbstractKeyword.groovy:26)
	at com.kms.katalon.core.webui.keyword.builtin.UploadFileKeyword$_uploadFile_closure1.doCall(UploadFileKeyword.groovy:79)
	at com.kms.katalon.core.webui.keyword.builtin.UploadFileKeyword$_uploadFile_closure1.call(UploadFileKeyword.groovy)
	at com.kms.katalon.core.webui.keyword.internal.WebUIKeywordMain.runKeyword(WebUIKeywordMain.groovy:20)
	... 19 more]]></system-err>
      </testcase>
      <system-out><![CDATA[2020-01-16 13:56:16 - [TEST_SUITE][FAILED] - NJS_Chandu: Test Cases/Naukri/deleteandupload1 FAILED.
Reason:
com.kms.katalon.core.exception.StepFailedException: Unable to upload file 'D:\chanduR\Chandu_Thota_QA_Engineer1.docx' to object 'Object Repository/Naukri/UploadResumeButton'
	at com.kms.katalon.core.webui.keyword.internal.WebUIKeywordMain.stepFailed(WebUIKeywordMain.groovy:64)
	at com.kms.katalon.core.webui.keyword.internal.WebUIKeywordMain.runKeyword(WebUIKeywordMain.groovy:26)
	at com.kms.katalon.core.webui.keyword.builtin.UploadFileKeyword.uploadFile(UploadFileKeyword.groovy:87)
	at com.kms.katalon.core.webui.keyword.builtin.UploadFileKeyword.execute(UploadFileKeyword.groovy:68)
	at com.kms.katalon.core.keyword.internal.KeywordExecutor.executeKeywordForPlatform(KeywordExecutor.groovy:72)
	at com.kms.katalon.core.webui.keyword.WebUiBuiltInKeywords.uploadFile(WebUiBuiltInKeywords.groovy:2945)
	at com.kms.katalon.core.webui.keyword.WebUiBuiltInKeywords$uploadFile$6.call(Unknown Source)
	at deleteandupload1.run(deleteandupload1:60)
	at com.kms.katalon.core.main.ScriptEngine.run(ScriptEngine.java:194)
	at com.kms.katalon.core.main.ScriptEngine.runScriptAsRawText(ScriptEngine.java:119)
	at com.kms.katalon.core.main.TestCaseExecutor.runScript(TestCaseExecutor.java:337)
	at com.kms.katalon.core.main.TestCaseExecutor.doExecute(TestCaseExecutor.java:328)
	at com.kms.katalon.core.main.TestCaseExecutor.processExecutionPhase(TestCaseExecutor.java:307)
	at com.kms.katalon.core.main.TestCaseExecutor.accessMainPhase(TestCaseExecutor.java:299)
	at com.kms.katalon.core.main.TestCaseExecutor.execute(TestCaseExecutor.java:233)
	at com.kms.katalon.core.main.TestSuiteExecutor.accessTestCaseMainPhase(TestSuiteExecutor.java:169)
	at com.kms.katalon.core.main.TestSuiteExecutor.accessTestSuiteMainPhase(TestSuiteExecutor.java:142)
	at com.kms.katalon.core.main.TestSuiteExecutor.execute(TestSuiteExecutor.java:91)
	at com.kms.katalon.core.main.TestCaseMain.startTestSuite(TestCaseMain.java:157)
	at com.kms.katalon.core.main.TestCaseMain$startTestSuite$0.call(Unknown Source)
	at TempTestSuite1579163172385.run(TempTestSuite1579163172385.groovy:36)
Caused by: com.kms.katalon.core.webui.exception.WebElementNotFoundException: Web element with id: 'Object Repository/Naukri/UploadResumeButton' located by 'By.xpath: //input[@type = 'file' and @id = 'attachCV']' not found
	at com.kms.katalon.core.webui.common.WebUiCommonHelper.findWebElement(WebUiCommonHelper.java:1154)
	at com.kms.katalon.core.webui.keyword.internal.WebUIAbstractKeyword.findWebElement(WebUIAbstractKeyword.groovy:27)
	at com.kms.katalon.core.webui.keyword.internal.WebUIAbstractKeyword.findWebElement(WebUIAbstractKeyword.groovy:26)
	at com.kms.katalon.core.webui.keyword.builtin.UploadFileKeyword$_uploadFile_closure1.doCall(UploadFileKeyword.groovy:79)
	at com.kms.katalon.core.webui.keyword.builtin.UploadFileKeyword$_uploadFile_closure1.call(UploadFileKeyword.groovy)
	at com.kms.katalon.core.webui.keyword.internal.WebUIKeywordMain.runKeyword(WebUIKeywordMain.groovy:20)
	... 19 more]]></system-out>
      <system-err><![CDATA[2020-01-16 13:56:16 - [TEST_SUITE][FAILED] - NJS_Chandu: Test Cases/Naukri/deleteandupload1 FAILED.
Reason:
com.kms.katalon.core.exception.StepFailedException: Unable to upload file 'D:\chanduR\Chandu_Thota_QA_Engineer1.docx' to object 'Object Repository/Naukri/UploadResumeButton'
	at com.kms.katalon.core.webui.keyword.internal.WebUIKeywordMain.stepFailed(WebUIKeywordMain.groovy:64)
	at com.kms.katalon.core.webui.keyword.internal.WebUIKeywordMain.runKeyword(WebUIKeywordMain.groovy:26)
	at com.kms.katalon.core.webui.keyword.builtin.UploadFileKeyword.uploadFile(UploadFileKeyword.groovy:87)
	at com.kms.katalon.core.webui.keyword.builtin.UploadFileKeyword.execute(UploadFileKeyword.groovy:68)
	at com.kms.katalon.core.keyword.internal.KeywordExecutor.executeKeywordForPlatform(KeywordExecutor.groovy:72)
	at com.kms.katalon.core.webui.keyword.WebUiBuiltInKeywords.uploadFile(WebUiBuiltInKeywords.groovy:2945)
	at com.kms.katalon.core.webui.keyword.WebUiBuiltInKeywords$uploadFile$6.call(Unknown Source)
	at deleteandupload1.run(deleteandupload1:60)
	at com.kms.katalon.core.main.ScriptEngine.run(ScriptEngine.java:194)
	at com.kms.katalon.core.main.ScriptEngine.runScriptAsRawText(ScriptEngine.java:119)
	at com.kms.katalon.core.main.TestCaseExecutor.runScript(TestCaseExecutor.java:337)
	at com.kms.katalon.core.main.TestCaseExecutor.doExecute(TestCaseExecutor.java:328)
	at com.kms.katalon.core.main.TestCaseExecutor.processExecutionPhase(TestCaseExecutor.java:307)
	at com.kms.katalon.core.main.TestCaseExecutor.accessMainPhase(TestCaseExecutor.java:299)
	at com.kms.katalon.core.main.TestCaseExecutor.execute(TestCaseExecutor.java:233)
	at com.kms.katalon.core.main.TestSuiteExecutor.accessTestCaseMainPhase(TestSuiteExecutor.java:169)
	at com.kms.katalon.core.main.TestSuiteExecutor.accessTestSuiteMainPhase(TestSuiteExecutor.java:142)
	at com.kms.katalon.core.main.TestSuiteExecutor.execute(TestSuiteExecutor.java:91)
	at com.kms.katalon.core.main.TestCaseMain.startTestSuite(TestCaseMain.java:157)
	at com.kms.katalon.core.main.TestCaseMain$startTestSuite$0.call(Unknown Source)
	at TempTestSuite1579163172385.run(TempTestSuite1579163172385.groovy:36)
Caused by: com.kms.katalon.core.webui.exception.WebElementNotFoundException: Web element with id: 'Object Repository/Naukri/UploadResumeButton' located by 'By.xpath: //input[@type = 'file' and @id = 'attachCV']' not found
	at com.kms.katalon.core.webui.common.WebUiCommonHelper.findWebElement(WebUiCommonHelper.java:1154)
	at com.kms.katalon.core.webui.keyword.internal.WebUIAbstractKeyword.findWebElement(WebUIAbstractKeyword.groovy:27)
	at com.kms.katalon.core.webui.keyword.internal.WebUIAbstractKeyword.findWebElement(WebUIAbstractKeyword.groovy:26)
	at com.kms.katalon.core.webui.keyword.builtin.UploadFileKeyword$_uploadFile_closure1.doCall(UploadFileKeyword.groovy:79)
	at com.kms.katalon.core.webui.keyword.builtin.UploadFileKeyword$_uploadFile_closure1.call(UploadFileKeyword.groovy)
	at com.kms.katalon.core.webui.keyword.internal.WebUIKeywordMain.runKeyword(WebUIKeywordMain.groovy:20)
	... 19 more]]></system-err>
   </testsuite>
</testsuites>
