<?xml version="1.0" encoding="UTF-8"?>
<testsuites name="NJS_Chandu" time="287.965" tests="3" failures="1" errors="0">
   <testsuite name="NJS_Chandu" tests="3" failures="1" errors="0" time="287.965" timestamp="2020-01-06 15:09:41" hostname="chandu.t - wlpt518.imidomain.com" id="Test Suites/NJS_Chandu">
      <properties>
         <property name="deviceName" value=""/>
         <property name="devicePlatform" value=""/>
         <property name="logFolder" value="C:\\Users\\chandu.t\\Katalon Studio\\NJS_Chandu\\Reports\\20200106_150933\\NJS_Chandu\\20200106_150933"/>
         <property name="logFiles" value="C:\\Users\\chandu.t\\Katalon Studio\\NJS_Chandu\\Reports\\20200106_150933\\NJS_Chandu\\20200106_150933\\execution0.log"/>
         <property name="attachments" value="C:\\Users\\chandu.t\\Katalon Studio\\NJS_Chandu\\Reports\\20200106_150933\\NJS_Chandu\\20200106_150933\\1578303662792.png, C:\\Users\\chandu.t\\Katalon Studio\\NJS_Chandu\\Reports\\20200106_150933\\NJS_Chandu\\20200106_150933\\1578303674620.png, C:\\Users\\chandu.t\\Katalon Studio\\NJS_Chandu\\Reports\\20200106_150933\\NJS_Chandu\\20200106_150933\\1578303685280.png, C:\\Users\\chandu.t\\Katalon Studio\\NJS_Chandu\\Reports\\20200106_150933\\NJS_Chandu\\20200106_150933\\1578303774071.png, C:\\Users\\chandu.t\\Katalon Studio\\NJS_Chandu\\Reports\\20200106_150933\\NJS_Chandu\\20200106_150933\\1578303846235.png, C:\\Users\\chandu.t\\Katalon Studio\\NJS_Chandu\\Reports\\20200106_150933\\NJS_Chandu\\20200106_150933\\1578303857065.png, C:\\Users\\chandu.t\\Katalon Studio\\NJS_Chandu\\Reports\\20200106_150933\\NJS_Chandu\\20200106_150933\\1578303867606.png"/>
         <property name="hostName" value="chandu.t - wlpt518.imidomain.com"/>
         <property name="os" value="Windows 10 64bit"/>
         <property name="katalonVersion" value="7.1.2.1"/>
         <property name="browser" value="Chrome 77.0.3865.75"/>
         <property name="hostAddress" value="10.0.26.179"/>
         <property name="sessionId" value="92476217d54cbe131d9de9e7271cd123"/>
         <property name="seleniumVersion" value="3.141.59"/>
         <property name="proxyInformation" value="ProxyInformation{proxyOption=NO_PROXY, proxyServerType=HTTP, password=, proxyServerAddress=, proxyServerPort=0, executionList=}"/>
         <property name="platform" value="Windows 10"/>
      </properties>
      <testcase name="Test Cases/deleteandupload3" time="104.535" classname="Test Cases/deleteandupload3" status="PASSED">
         <system-out><![CDATA[2020-01-06 15:09:42 - [TEST_CASE][PASSED] - Test Cases/deleteandupload3: Test Cases/deleteandupload3

2020-01-06 15:09:44 - [TEST_STEP][PASSED] - openBrowser(findTestData("LoginDetailsNJS").getValue(1, 3)): Browser is opened with url: 'https://www.naukri.com/'

2020-01-06 15:09:48 - [MESSAGE][INFO] - Starting 'Chrome' driver

2020-01-06 15:09:48 - [MESSAGE][INFO] - User set preference: ['args', '[--incognito]']

2020-01-06 15:09:48 - [MESSAGE][INFO] - Action delay is set to 0 seconds

2020-01-06 15:10:04 - [MESSAGE][PASSED] - Browser is opened with url: 'https://www.naukri.com/'

2020-01-06 15:10:04 - [TEST_STEP][PASSED] - closeWindowIndex(1): Window with index 1 is closed

2020-01-06 15:10:08 - [MESSAGE][PASSED] - Window with index 1 is closed

2020-01-06 15:10:08 - [TEST_STEP][PASSED] - closeWindowIndex(1): Window with index 1 is closed

2020-01-06 15:10:12 - [MESSAGE][PASSED] - Window with index 1 is closed

2020-01-06 15:10:12 - [TEST_STEP][PASSED] - closeWindowIndex(1): Window with index 1 is closed

2020-01-06 15:10:16 - [MESSAGE][PASSED] - Window with index 1 is closed

2020-01-06 15:10:16 - [TEST_STEP][PASSED] - switchToWindowIndex(0): Switched to window with index: '0'

2020-01-06 15:10:16 - [MESSAGE][PASSED] - Switched to window with index: '0'

2020-01-06 15:10:16 - [TEST_STEP][PASSED] - maximizeWindow(): Current window maximized

2020-01-06 15:10:21 - [MESSAGE][PASSED] - Current window maximized

2020-01-06 15:10:21 - [TEST_STEP][PASSED] - click(findTestObject("LoginButton")): Object: 'Object Repository/LoginButton' is clicked on

2020-01-06 15:10:21 - [MESSAGE][PASSED] - Object: 'Object Repository/LoginButton' is clicked on

2020-01-06 15:10:21 - [TEST_STEP][PASSED] - click(findTestObject("GoogleButton")): Object: 'Object Repository/GoogleButton' is clicked on

2020-01-06 15:10:22 - [MESSAGE][PASSED] - Object: 'Object Repository/GoogleButton' is clicked on

2020-01-06 15:10:22 - [TEST_STEP][PASSED] - switchToWindowIndex(1): Switched to window with index: '1'

2020-01-06 15:10:26 - [MESSAGE][PASSED] - Switched to window with index: '1'

2020-01-06 15:10:26 - [TEST_STEP][PASSED] - setText(findTestObject("UserName"), findTestData("LoginDetailsNJS").getValue(2, 3)): Text 'chandut1024@gmail.com' is set on object 'Object Repository/UserName'

2020-01-06 15:10:27 - [MESSAGE][PASSED] - Text 'chandut1024@gmail.com' is set on object 'Object Repository/UserName'

2020-01-06 15:10:27 - [TEST_STEP][PASSED] - click(findTestObject("NextButton")): Object: 'Object Repository/NextButton' is clicked on

2020-01-06 15:10:28 - [MESSAGE][PASSED] - Object: 'Object Repository/NextButton' is clicked on

2020-01-06 15:10:28 - [TEST_STEP][PASSED] - delay(5): Delayed 5 second(s)

2020-01-06 15:10:33 - [MESSAGE][PASSED] - Delayed 5 second(s)

2020-01-06 15:10:33 - [TEST_STEP][PASSED] - setText(findTestObject("Password"), findTestData("LoginDetailsNJS").getValue(3, 3)): Text 'achala$123' is set on object 'Object Repository/Password'

2020-01-06 15:10:34 - [MESSAGE][PASSED] - Text 'achala$123' is set on object 'Object Repository/Password'

2020-01-06 15:10:34 - [TEST_STEP][PASSED] - click(findTestObject("NextButton")): Object: 'Object Repository/NextButton' is clicked on

2020-01-06 15:10:34 - [MESSAGE][PASSED] - Object: 'Object Repository/NextButton' is clicked on

2020-01-06 15:10:34 - [TEST_STEP][PASSED] - switchToWindowIndex(0): Switched to window with index: '0'

2020-01-06 15:10:34 - [MESSAGE][PASSED] - Switched to window with index: '0'

2020-01-06 15:10:34 - [TEST_STEP][PASSED] - delay(10): Delayed 10 second(s)

2020-01-06 15:10:44 - [MESSAGE][PASSED] - Delayed 10 second(s)

2020-01-06 15:10:44 - [TEST_STEP][PASSED] - click(findTestObject("ProfileName")): Object: 'Object Repository/ProfileName' is clicked on

2020-01-06 15:10:45 - [MESSAGE][PASSED] - Object: 'Object Repository/ProfileName' is clicked on

2020-01-06 15:10:45 - [TEST_STEP][PASSED] - click(findTestObject("DeleteResumeButton")): Object: 'Object Repository/DeleteResumeButton' is clicked on

2020-01-06 15:10:47 - [MESSAGE][PASSED] - Object: 'Object Repository/DeleteResumeButton' is clicked on

2020-01-06 15:10:47 - [TEST_STEP][PASSED] - click(findTestObject("DeleteResumeConfirm")): Object: 'Object Repository/DeleteResumeConfirm' is clicked on

2020-01-06 15:10:47 - [MESSAGE][PASSED] - Object: 'Object Repository/DeleteResumeConfirm' is clicked on

2020-01-06 15:10:47 - [TEST_STEP][PASSED] - delay(15): Delayed 15 second(s)

2020-01-06 15:11:02 - [MESSAGE][PASSED] - Delayed 15 second(s)

2020-01-06 15:11:02 - [TEST_STEP][PASSED] - takeScreenshot(): Taking screenshot successfully

2020-01-06 15:11:03 - [MESSAGE][PASSED] - Taking screenshot successfully
[[ATTACHMENT|C:\\Users\\chandu.t\\Katalon Studio\\NJS_Chandu\\Reports\\20200106_150933\\NJS_Chandu\\20200106_150933\\1578303662792.png]]

2020-01-06 15:11:03 - [TEST_STEP][PASSED] - uploadFile(findTestObject("UploadResumeButton"), findTestData("LoginDetailsNJS").getValue(5, 3)): File 'D:\chanduR\Resume33.docx' sent to object: 'Object Repository/UploadResumeButton'

2020-01-06 15:11:04 - [MESSAGE][PASSED] - File 'D:\chanduR\Resume33.docx' sent to object: 'Object Repository/UploadResumeButton'

2020-01-06 15:11:04 - [TEST_STEP][PASSED] - delay(10): Delayed 10 second(s)

2020-01-06 15:11:14 - [MESSAGE][PASSED] - Delayed 10 second(s)

2020-01-06 15:11:14 - [TEST_STEP][NOT_RUN] - click(findTestObject("EditResumeHeadline")): NOT_RUN: click(findTestObject("EditResumeHeadline"))

2020-01-06 15:11:14 - [MESSAGE][NOT_RUN] - NOT_RUN: click(findTestObject("EditResumeHeadline"))

2020-01-06 15:11:14 - [TEST_STEP][NOT_RUN] - setText(findTestObject("ResumeHeadLineText"), "."): NOT_RUN: setText(findTestObject("ResumeHeadLineText"), ".")

2020-01-06 15:11:14 - [MESSAGE][NOT_RUN] - NOT_RUN: setText(findTestObject("ResumeHeadLineText"), ".")

2020-01-06 15:11:14 - [TEST_STEP][NOT_RUN] - click(findTestObject("SaveResumeHeadLineButton")): NOT_RUN: click(findTestObject("SaveResumeHeadLineButton"))

2020-01-06 15:11:14 - [MESSAGE][NOT_RUN] - NOT_RUN: click(findTestObject("SaveResumeHeadLineButton"))

2020-01-06 15:11:14 - [TEST_STEP][PASSED] - takeScreenshot(): Taking screenshot successfully

2020-01-06 15:11:15 - [MESSAGE][PASSED] - Taking screenshot successfully
[[ATTACHMENT|C:\\Users\\chandu.t\\Katalon Studio\\NJS_Chandu\\Reports\\20200106_150933\\NJS_Chandu\\20200106_150933\\1578303674620.png]]

2020-01-06 15:11:15 - [TEST_STEP][PASSED] - refresh(): Refresh successfully

2020-01-06 15:11:15 - [MESSAGE][PASSED] - Refresh successfully

2020-01-06 15:11:15 - [TEST_STEP][PASSED] - delay(10): Delayed 10 second(s)

2020-01-06 15:11:25 - [MESSAGE][PASSED] - Delayed 10 second(s)

2020-01-06 15:11:25 - [TEST_STEP][PASSED] - takeScreenshot(): Taking screenshot successfully

2020-01-06 15:11:25 - [MESSAGE][PASSED] - Taking screenshot successfully
[[ATTACHMENT|C:\\Users\\chandu.t\\Katalon Studio\\NJS_Chandu\\Reports\\20200106_150933\\NJS_Chandu\\20200106_150933\\1578303685280.png]]

2020-01-06 15:11:25 - [TEST_STEP][PASSED] - closeBrowser(): Browser is closed

2020-01-06 15:11:26 - [MESSAGE][PASSED] - Browser is closed]]></system-out>
         <system-err><![CDATA[]]></system-err>
      </testcase>
      <testcase name="Test Cases/deleteandupload2" time="87.641" classname="Test Cases/deleteandupload2" status="FAILED">
         <failure type="FAILED" message="Test Cases/deleteandupload2 FAILED.
Reason:
com.kms.katalon.core.exception.StepFailedException: Unable to click on object 'Object Repository/ProfileName'
	at com.kms.katalon.core.webui.keyword.internal.WebUIKeywordMain.stepFailed(WebUIKeywordMain.groovy:64)
	at com.kms.katalon.core.webui.keyword.internal.WebUIKeywordMain.runKeyword(WebUIKeywordMain.groovy:26)
	at com.kms.katalon.core.webui.keyword.builtin.ClickKeyword.click(ClickKeyword.groovy:102)
	at com.kms.katalon.core.webui.keyword.builtin.ClickKeyword.execute(ClickKeyword.groovy:43)
	at com.kms.katalon.core.keyword.internal.KeywordExecutor.executeKeywordForPlatform(KeywordExecutor.groovy:72)
	at com.kms.katalon.core.webui.keyword.WebUiBuiltInKeywords.click(WebUiBuiltInKeywords.groovy:616)
	at com.kms.katalon.core.webui.keyword.WebUiBuiltInKeywords$click$3.call(Unknown Source)
	at deleteandupload2.run(deleteandupload2:50)
	at com.kms.katalon.core.main.ScriptEngine.run(ScriptEngine.java:194)
	at com.kms.katalon.core.main.ScriptEngine.runScriptAsRawText(ScriptEngine.java:119)
	at com.kms.katalon.core.main.TestCaseExecutor.runScript(TestCaseExecutor.java:337)
	at com.kms.katalon.core.main.TestCaseExecutor.doExecute(TestCaseExecutor.java:328)
	at com.kms.katalon.core.main.TestCaseExecutor.processExecutionPhase(TestCaseExecutor.java:307)
	at com.kms.katalon.core.main.TestCaseExecutor.accessMainPhase(TestCaseExecutor.java:299)
	at com.kms.katalon.core.main.TestCaseExecutor.execute(TestCaseExecutor.java:233)
	at com.kms.katalon.core.main.TestSuiteExecutor.accessTestCaseMainPhase(TestSuiteExecutor.java:169)
	at com.kms.katalon.core.main.TestSuiteExecutor.accessTestSuiteMainPhase(TestSuiteExecutor.java:142)
	at com.kms.katalon.core.main.TestSuiteExecutor.execute(TestSuiteExecutor.java:91)
	at com.kms.katalon.core.main.TestCaseMain.startTestSuite(TestCaseMain.java:157)
	at com.kms.katalon.core.main.TestCaseMain$startTestSuite$0.call(Unknown Source)
	at TempTestSuite1578303573701.run(TempTestSuite1578303573701.groovy:36)
Caused by: com.kms.katalon.core.webui.exception.WebElementNotFoundException: Web element with id: 'Object Repository/ProfileName' located by 'By.xpath: //div[@id='root']/div/div/span/div/div/div/div[2]/div/div[2]/div/div/a/div[2]/div' not found
	at com.kms.katalon.core.webui.common.WebUiCommonHelper.findWebElement(WebUiCommonHelper.java:1154)
	at com.kms.katalon.core.webui.keyword.internal.WebUIAbstractKeyword.findWebElement(WebUIAbstractKeyword.groovy:27)
	at com.kms.katalon.core.webui.keyword.internal.WebUIAbstractKeyword.findWebElement(WebUIAbstractKeyword.groovy:26)
	at com.kms.katalon.core.webui.keyword.builtin.ClickKeyword$_click_closure1.doCall(ClickKeyword.groovy:67)
	at com.kms.katalon.core.webui.keyword.builtin.ClickKeyword$_click_closure1.call(ClickKeyword.groovy)
	at com.kms.katalon.core.webui.keyword.internal.WebUIKeywordMain.runKeyword(WebUIKeywordMain.groovy:20)
	... 19 more
"/>
         <system-out><![CDATA[2020-01-06 15:11:26 - [TEST_CASE][FAILED] - Test Cases/deleteandupload2: Test Cases/deleteandupload2 FAILED.
Reason:
com.kms.katalon.core.exception.StepFailedException: Unable to click on object 'Object Repository/ProfileName'
	at com.kms.katalon.core.webui.keyword.internal.WebUIKeywordMain.stepFailed(WebUIKeywordMain.groovy:64)
	at com.kms.katalon.core.webui.keyword.internal.WebUIKeywordMain.runKeyword(WebUIKeywordMain.groovy:26)
	at com.kms.katalon.core.webui.keyword.builtin.ClickKeyword.click(ClickKeyword.groovy:102)
	at com.kms.katalon.core.webui.keyword.builtin.ClickKeyword.execute(ClickKeyword.groovy:43)
	at com.kms.katalon.core.keyword.internal.KeywordExecutor.executeKeywordForPlatform(KeywordExecutor.groovy:72)
	at com.kms.katalon.core.webui.keyword.WebUiBuiltInKeywords.click(WebUiBuiltInKeywords.groovy:616)
	at com.kms.katalon.core.webui.keyword.WebUiBuiltInKeywords$click$3.call(Unknown Source)
	at deleteandupload2.run(deleteandupload2:50)
	at com.kms.katalon.core.main.ScriptEngine.run(ScriptEngine.java:194)
	at com.kms.katalon.core.main.ScriptEngine.runScriptAsRawText(ScriptEngine.java:119)
	at com.kms.katalon.core.main.TestCaseExecutor.runScript(TestCaseExecutor.java:337)
	at com.kms.katalon.core.main.TestCaseExecutor.doExecute(TestCaseExecutor.java:328)
	at com.kms.katalon.core.main.TestCaseExecutor.processExecutionPhase(TestCaseExecutor.java:307)
	at com.kms.katalon.core.main.TestCaseExecutor.accessMainPhase(TestCaseExecutor.java:299)
	at com.kms.katalon.core.main.TestCaseExecutor.execute(TestCaseExecutor.java:233)
	at com.kms.katalon.core.main.TestSuiteExecutor.accessTestCaseMainPhase(TestSuiteExecutor.java:169)
	at com.kms.katalon.core.main.TestSuiteExecutor.accessTestSuiteMainPhase(TestSuiteExecutor.java:142)
	at com.kms.katalon.core.main.TestSuiteExecutor.execute(TestSuiteExecutor.java:91)
	at com.kms.katalon.core.main.TestCaseMain.startTestSuite(TestCaseMain.java:157)
	at com.kms.katalon.core.main.TestCaseMain$startTestSuite$0.call(Unknown Source)
	at TempTestSuite1578303573701.run(TempTestSuite1578303573701.groovy:36)
Caused by: com.kms.katalon.core.webui.exception.WebElementNotFoundException: Web element with id: 'Object Repository/ProfileName' located by 'By.xpath: //div[@id='root']/div/div/span/div/div/div/div[2]/div/div[2]/div/div/a/div[2]/div' not found
	at com.kms.katalon.core.webui.common.WebUiCommonHelper.findWebElement(WebUiCommonHelper.java:1154)
	at com.kms.katalon.core.webui.keyword.internal.WebUIAbstractKeyword.findWebElement(WebUIAbstractKeyword.groovy:27)
	at com.kms.katalon.core.webui.keyword.internal.WebUIAbstractKeyword.findWebElement(WebUIAbstractKeyword.groovy:26)
	at com.kms.katalon.core.webui.keyword.builtin.ClickKeyword$_click_closure1.doCall(ClickKeyword.groovy:67)
	at com.kms.katalon.core.webui.keyword.builtin.ClickKeyword$_click_closure1.call(ClickKeyword.groovy)
	at com.kms.katalon.core.webui.keyword.internal.WebUIKeywordMain.runKeyword(WebUIKeywordMain.groovy:20)
	... 19 more


2020-01-06 15:11:27 - [TEST_STEP][PASSED] - openBrowser(findTestData("LoginDetailsNJS").getValue(1, 2)): Browser is opened with url: 'https://www.naukri.com/'

2020-01-06 15:11:27 - [MESSAGE][INFO] - Starting 'Chrome' driver

2020-01-06 15:11:27 - [MESSAGE][INFO] - User set preference: ['args', '[--incognito]']

2020-01-06 15:11:38 - [MESSAGE][PASSED] - Browser is opened with url: 'https://www.naukri.com/'

2020-01-06 15:11:38 - [TEST_STEP][PASSED] - closeWindowIndex(1): Window with index 1 is closed

2020-01-06 15:11:43 - [MESSAGE][PASSED] - Window with index 1 is closed

2020-01-06 15:11:43 - [TEST_STEP][PASSED] - closeWindowIndex(1): Window with index 1 is closed

2020-01-06 15:11:47 - [MESSAGE][PASSED] - Window with index 1 is closed

2020-01-06 15:11:47 - [TEST_STEP][PASSED] - closeWindowIndex(1): Window with index 1 is closed

2020-01-06 15:11:51 - [MESSAGE][PASSED] - Window with index 1 is closed

2020-01-06 15:11:51 - [TEST_STEP][PASSED] - switchToWindowIndex(0): Switched to window with index: '0'

2020-01-06 15:11:51 - [MESSAGE][PASSED] - Switched to window with index: '0'

2020-01-06 15:11:51 - [TEST_STEP][PASSED] - maximizeWindow(): Current window maximized

2020-01-06 15:11:55 - [MESSAGE][PASSED] - Current window maximized

2020-01-06 15:11:55 - [TEST_STEP][PASSED] - click(findTestObject("LoginButton")): Object: 'Object Repository/LoginButton' is clicked on

2020-01-06 15:11:56 - [MESSAGE][PASSED] - Object: 'Object Repository/LoginButton' is clicked on

2020-01-06 15:11:56 - [TEST_STEP][PASSED] - click(findTestObject("GoogleButton")): Object: 'Object Repository/GoogleButton' is clicked on

2020-01-06 15:11:57 - [MESSAGE][PASSED] - Object: 'Object Repository/GoogleButton' is clicked on

2020-01-06 15:11:57 - [TEST_STEP][PASSED] - switchToWindowIndex(1): Switched to window with index: '1'

2020-01-06 15:12:01 - [MESSAGE][PASSED] - Switched to window with index: '1'

2020-01-06 15:12:01 - [TEST_STEP][PASSED] - setText(findTestObject("UserName"), findTestData("LoginDetailsNJS").getValue(2, 2)): Text 'chanduthota371@gmail.com' is set on object 'Object Repository/UserName'

2020-01-06 15:12:03 - [MESSAGE][PASSED] - Text 'chanduthota371@gmail.com' is set on object 'Object Repository/UserName'

2020-01-06 15:12:03 - [TEST_STEP][PASSED] - click(findTestObject("NextButton")): Object: 'Object Repository/NextButton' is clicked on

2020-01-06 15:12:04 - [MESSAGE][PASSED] - Object: 'Object Repository/NextButton' is clicked on

2020-01-06 15:12:04 - [TEST_STEP][PASSED] - delay(5): Delayed 5 second(s)

2020-01-06 15:12:09 - [MESSAGE][PASSED] - Delayed 5 second(s)

2020-01-06 15:12:09 - [TEST_STEP][PASSED] - setText(findTestObject("Password"), findTestData("LoginDetailsNJS").getValue(3, 2)): Text 'achala$123' is set on object 'Object Repository/Password'

2020-01-06 15:12:10 - [MESSAGE][PASSED] - Text 'achala$123' is set on object 'Object Repository/Password'

2020-01-06 15:12:10 - [TEST_STEP][PASSED] - click(findTestObject("NextButton")): Object: 'Object Repository/NextButton' is clicked on

2020-01-06 15:12:10 - [MESSAGE][PASSED] - Object: 'Object Repository/NextButton' is clicked on

2020-01-06 15:12:10 - [TEST_STEP][PASSED] - switchToWindowIndex(0): Switched to window with index: '0'

2020-01-06 15:12:10 - [MESSAGE][PASSED] - Switched to window with index: '0'

2020-01-06 15:12:10 - [TEST_STEP][PASSED] - delay(10): Delayed 10 second(s)

2020-01-06 15:12:20 - [MESSAGE][PASSED] - Delayed 10 second(s)

2020-01-06 15:12:20 - [TEST_STEP][FAILED] - click(findTestObject("ProfileName")): Unable to click on object 'Object Repository/ProfileName' (Root cause: com.kms.katalon.core.exception.StepFailedException: Unable to click on object 'Object Repository/ProfileName'
	at com.kms.katalon.core.webui.keyword.internal.WebUIKeywordMain.stepFailed(WebUIKeywordMain.groovy:64)
	at com.kms.katalon.core.webui.keyword.internal.WebUIKeywordMain.runKeyword(WebUIKeywordMain.groovy:26)
	at com.kms.katalon.core.webui.keyword.builtin.ClickKeyword.click(ClickKeyword.groovy:102)
	at com.kms.katalon.core.webui.keyword.builtin.ClickKeyword.execute(ClickKeyword.groovy:43)
	at com.kms.katalon.core.keyword.internal.KeywordExecutor.executeKeywordForPlatform(KeywordExecutor.groovy:72)
	at com.kms.katalon.core.webui.keyword.WebUiBuiltInKeywords.click(WebUiBuiltInKeywords.groovy:616)
	at com.kms.katalon.core.webui.keyword.WebUiBuiltInKeywords$click$3.call(Unknown Source)
	at deleteandupload2.run(deleteandupload2:50)
	at com.kms.katalon.core.main.ScriptEngine.run(ScriptEngine.java:194)
	at com.kms.katalon.core.main.ScriptEngine.runScriptAsRawText(ScriptEngine.java:119)
	at com.kms.katalon.core.main.TestCaseExecutor.runScript(TestCaseExecutor.java:337)
	at com.kms.katalon.core.main.TestCaseExecutor.doExecute(TestCaseExecutor.java:328)
	at com.kms.katalon.core.main.TestCaseExecutor.processExecutionPhase(TestCaseExecutor.java:307)
	at com.kms.katalon.core.main.TestCaseExecutor.accessMainPhase(TestCaseExecutor.java:299)
	at com.kms.katalon.core.main.TestCaseExecutor.execute(TestCaseExecutor.java:233)
	at com.kms.katalon.core.main.TestSuiteExecutor.accessTestCaseMainPhase(TestSuiteExecutor.java:169)
	at com.kms.katalon.core.main.TestSuiteExecutor.accessTestSuiteMainPhase(TestSuiteExecutor.java:142)
	at com.kms.katalon.core.main.TestSuiteExecutor.execute(TestSuiteExecutor.java:91)
	at com.kms.katalon.core.main.TestCaseMain.startTestSuite(TestCaseMain.java:157)
	at com.kms.katalon.core.main.TestCaseMain$startTestSuite$0.call(Unknown Source)
	at TempTestSuite1578303573701.run(TempTestSuite1578303573701.groovy:36)
Caused by: com.kms.katalon.core.webui.exception.WebElementNotFoundException: Web element with id: 'Object Repository/ProfileName' located by 'By.xpath: //div[@id='root']/div/div/span/div/div/div/div[2]/div/div[2]/div/div/a/div[2]/div' not found
	at com.kms.katalon.core.webui.common.WebUiCommonHelper.findWebElement(WebUiCommonHelper.java:1154)
	at com.kms.katalon.core.webui.keyword.internal.WebUIAbstractKeyword.findWebElement(WebUIAbstractKeyword.groovy:27)
	at com.kms.katalon.core.webui.keyword.internal.WebUIAbstractKeyword.findWebElement(WebUIAbstractKeyword.groovy:26)
	at com.kms.katalon.core.webui.keyword.builtin.ClickKeyword$_click_closure1.doCall(ClickKeyword.groovy:67)
	at com.kms.katalon.core.webui.keyword.builtin.ClickKeyword$_click_closure1.call(ClickKeyword.groovy)
	at com.kms.katalon.core.webui.keyword.internal.WebUIKeywordMain.runKeyword(WebUIKeywordMain.groovy:20)
	at com.kms.katalon.core.webui.keyword.builtin.ClickKeyword.click(ClickKeyword.groovy:102)
	at com.kms.katalon.core.webui.keyword.builtin.ClickKeyword.execute(ClickKeyword.groovy:43)
	at com.kms.katalon.core.keyword.internal.KeywordExecutor.executeKeywordForPlatform(KeywordExecutor.groovy:72)
	at com.kms.katalon.core.webui.keyword.WebUiBuiltInKeywords.click(WebUiBuiltInKeywords.groovy:616)
	at com.kms.katalon.core.webui.keyword.WebUiBuiltInKeywords$click$3.call(Unknown Source)
	at Script1576031534848.run(Script1576031534848.groovy:50)
	... 13 more
)

2020-01-06 15:12:53 - [MESSAGE][INFO] - Unable to find the element located by 'By.xpath: //div[@id='root']/div/div/span/div/div/div/div[2]/div/div[2]/div/div/a/div[2]/div'. Please recheck the objects properties to make sure the desired element is located. 

2020-01-06 15:12:53 - [MESSAGE][INFO] - [SMART_XPATH] Auto-trying out other XPath values in the test object.

2020-01-06 15:12:53 - [MESSAGE][INFO] - [SMART_XPATH] FAILED XPATH: '//div[@id='root']/div/div/span/div/div/div/div[2]/div/div[2]/div/div/a/div[2]/div'.

2020-01-06 15:12:53 - [MESSAGE][INFO] - [SMART_XPATH] FAILED XPATH: '(.//*[normalize-space(text()) and normalize-space(.)='View All'])[5]/following::div[7]'.

2020-01-06 15:12:53 - [MESSAGE][INFO] - [SMART_XPATH] FAILED XPATH: '(.//*[normalize-space(text()) and normalize-space(.)='BUY CREDITS'])[1]/following::div[8]'.

2020-01-06 15:12:54 - [MESSAGE][INFO] - [SMART_XPATH] FAILED XPATH: '(.//*[normalize-space(text()) and normalize-space(.)='Testing Engineer'])[1]/preceding::div[1]'.

2020-01-06 15:12:54 - [MESSAGE][INFO] - [SMART_XPATH] FAILED XPATH: '//a/div[2]/div'.

2020-01-06 15:12:54 - [MESSAGE][INFO] - [SMART_XPATH] No working XPath is found.

2020-01-06 15:12:54 - [MESSAGE][FAILED] - Unable to click on object 'Object Repository/ProfileName' (Root cause: com.kms.katalon.core.exception.StepFailedException: Unable to click on object 'Object Repository/ProfileName'
	at com.kms.katalon.core.webui.keyword.internal.WebUIKeywordMain.stepFailed(WebUIKeywordMain.groovy:64)
	at com.kms.katalon.core.webui.keyword.internal.WebUIKeywordMain.runKeyword(WebUIKeywordMain.groovy:26)
	at com.kms.katalon.core.webui.keyword.builtin.ClickKeyword.click(ClickKeyword.groovy:102)
	at com.kms.katalon.core.webui.keyword.builtin.ClickKeyword.execute(ClickKeyword.groovy:43)
	at com.kms.katalon.core.keyword.internal.KeywordExecutor.executeKeywordForPlatform(KeywordExecutor.groovy:72)
	at com.kms.katalon.core.webui.keyword.WebUiBuiltInKeywords.click(WebUiBuiltInKeywords.groovy:616)
	at com.kms.katalon.core.webui.keyword.WebUiBuiltInKeywords$click$3.call(Unknown Source)
	at deleteandupload2.run(deleteandupload2:50)
	at com.kms.katalon.core.main.ScriptEngine.run(ScriptEngine.java:194)
	at com.kms.katalon.core.main.ScriptEngine.runScriptAsRawText(ScriptEngine.java:119)
	at com.kms.katalon.core.main.TestCaseExecutor.runScript(TestCaseExecutor.java:337)
	at com.kms.katalon.core.main.TestCaseExecutor.doExecute(TestCaseExecutor.java:328)
	at com.kms.katalon.core.main.TestCaseExecutor.processExecutionPhase(TestCaseExecutor.java:307)
	at com.kms.katalon.core.main.TestCaseExecutor.accessMainPhase(TestCaseExecutor.java:299)
	at com.kms.katalon.core.main.TestCaseExecutor.execute(TestCaseExecutor.java:233)
	at com.kms.katalon.core.main.TestSuiteExecutor.accessTestCaseMainPhase(TestSuiteExecutor.java:169)
	at com.kms.katalon.core.main.TestSuiteExecutor.accessTestSuiteMainPhase(TestSuiteExecutor.java:142)
	at com.kms.katalon.core.main.TestSuiteExecutor.execute(TestSuiteExecutor.java:91)
	at com.kms.katalon.core.main.TestCaseMain.startTestSuite(TestCaseMain.java:157)
	at com.kms.katalon.core.main.TestCaseMain$startTestSuite$0.call(Unknown Source)
	at TempTestSuite1578303573701.run(TempTestSuite1578303573701.groovy:36)
Caused by: com.kms.katalon.core.webui.exception.WebElementNotFoundException: Web element with id: 'Object Repository/ProfileName' located by 'By.xpath: //div[@id='root']/div/div/span/div/div/div/div[2]/div/div[2]/div/div/a/div[2]/div' not found
	at com.kms.katalon.core.webui.common.WebUiCommonHelper.findWebElement(WebUiCommonHelper.java:1154)
	at com.kms.katalon.core.webui.keyword.internal.WebUIAbstractKeyword.findWebElement(WebUIAbstractKeyword.groovy:27)
	at com.kms.katalon.core.webui.keyword.internal.WebUIAbstractKeyword.findWebElement(WebUIAbstractKeyword.groovy:26)
	at com.kms.katalon.core.webui.keyword.builtin.ClickKeyword$_click_closure1.doCall(ClickKeyword.groovy:67)
	at com.kms.katalon.core.webui.keyword.builtin.ClickKeyword$_click_closure1.call(ClickKeyword.groovy)
	at com.kms.katalon.core.webui.keyword.internal.WebUIKeywordMain.runKeyword(WebUIKeywordMain.groovy:20)
	at com.kms.katalon.core.webui.keyword.builtin.ClickKeyword.click(ClickKeyword.groovy:102)
	at com.kms.katalon.core.webui.keyword.builtin.ClickKeyword.execute(ClickKeyword.groovy:43)
	at com.kms.katalon.core.keyword.internal.KeywordExecutor.executeKeywordForPlatform(KeywordExecutor.groovy:72)
	at com.kms.katalon.core.webui.keyword.WebUiBuiltInKeywords.click(WebUiBuiltInKeywords.groovy:616)
	at com.kms.katalon.core.webui.keyword.WebUiBuiltInKeywords$click$3.call(Unknown Source)
	at Script1576031534848.run(Script1576031534848.groovy:50)
	... 13 more
)
[[ATTACHMENT|C:\\Users\\chandu.t\\Katalon Studio\\NJS_Chandu\\Reports\\20200106_150933\\NJS_Chandu\\20200106_150933\\1578303774071.png]]]]></system-out>
         <system-err><![CDATA[2020-01-06 15:11:26 - [TEST_CASE][FAILED] - Test Cases/deleteandupload2: Test Cases/deleteandupload2 FAILED.
Reason:
com.kms.katalon.core.exception.StepFailedException: Unable to click on object 'Object Repository/ProfileName'
	at com.kms.katalon.core.webui.keyword.internal.WebUIKeywordMain.stepFailed(WebUIKeywordMain.groovy:64)
	at com.kms.katalon.core.webui.keyword.internal.WebUIKeywordMain.runKeyword(WebUIKeywordMain.groovy:26)
	at com.kms.katalon.core.webui.keyword.builtin.ClickKeyword.click(ClickKeyword.groovy:102)
	at com.kms.katalon.core.webui.keyword.builtin.ClickKeyword.execute(ClickKeyword.groovy:43)
	at com.kms.katalon.core.keyword.internal.KeywordExecutor.executeKeywordForPlatform(KeywordExecutor.groovy:72)
	at com.kms.katalon.core.webui.keyword.WebUiBuiltInKeywords.click(WebUiBuiltInKeywords.groovy:616)
	at com.kms.katalon.core.webui.keyword.WebUiBuiltInKeywords$click$3.call(Unknown Source)
	at deleteandupload2.run(deleteandupload2:50)
	at com.kms.katalon.core.main.ScriptEngine.run(ScriptEngine.java:194)
	at com.kms.katalon.core.main.ScriptEngine.runScriptAsRawText(ScriptEngine.java:119)
	at com.kms.katalon.core.main.TestCaseExecutor.runScript(TestCaseExecutor.java:337)
	at com.kms.katalon.core.main.TestCaseExecutor.doExecute(TestCaseExecutor.java:328)
	at com.kms.katalon.core.main.TestCaseExecutor.processExecutionPhase(TestCaseExecutor.java:307)
	at com.kms.katalon.core.main.TestCaseExecutor.accessMainPhase(TestCaseExecutor.java:299)
	at com.kms.katalon.core.main.TestCaseExecutor.execute(TestCaseExecutor.java:233)
	at com.kms.katalon.core.main.TestSuiteExecutor.accessTestCaseMainPhase(TestSuiteExecutor.java:169)
	at com.kms.katalon.core.main.TestSuiteExecutor.accessTestSuiteMainPhase(TestSuiteExecutor.java:142)
	at com.kms.katalon.core.main.TestSuiteExecutor.execute(TestSuiteExecutor.java:91)
	at com.kms.katalon.core.main.TestCaseMain.startTestSuite(TestCaseMain.java:157)
	at com.kms.katalon.core.main.TestCaseMain$startTestSuite$0.call(Unknown Source)
	at TempTestSuite1578303573701.run(TempTestSuite1578303573701.groovy:36)
Caused by: com.kms.katalon.core.webui.exception.WebElementNotFoundException: Web element with id: 'Object Repository/ProfileName' located by 'By.xpath: //div[@id='root']/div/div/span/div/div/div/div[2]/div/div[2]/div/div/a/div[2]/div' not found
	at com.kms.katalon.core.webui.common.WebUiCommonHelper.findWebElement(WebUiCommonHelper.java:1154)
	at com.kms.katalon.core.webui.keyword.internal.WebUIAbstractKeyword.findWebElement(WebUIAbstractKeyword.groovy:27)
	at com.kms.katalon.core.webui.keyword.internal.WebUIAbstractKeyword.findWebElement(WebUIAbstractKeyword.groovy:26)
	at com.kms.katalon.core.webui.keyword.builtin.ClickKeyword$_click_closure1.doCall(ClickKeyword.groovy:67)
	at com.kms.katalon.core.webui.keyword.builtin.ClickKeyword$_click_closure1.call(ClickKeyword.groovy)
	at com.kms.katalon.core.webui.keyword.internal.WebUIKeywordMain.runKeyword(WebUIKeywordMain.groovy:20)
	... 19 more]]></system-err>
      </testcase>
      <testcase name="Test Cases/deleteandupload1" time="94.461" classname="Test Cases/deleteandupload1" status="PASSED">
         <system-out><![CDATA[2020-01-06 15:12:54 - [TEST_CASE][PASSED] - Test Cases/deleteandupload1: Test Cases/deleteandupload1

2020-01-06 15:12:55 - [TEST_STEP][PASSED] - openBrowser(findTestData("LoginDetailsNJS").getValue(1, 1)): Browser is opened with url: 'https://www.naukri.com/'

2020-01-06 15:12:55 - [MESSAGE][WARNING] - A browser is already opened. Closing browser and opening a new one

2020-01-06 15:12:56 - [MESSAGE][INFO] - Starting 'Chrome' driver

2020-01-06 15:12:56 - [MESSAGE][INFO] - User set preference: ['args', '[--incognito]']

2020-01-06 15:13:07 - [MESSAGE][PASSED] - Browser is opened with url: 'https://www.naukri.com/'

2020-01-06 15:13:07 - [TEST_STEP][PASSED] - closeWindowIndex(1): Window with index 1 is closed

2020-01-06 15:13:12 - [MESSAGE][PASSED] - Window with index 1 is closed

2020-01-06 15:13:12 - [TEST_STEP][PASSED] - closeWindowIndex(1): Window with index 1 is closed

2020-01-06 15:13:16 - [MESSAGE][PASSED] - Window with index 1 is closed

2020-01-06 15:13:16 - [TEST_STEP][PASSED] - closeWindowIndex(1): Window with index 1 is closed

2020-01-06 15:13:20 - [MESSAGE][PASSED] - Window with index 1 is closed

2020-01-06 15:13:20 - [TEST_STEP][PASSED] - switchToWindowIndex(0): Switched to window with index: '0'

2020-01-06 15:13:20 - [MESSAGE][PASSED] - Switched to window with index: '0'

2020-01-06 15:13:20 - [TEST_STEP][PASSED] - maximizeWindow(): Current window maximized

2020-01-06 15:13:24 - [MESSAGE][PASSED] - Current window maximized

2020-01-06 15:13:24 - [TEST_STEP][PASSED] - click(findTestObject("LoginButton")): Object: 'Object Repository/LoginButton' is clicked on

2020-01-06 15:13:25 - [MESSAGE][PASSED] - Object: 'Object Repository/LoginButton' is clicked on

2020-01-06 15:13:25 - [TEST_STEP][PASSED] - click(findTestObject("GoogleButton")): Object: 'Object Repository/GoogleButton' is clicked on

2020-01-06 15:13:26 - [MESSAGE][PASSED] - Object: 'Object Repository/GoogleButton' is clicked on

2020-01-06 15:13:26 - [TEST_STEP][PASSED] - switchToWindowIndex(1): Switched to window with index: '1'

2020-01-06 15:13:30 - [MESSAGE][PASSED] - Switched to window with index: '1'

2020-01-06 15:13:30 - [TEST_STEP][PASSED] - setText(findTestObject("UserName"), findTestData("LoginDetailsNJS").getValue(2, 1)): Text 'thota.chandu1@gmail.com' is set on object 'Object Repository/UserName'

2020-01-06 15:13:31 - [MESSAGE][PASSED] - Text 'thota.chandu1@gmail.com' is set on object 'Object Repository/UserName'

2020-01-06 15:13:31 - [TEST_STEP][PASSED] - click(findTestObject("NextButton")): Object: 'Object Repository/NextButton' is clicked on

2020-01-06 15:13:32 - [MESSAGE][PASSED] - Object: 'Object Repository/NextButton' is clicked on

2020-01-06 15:13:32 - [TEST_STEP][PASSED] - delay(5): Delayed 5 second(s)

2020-01-06 15:13:37 - [MESSAGE][PASSED] - Delayed 5 second(s)

2020-01-06 15:13:37 - [TEST_STEP][PASSED] - setText(findTestObject("Password"), findTestData("LoginDetailsNJS").getValue(3, 1)): Text 'achala$123' is set on object 'Object Repository/Password'

2020-01-06 15:13:38 - [MESSAGE][PASSED] - Text 'achala$123' is set on object 'Object Repository/Password'

2020-01-06 15:13:38 - [TEST_STEP][PASSED] - click(findTestObject("NextButton")): Object: 'Object Repository/NextButton' is clicked on

2020-01-06 15:13:38 - [MESSAGE][PASSED] - Object: 'Object Repository/NextButton' is clicked on

2020-01-06 15:13:38 - [TEST_STEP][PASSED] - switchToWindowIndex(0): Switched to window with index: '0'

2020-01-06 15:13:38 - [MESSAGE][PASSED] - Switched to window with index: '0'

2020-01-06 15:13:38 - [TEST_STEP][PASSED] - delay(10): Delayed 10 second(s)

2020-01-06 15:13:48 - [MESSAGE][PASSED] - Delayed 10 second(s)

2020-01-06 15:13:48 - [TEST_STEP][PASSED] - click(findTestObject("ProfileName")): Object: 'Object Repository/ProfileName' is clicked on

2020-01-06 15:13:49 - [MESSAGE][PASSED] - Object: 'Object Repository/ProfileName' is clicked on

2020-01-06 15:13:49 - [TEST_STEP][PASSED] - click(findTestObject("DeleteResumeButton")): Object: 'Object Repository/DeleteResumeButton' is clicked on

2020-01-06 15:13:50 - [MESSAGE][PASSED] - Object: 'Object Repository/DeleteResumeButton' is clicked on

2020-01-06 15:13:50 - [TEST_STEP][PASSED] - click(findTestObject("DeleteResumeConfirm")): Object: 'Object Repository/DeleteResumeConfirm' is clicked on

2020-01-06 15:13:51 - [MESSAGE][PASSED] - Object: 'Object Repository/DeleteResumeConfirm' is clicked on

2020-01-06 15:13:51 - [TEST_STEP][PASSED] - delay(15): Delayed 15 second(s)

2020-01-06 15:14:06 - [MESSAGE][PASSED] - Delayed 15 second(s)

2020-01-06 15:14:06 - [TEST_STEP][PASSED] - takeScreenshot(): Taking screenshot successfully

2020-01-06 15:14:06 - [MESSAGE][PASSED] - Taking screenshot successfully
[[ATTACHMENT|C:\\Users\\chandu.t\\Katalon Studio\\NJS_Chandu\\Reports\\20200106_150933\\NJS_Chandu\\20200106_150933\\1578303846235.png]]

2020-01-06 15:14:06 - [TEST_STEP][PASSED] - uploadFile(findTestObject("UploadResumeButton"), findTestData("LoginDetailsNJS").getValue(5, 1)): File 'D:\chanduR\Resume11.docx' sent to object: 'Object Repository/UploadResumeButton'

2020-01-06 15:14:06 - [MESSAGE][PASSED] - File 'D:\chanduR\Resume11.docx' sent to object: 'Object Repository/UploadResumeButton'

2020-01-06 15:14:06 - [TEST_STEP][PASSED] - delay(10): Delayed 10 second(s)

2020-01-06 15:14:16 - [MESSAGE][PASSED] - Delayed 10 second(s)

2020-01-06 15:14:16 - [TEST_STEP][NOT_RUN] - click(findTestObject("EditResumeHeadline")): NOT_RUN: click(findTestObject("EditResumeHeadline"))

2020-01-06 15:14:16 - [MESSAGE][NOT_RUN] - NOT_RUN: click(findTestObject("EditResumeHeadline"))

2020-01-06 15:14:16 - [TEST_STEP][NOT_RUN] - setText(findTestObject("ResumeHeadLineText"), "."): NOT_RUN: setText(findTestObject("ResumeHeadLineText"), ".")

2020-01-06 15:14:16 - [MESSAGE][NOT_RUN] - NOT_RUN: setText(findTestObject("ResumeHeadLineText"), ".")

2020-01-06 15:14:16 - [TEST_STEP][NOT_RUN] - click(findTestObject("SaveResumeHeadLineButton")): NOT_RUN: click(findTestObject("SaveResumeHeadLineButton"))

2020-01-06 15:14:16 - [MESSAGE][NOT_RUN] - NOT_RUN: click(findTestObject("SaveResumeHeadLineButton"))

2020-01-06 15:14:16 - [TEST_STEP][PASSED] - takeScreenshot(): Taking screenshot successfully

2020-01-06 15:14:17 - [MESSAGE][PASSED] - Taking screenshot successfully
[[ATTACHMENT|C:\\Users\\chandu.t\\Katalon Studio\\NJS_Chandu\\Reports\\20200106_150933\\NJS_Chandu\\20200106_150933\\1578303857065.png]]

2020-01-06 15:14:17 - [TEST_STEP][PASSED] - refresh(): Refresh successfully

2020-01-06 15:14:17 - [MESSAGE][PASSED] - Refresh successfully

2020-01-06 15:14:17 - [TEST_STEP][PASSED] - delay(10): Delayed 10 second(s)

2020-01-06 15:14:27 - [MESSAGE][PASSED] - Delayed 10 second(s)

2020-01-06 15:14:27 - [TEST_STEP][PASSED] - takeScreenshot(): Taking screenshot successfully

2020-01-06 15:14:27 - [MESSAGE][PASSED] - Taking screenshot successfully
[[ATTACHMENT|C:\\Users\\chandu.t\\Katalon Studio\\NJS_Chandu\\Reports\\20200106_150933\\NJS_Chandu\\20200106_150933\\1578303867606.png]]

2020-01-06 15:14:27 - [TEST_STEP][PASSED] - closeBrowser(): Browser is closed

2020-01-06 15:14:28 - [MESSAGE][PASSED] - Browser is closed]]></system-out>
         <system-err><![CDATA[]]></system-err>
      </testcase>
      <system-out><![CDATA[2020-01-06 15:09:41 - [TEST_SUITE][FAILED] - NJS_Chandu: Test Cases/deleteandupload2 FAILED.
Reason:
com.kms.katalon.core.exception.StepFailedException: Unable to click on object 'Object Repository/ProfileName'
	at com.kms.katalon.core.webui.keyword.internal.WebUIKeywordMain.stepFailed(WebUIKeywordMain.groovy:64)
	at com.kms.katalon.core.webui.keyword.internal.WebUIKeywordMain.runKeyword(WebUIKeywordMain.groovy:26)
	at com.kms.katalon.core.webui.keyword.builtin.ClickKeyword.click(ClickKeyword.groovy:102)
	at com.kms.katalon.core.webui.keyword.builtin.ClickKeyword.execute(ClickKeyword.groovy:43)
	at com.kms.katalon.core.keyword.internal.KeywordExecutor.executeKeywordForPlatform(KeywordExecutor.groovy:72)
	at com.kms.katalon.core.webui.keyword.WebUiBuiltInKeywords.click(WebUiBuiltInKeywords.groovy:616)
	at com.kms.katalon.core.webui.keyword.WebUiBuiltInKeywords$click$3.call(Unknown Source)
	at deleteandupload2.run(deleteandupload2:50)
	at com.kms.katalon.core.main.ScriptEngine.run(ScriptEngine.java:194)
	at com.kms.katalon.core.main.ScriptEngine.runScriptAsRawText(ScriptEngine.java:119)
	at com.kms.katalon.core.main.TestCaseExecutor.runScript(TestCaseExecutor.java:337)
	at com.kms.katalon.core.main.TestCaseExecutor.doExecute(TestCaseExecutor.java:328)
	at com.kms.katalon.core.main.TestCaseExecutor.processExecutionPhase(TestCaseExecutor.java:307)
	at com.kms.katalon.core.main.TestCaseExecutor.accessMainPhase(TestCaseExecutor.java:299)
	at com.kms.katalon.core.main.TestCaseExecutor.execute(TestCaseExecutor.java:233)
	at com.kms.katalon.core.main.TestSuiteExecutor.accessTestCaseMainPhase(TestSuiteExecutor.java:169)
	at com.kms.katalon.core.main.TestSuiteExecutor.accessTestSuiteMainPhase(TestSuiteExecutor.java:142)
	at com.kms.katalon.core.main.TestSuiteExecutor.execute(TestSuiteExecutor.java:91)
	at com.kms.katalon.core.main.TestCaseMain.startTestSuite(TestCaseMain.java:157)
	at com.kms.katalon.core.main.TestCaseMain$startTestSuite$0.call(Unknown Source)
	at TempTestSuite1578303573701.run(TempTestSuite1578303573701.groovy:36)
Caused by: com.kms.katalon.core.webui.exception.WebElementNotFoundException: Web element with id: 'Object Repository/ProfileName' located by 'By.xpath: //div[@id='root']/div/div/span/div/div/div/div[2]/div/div[2]/div/div/a/div[2]/div' not found
	at com.kms.katalon.core.webui.common.WebUiCommonHelper.findWebElement(WebUiCommonHelper.java:1154)
	at com.kms.katalon.core.webui.keyword.internal.WebUIAbstractKeyword.findWebElement(WebUIAbstractKeyword.groovy:27)
	at com.kms.katalon.core.webui.keyword.internal.WebUIAbstractKeyword.findWebElement(WebUIAbstractKeyword.groovy:26)
	at com.kms.katalon.core.webui.keyword.builtin.ClickKeyword$_click_closure1.doCall(ClickKeyword.groovy:67)
	at com.kms.katalon.core.webui.keyword.builtin.ClickKeyword$_click_closure1.call(ClickKeyword.groovy)
	at com.kms.katalon.core.webui.keyword.internal.WebUIKeywordMain.runKeyword(WebUIKeywordMain.groovy:20)
	... 19 more]]></system-out>
      <system-err><![CDATA[2020-01-06 15:09:41 - [TEST_SUITE][FAILED] - NJS_Chandu: Test Cases/deleteandupload2 FAILED.
Reason:
com.kms.katalon.core.exception.StepFailedException: Unable to click on object 'Object Repository/ProfileName'
	at com.kms.katalon.core.webui.keyword.internal.WebUIKeywordMain.stepFailed(WebUIKeywordMain.groovy:64)
	at com.kms.katalon.core.webui.keyword.internal.WebUIKeywordMain.runKeyword(WebUIKeywordMain.groovy:26)
	at com.kms.katalon.core.webui.keyword.builtin.ClickKeyword.click(ClickKeyword.groovy:102)
	at com.kms.katalon.core.webui.keyword.builtin.ClickKeyword.execute(ClickKeyword.groovy:43)
	at com.kms.katalon.core.keyword.internal.KeywordExecutor.executeKeywordForPlatform(KeywordExecutor.groovy:72)
	at com.kms.katalon.core.webui.keyword.WebUiBuiltInKeywords.click(WebUiBuiltInKeywords.groovy:616)
	at com.kms.katalon.core.webui.keyword.WebUiBuiltInKeywords$click$3.call(Unknown Source)
	at deleteandupload2.run(deleteandupload2:50)
	at com.kms.katalon.core.main.ScriptEngine.run(ScriptEngine.java:194)
	at com.kms.katalon.core.main.ScriptEngine.runScriptAsRawText(ScriptEngine.java:119)
	at com.kms.katalon.core.main.TestCaseExecutor.runScript(TestCaseExecutor.java:337)
	at com.kms.katalon.core.main.TestCaseExecutor.doExecute(TestCaseExecutor.java:328)
	at com.kms.katalon.core.main.TestCaseExecutor.processExecutionPhase(TestCaseExecutor.java:307)
	at com.kms.katalon.core.main.TestCaseExecutor.accessMainPhase(TestCaseExecutor.java:299)
	at com.kms.katalon.core.main.TestCaseExecutor.execute(TestCaseExecutor.java:233)
	at com.kms.katalon.core.main.TestSuiteExecutor.accessTestCaseMainPhase(TestSuiteExecutor.java:169)
	at com.kms.katalon.core.main.TestSuiteExecutor.accessTestSuiteMainPhase(TestSuiteExecutor.java:142)
	at com.kms.katalon.core.main.TestSuiteExecutor.execute(TestSuiteExecutor.java:91)
	at com.kms.katalon.core.main.TestCaseMain.startTestSuite(TestCaseMain.java:157)
	at com.kms.katalon.core.main.TestCaseMain$startTestSuite$0.call(Unknown Source)
	at TempTestSuite1578303573701.run(TempTestSuite1578303573701.groovy:36)
Caused by: com.kms.katalon.core.webui.exception.WebElementNotFoundException: Web element with id: 'Object Repository/ProfileName' located by 'By.xpath: //div[@id='root']/div/div/span/div/div/div/div[2]/div/div[2]/div/div/a/div[2]/div' not found
	at com.kms.katalon.core.webui.common.WebUiCommonHelper.findWebElement(WebUiCommonHelper.java:1154)
	at com.kms.katalon.core.webui.keyword.internal.WebUIAbstractKeyword.findWebElement(WebUIAbstractKeyword.groovy:27)
	at com.kms.katalon.core.webui.keyword.internal.WebUIAbstractKeyword.findWebElement(WebUIAbstractKeyword.groovy:26)
	at com.kms.katalon.core.webui.keyword.builtin.ClickKeyword$_click_closure1.doCall(ClickKeyword.groovy:67)
	at com.kms.katalon.core.webui.keyword.builtin.ClickKeyword$_click_closure1.call(ClickKeyword.groovy)
	at com.kms.katalon.core.webui.keyword.internal.WebUIKeywordMain.runKeyword(WebUIKeywordMain.groovy:20)
	... 19 more]]></system-err>
   </testsuite>
</testsuites>
