<?xml version="1.0" encoding="UTF-8"?>
<testsuites name="NJS_Chandu" time="214" tests="2" failures="1" errors="0">
   <testsuite name="NJS_Chandu" tests="2" failures="1" errors="0" time="214" timestamp="2019-12-10 23:42:08" hostname="chandu.t - wlpt518.imidomain.com" id="Test Suites/NJS_Chandu">
      <properties>
         <property name="deviceName" value=""/>
         <property name="devicePlatform" value=""/>
         <property name="logFolder" value="C:\\Users\\chandu.t\\Katalon Studio\\NJS_Chandu\\Reports\\NJS_Chandu\\20191210_234205"/>
         <property name="logFiles" value="C:\\Users\\chandu.t\\Katalon Studio\\NJS_Chandu\\Reports\\NJS_Chandu\\20191210_234205\\execution0.log"/>
         <property name="attachments" value="C:\\Users\\chandu.t\\Katalon Studio\\NJS_Chandu\\Reports\\NJS_Chandu\\20191210_234205\\1576001580543.png, C:\\Users\\chandu.t\\Katalon Studio\\NJS_Chandu\\Reports\\NJS_Chandu\\20191210_234205\\1576001591238.png, C:\\Users\\chandu.t\\Katalon Studio\\NJS_Chandu\\Reports\\NJS_Chandu\\20191210_234205\\1576001601674.png, C:\\Users\\chandu.t\\Katalon Studio\\NJS_Chandu\\Reports\\NJS_Chandu\\20191210_234205\\1576001648849.png, C:\\Users\\chandu.t\\Katalon Studio\\NJS_Chandu\\Reports\\NJS_Chandu\\20191210_234205\\1576001659409.png, C:\\Users\\chandu.t\\Katalon Studio\\NJS_Chandu\\Reports\\NJS_Chandu\\20191210_234205\\1576001669790.png, C:\\Users\\chandu.t\\Katalon Studio\\NJS_Chandu\\Reports\\NJS_Chandu\\20191210_234205\\1576001741500.png"/>
         <property name="hostName" value="chandu.t - wlpt518.imidomain.com"/>
         <property name="os" value="Windows 10 64bit"/>
         <property name="katalonVersion" value="5.8.2.1"/>
         <property name="browser" value="Chrome 78.0.3904.108"/>
         <property name="hostAddress" value="10.0.0.9"/>
         <property name="sessionId" value="bf670e3bdd606ee0d7dd73819f5348c1"/>
         <property name="seleniumVersion" value="3.7.1"/>
         <property name="proxyInformation" value="ProxyInformation{proxyOption=NO_PROXY, proxyServerType=HTTP, password=, proxyServerAddress=, proxyServerPort=0}"/>
         <property name="platform" value="Windows 10"/>
      </properties>
      <testcase name="Test Cases/profile1" classname="Test Cases/profile1" status="PASSED">
         <system-out><![CDATA[2019-12-10 23:42:09 - [TEST_CASE][PASSED] - Test Cases/profile1: Test Cases/profile1

2019-12-10 23:42:09 - [TEST_STEP][PASSED] - openBrowser: Browser is opened with url: 'https://www.naukri.com/'

2019-12-10 23:42:20 - [MESSAGE][PASSED] - Browser is opened with url: 'https://www.naukri.com/'

2019-12-10 23:42:20 - [TEST_STEP][PASSED] - closeWindowIndex: Window with index 1 is closed

2019-12-10 23:42:21 - [MESSAGE][PASSED] - Window with index 1 is closed

2019-12-10 23:42:21 - [TEST_STEP][PASSED] - closeWindowIndex: Window with index 1 is closed

2019-12-10 23:42:21 - [MESSAGE][PASSED] - Window with index 1 is closed

2019-12-10 23:42:21 - [TEST_STEP][PASSED] - switchToWindowIndex: Switched to window with index: '0'

2019-12-10 23:42:21 - [MESSAGE][PASSED] - Switched to window with index: '0'

2019-12-10 23:42:21 - [TEST_STEP][PASSED] - maximizeWindow: Current window maximized

2019-12-10 23:42:22 - [MESSAGE][PASSED] - Current window maximized

2019-12-10 23:42:22 - [TEST_STEP][PASSED] - click: Object: 'Object Repository/LoginButton' is clicked on

2019-12-10 23:42:23 - [MESSAGE][PASSED] - Object: 'Object Repository/LoginButton' is clicked on

2019-12-10 23:42:23 - [TEST_STEP][PASSED] - click: Object: 'Object Repository/GoogleButton' is clicked on

2019-12-10 23:42:23 - [MESSAGE][PASSED] - Object: 'Object Repository/GoogleButton' is clicked on

2019-12-10 23:42:23 - [TEST_STEP][PASSED] - switchToWindowIndex: Switched to window with index: '1'

2019-12-10 23:42:23 - [MESSAGE][PASSED] - Switched to window with index: '1'

2019-12-10 23:42:23 - [TEST_STEP][PASSED] - setText: Text 'thota.chandu1@gmail.com' is set on object 'Object Repository/UserName'

2019-12-10 23:42:26 - [MESSAGE][PASSED] - Text 'thota.chandu1@gmail.com' is set on object 'Object Repository/UserName'

2019-12-10 23:42:26 - [TEST_STEP][PASSED] - click: Object: 'Object Repository/NextButton' is clicked on

2019-12-10 23:42:27 - [MESSAGE][PASSED] - Object: 'Object Repository/NextButton' is clicked on

2019-12-10 23:42:27 - [TEST_STEP][PASSED] - delay: Delayed 5 second(s)

2019-12-10 23:42:32 - [MESSAGE][PASSED] - Delayed 5 second(s)

2019-12-10 23:42:32 - [TEST_STEP][PASSED] - setText: Text 'achala$123' is set on object 'Object Repository/Password'

2019-12-10 23:42:32 - [MESSAGE][PASSED] - Text 'achala$123' is set on object 'Object Repository/Password'

2019-12-10 23:42:32 - [TEST_STEP][PASSED] - click: Object: 'Object Repository/NextButton' is clicked on

2019-12-10 23:42:33 - [MESSAGE][PASSED] - Object: 'Object Repository/NextButton' is clicked on

2019-12-10 23:42:33 - [TEST_STEP][PASSED] - switchToWindowIndex: Switched to window with index: '0'

2019-12-10 23:42:33 - [MESSAGE][PASSED] - Switched to window with index: '0'

2019-12-10 23:42:33 - [TEST_STEP][PASSED] - delay: Delayed 10 second(s)

2019-12-10 23:42:43 - [MESSAGE][PASSED] - Delayed 10 second(s)

2019-12-10 23:42:43 - [TEST_STEP][PASSED] - click: Object: 'Object Repository/ProfileName' is clicked on

2019-12-10 23:42:44 - [MESSAGE][PASSED] - Object: 'Object Repository/ProfileName' is clicked on

2019-12-10 23:42:44 - [TEST_STEP][PASSED] - click: Object: 'Object Repository/DeleteResumeButton' is clicked on

2019-12-10 23:42:45 - [MESSAGE][PASSED] - Object: 'Object Repository/DeleteResumeButton' is clicked on

2019-12-10 23:42:45 - [TEST_STEP][PASSED] - click: Object: 'Object Repository/DeleteResumeConfirm' is clicked on

2019-12-10 23:42:45 - [MESSAGE][PASSED] - Object: 'Object Repository/DeleteResumeConfirm' is clicked on

2019-12-10 23:42:45 - [TEST_STEP][PASSED] - delay: Delayed 15 second(s)

2019-12-10 23:43:00 - [MESSAGE][PASSED] - Delayed 15 second(s)

2019-12-10 23:43:00 - [TEST_STEP][PASSED] - takeScreenshot: Taking screenshot successfully

2019-12-10 23:43:01 - [MESSAGE][PASSED] - Taking screenshot successfully
[[ATTACHMENT|C:\\Users\\chandu.t\\Katalon Studio\\NJS_Chandu\\Reports\\NJS_Chandu\\20191210_234205\\1576001580543.png]]

2019-12-10 23:43:01 - [TEST_STEP][PASSED] - uploadFile: File 'D:\chanduR\Testing_Engineer_Resume_Dec10.pdf' sent to object: 'Object Repository/UploadResumeButton'

2019-12-10 23:43:01 - [MESSAGE][PASSED] - File 'D:\chanduR\Testing_Engineer_Resume_Dec10.pdf' sent to object: 'Object Repository/UploadResumeButton'

2019-12-10 23:43:01 - [TEST_STEP][PASSED] - delay: Delayed 10 second(s)

2019-12-10 23:43:11 - [MESSAGE][PASSED] - Delayed 10 second(s)

2019-12-10 23:43:11 - [TEST_STEP][NOT_RUN] - click: NOT_RUN: click

2019-12-10 23:43:11 - [MESSAGE][NOT_RUN] - NOT_RUN: click

2019-12-10 23:43:11 - [TEST_STEP][NOT_RUN] - setText: NOT_RUN: setText

2019-12-10 23:43:11 - [MESSAGE][NOT_RUN] - NOT_RUN: setText

2019-12-10 23:43:11 - [TEST_STEP][NOT_RUN] - click: NOT_RUN: click

2019-12-10 23:43:11 - [MESSAGE][NOT_RUN] - NOT_RUN: click

2019-12-10 23:43:11 - [TEST_STEP][PASSED] - takeScreenshot: Taking screenshot successfully

2019-12-10 23:43:11 - [MESSAGE][PASSED] - Taking screenshot successfully
[[ATTACHMENT|C:\\Users\\chandu.t\\Katalon Studio\\NJS_Chandu\\Reports\\NJS_Chandu\\20191210_234205\\1576001591238.png]]

2019-12-10 23:43:11 - [TEST_STEP][PASSED] - refresh: Refresh successfully

2019-12-10 23:43:11 - [MESSAGE][PASSED] - Refresh successfully

2019-12-10 23:43:11 - [TEST_STEP][PASSED] - delay: Delayed 10 second(s)

2019-12-10 23:43:21 - [MESSAGE][PASSED] - Delayed 10 second(s)

2019-12-10 23:43:21 - [TEST_STEP][PASSED] - takeScreenshot: Taking screenshot successfully

2019-12-10 23:43:22 - [MESSAGE][PASSED] - Taking screenshot successfully
[[ATTACHMENT|C:\\Users\\chandu.t\\Katalon Studio\\NJS_Chandu\\Reports\\NJS_Chandu\\20191210_234205\\1576001601674.png]]

2019-12-10 23:43:22 - [TEST_STEP][PASSED] - closeBrowser: Browser is closed

2019-12-10 23:43:23 - [MESSAGE][PASSED] - Browser is closed]]></system-out>
         <system-err><![CDATA[]]></system-err>
      </testcase>
      <testcase name="Test Cases/profile2" classname="Test Cases/profile2" status="PASSED">
         <system-out><![CDATA[2019-12-10 23:43:23 - [TEST_CASE][PASSED] - Test Cases/profile2: Test Cases/profile2

2019-12-10 23:43:23 - [TEST_STEP][PASSED] - openBrowser: Browser is opened with url: 'https://www.naukri.com/'

2019-12-10 23:43:29 - [MESSAGE][PASSED] - Browser is opened with url: 'https://www.naukri.com/'

2019-12-10 23:43:29 - [TEST_STEP][PASSED] - closeWindowIndex: Window with index 1 is closed

2019-12-10 23:43:29 - [MESSAGE][PASSED] - Window with index 1 is closed

2019-12-10 23:43:29 - [TEST_STEP][PASSED] - closeWindowIndex: Window with index 1 is closed

2019-12-10 23:43:30 - [MESSAGE][PASSED] - Window with index 1 is closed

2019-12-10 23:43:30 - [TEST_STEP][PASSED] - switchToWindowIndex: Switched to window with index: '0'

2019-12-10 23:43:30 - [MESSAGE][PASSED] - Switched to window with index: '0'

2019-12-10 23:43:30 - [TEST_STEP][PASSED] - maximizeWindow: Current window maximized

2019-12-10 23:43:31 - [MESSAGE][PASSED] - Current window maximized

2019-12-10 23:43:31 - [TEST_STEP][PASSED] - click: Object: 'Object Repository/LoginButton' is clicked on

2019-12-10 23:43:31 - [MESSAGE][PASSED] - Object: 'Object Repository/LoginButton' is clicked on

2019-12-10 23:43:31 - [TEST_STEP][PASSED] - click: Object: 'Object Repository/GoogleButton' is clicked on

2019-12-10 23:43:32 - [MESSAGE][PASSED] - Object: 'Object Repository/GoogleButton' is clicked on

2019-12-10 23:43:32 - [TEST_STEP][PASSED] - switchToWindowIndex: Switched to window with index: '1'

2019-12-10 23:43:32 - [MESSAGE][PASSED] - Switched to window with index: '1'

2019-12-10 23:43:32 - [TEST_STEP][PASSED] - setText: Text 'chanduthota371@gmail.com' is set on object 'Object Repository/UserName'

2019-12-10 23:43:35 - [MESSAGE][PASSED] - Text 'chanduthota371@gmail.com' is set on object 'Object Repository/UserName'

2019-12-10 23:43:35 - [TEST_STEP][PASSED] - click: Object: 'Object Repository/NextButton' is clicked on

2019-12-10 23:43:35 - [MESSAGE][PASSED] - Object: 'Object Repository/NextButton' is clicked on

2019-12-10 23:43:35 - [TEST_STEP][PASSED] - delay: Delayed 5 second(s)

2019-12-10 23:43:40 - [MESSAGE][PASSED] - Delayed 5 second(s)

2019-12-10 23:43:40 - [TEST_STEP][PASSED] - setText: Text 'achala$123' is set on object 'Object Repository/Password'

2019-12-10 23:43:41 - [MESSAGE][PASSED] - Text 'achala$123' is set on object 'Object Repository/Password'

2019-12-10 23:43:41 - [TEST_STEP][PASSED] - click: Object: 'Object Repository/NextButton' is clicked on

2019-12-10 23:43:41 - [MESSAGE][PASSED] - Object: 'Object Repository/NextButton' is clicked on

2019-12-10 23:43:41 - [TEST_STEP][PASSED] - switchToWindowIndex: Switched to window with index: '0'

2019-12-10 23:43:41 - [MESSAGE][PASSED] - Switched to window with index: '0'

2019-12-10 23:43:41 - [TEST_STEP][PASSED] - delay: Delayed 10 second(s)

2019-12-10 23:43:51 - [MESSAGE][PASSED] - Delayed 10 second(s)

2019-12-10 23:43:51 - [TEST_STEP][PASSED] - click: Object: 'Object Repository/ProfileName' is clicked on

2019-12-10 23:43:53 - [MESSAGE][PASSED] - Object: 'Object Repository/ProfileName' is clicked on

2019-12-10 23:43:53 - [TEST_STEP][PASSED] - click: Object: 'Object Repository/DeleteResumeButton' is clicked on

2019-12-10 23:43:53 - [MESSAGE][PASSED] - Object: 'Object Repository/DeleteResumeButton' is clicked on

2019-12-10 23:43:53 - [TEST_STEP][PASSED] - click: Object: 'Object Repository/DeleteResumeConfirm' is clicked on

2019-12-10 23:43:53 - [MESSAGE][PASSED] - Object: 'Object Repository/DeleteResumeConfirm' is clicked on

2019-12-10 23:43:53 - [TEST_STEP][PASSED] - delay: Delayed 15 second(s)

2019-12-10 23:44:08 - [MESSAGE][PASSED] - Delayed 15 second(s)

2019-12-10 23:44:08 - [TEST_STEP][PASSED] - takeScreenshot: Taking screenshot successfully

2019-12-10 23:44:09 - [MESSAGE][PASSED] - Taking screenshot successfully
[[ATTACHMENT|C:\\Users\\chandu.t\\Katalon Studio\\NJS_Chandu\\Reports\\NJS_Chandu\\20191210_234205\\1576001648849.png]]

2019-12-10 23:44:09 - [TEST_STEP][PASSED] - uploadFile: File 'D:\chanduR\Testing_Engineer_Resume_Dec10.pdf' sent to object: 'Object Repository/UploadResumeButton'

2019-12-10 23:44:09 - [MESSAGE][PASSED] - File 'D:\chanduR\Testing_Engineer_Resume_Dec10.pdf' sent to object: 'Object Repository/UploadResumeButton'

2019-12-10 23:44:09 - [TEST_STEP][PASSED] - delay: Delayed 10 second(s)

2019-12-10 23:44:19 - [MESSAGE][PASSED] - Delayed 10 second(s)

2019-12-10 23:44:19 - [TEST_STEP][NOT_RUN] - click: NOT_RUN: click

2019-12-10 23:44:19 - [MESSAGE][NOT_RUN] - NOT_RUN: click

2019-12-10 23:44:19 - [TEST_STEP][NOT_RUN] - setText: NOT_RUN: setText

2019-12-10 23:44:19 - [MESSAGE][NOT_RUN] - NOT_RUN: setText

2019-12-10 23:44:19 - [TEST_STEP][NOT_RUN] - click: NOT_RUN: click

2019-12-10 23:44:19 - [MESSAGE][NOT_RUN] - NOT_RUN: click

2019-12-10 23:44:19 - [TEST_STEP][PASSED] - takeScreenshot: Taking screenshot successfully

2019-12-10 23:44:19 - [MESSAGE][PASSED] - Taking screenshot successfully
[[ATTACHMENT|C:\\Users\\chandu.t\\Katalon Studio\\NJS_Chandu\\Reports\\NJS_Chandu\\20191210_234205\\1576001659409.png]]

2019-12-10 23:44:19 - [TEST_STEP][PASSED] - refresh: Refresh successfully

2019-12-10 23:44:19 - [MESSAGE][PASSED] - Refresh successfully

2019-12-10 23:44:19 - [TEST_STEP][PASSED] - delay: Delayed 10 second(s)

2019-12-10 23:44:29 - [MESSAGE][PASSED] - Delayed 10 second(s)

2019-12-10 23:44:29 - [TEST_STEP][PASSED] - takeScreenshot: Taking screenshot successfully

2019-12-10 23:44:30 - [MESSAGE][PASSED] - Taking screenshot successfully
[[ATTACHMENT|C:\\Users\\chandu.t\\Katalon Studio\\NJS_Chandu\\Reports\\NJS_Chandu\\20191210_234205\\1576001669790.png]]

2019-12-10 23:44:30 - [TEST_STEP][PASSED] - closeBrowser: Browser is closed

2019-12-10 23:44:31 - [MESSAGE][PASSED] - Browser is closed]]></system-out>
         <system-err><![CDATA[]]></system-err>
      </testcase>
      <testcase name="Test Cases/profile3" classname="Test Cases/profile3" status="FAILED">
         <failure type="FAILED" message="(Stack trace: com.kms.katalon.core.exception.StepFailedException: Unable to click on object 'Object Repository/ProfileName' (Root cause: com.kms.katalon.core.webui.exception.WebElementNotFoundException: Web element with id: 'Object Repository/ProfileName' located by 'By.xpath: //div[@title = 'Chandu Thota' and (text() = 'Chandu Thota' or . = 'Chandu Thota')]' not found)
	at com.kms.katalon.core.keyword.internal.KeywordMain.stepFailed(KeywordMain.groovy:36)
	at com.kms.katalon.core.webui.keyword.internal.WebUIKeywordMain.stepFailed(WebUIKeywordMain.groovy:65)
	at com.kms.katalon.core.webui.keyword.internal.WebUIKeywordMain.runKeyword(WebUIKeywordMain.groovy:27)
	at com.kms.katalon.core.webui.keyword.builtin.ClickKeyword.click(ClickKeyword.groovy:86)
	at com.kms.katalon.core.webui.keyword.builtin.ClickKeyword.execute(ClickKeyword.groovy:67)
	at com.kms.katalon.core.keyword.internal.KeywordExecutor.executeKeywordForPlatform(KeywordExecutor.groovy:53)
	at com.kms.katalon.core.webui.keyword.WebUiBuiltInKeywords.click(WebUiBuiltInKeywords.groovy:616)
	at com.kms.katalon.core.webui.keyword.WebUiBuiltInKeywords$click$3.call(Unknown Source)
	at org.codehaus.groovy.runtime.callsite.CallSiteArray.defaultCall(CallSiteArray.java:48)
	at org.codehaus.groovy.runtime.callsite.AbstractCallSite.call(AbstractCallSite.java:113)
	at org.codehaus.groovy.runtime.callsite.AbstractCallSite.call(AbstractCallSite.java:125)
	at Script1576001322821.run(Script1576001322821.groovy:46)
	at com.kms.katalon.core.main.ScriptEngine.run(ScriptEngine.java:183)
	at com.kms.katalon.core.main.ScriptEngine.runScriptAsRawText(ScriptEngine.java:108)
	at com.kms.katalon.core.main.TestCaseExecutor.runScript(TestCaseExecutor.java:294)
	at com.kms.katalon.core.main.TestCaseExecutor.doExecute(TestCaseExecutor.java:285)
	at com.kms.katalon.core.main.TestCaseExecutor.processExecutionPhase(TestCaseExecutor.java:264)
	at com.kms.katalon.core.main.TestCaseExecutor.accessMainPhase(TestCaseExecutor.java:256)
	at com.kms.katalon.core.main.TestCaseExecutor.execute(TestCaseExecutor.java:200)
	at com.kms.katalon.core.main.TestSuiteExecutor.accessTestCaseMainPhase(TestSuiteExecutor.java:129)
	at com.kms.katalon.core.main.TestSuiteExecutor.accessTestSuiteMainPhase(TestSuiteExecutor.java:112)
	at com.kms.katalon.core.main.TestSuiteExecutor.execute(TestSuiteExecutor.java:81)
	at com.kms.katalon.core.main.TestCaseMain.startTestSuite(TestCaseMain.java:142)
	at com.kms.katalon.core.main.TestCaseMain$startTestSuite$0.call(Unknown Source)
	at org.codehaus.groovy.runtime.callsite.CallSiteArray.defaultCall(CallSiteArray.java:48)
	at org.codehaus.groovy.runtime.callsite.AbstractCallSite.call(AbstractCallSite.java:113)
	at org.codehaus.groovy.runtime.callsite.AbstractCallSite.call(AbstractCallSite.java:141)
	at TempTestSuite1576001525018.run(TempTestSuite1576001525018.groovy:36)
	at groovy.lang.GroovyShell.runScriptOrMainOrTestOrRunnable(GroovyShell.java:263)
	at groovy.lang.GroovyShell.run(GroovyShell.java:518)
	at groovy.lang.GroovyShell.run(GroovyShell.java:507)
	at groovy.ui.GroovyMain.processOnce(GroovyMain.java:653)
	at groovy.ui.GroovyMain.run(GroovyMain.java:384)
	at groovy.ui.GroovyMain.process(GroovyMain.java:370)
	at groovy.ui.GroovyMain.processArgs(GroovyMain.java:129)
	at groovy.ui.GroovyMain.main(GroovyMain.java:109)
	at sun.reflect.NativeMethodAccessorImpl.invoke0(Native Method)
	at sun.reflect.NativeMethodAccessorImpl.invoke(NativeMethodAccessorImpl.java:62)
	at sun.reflect.DelegatingMethodAccessorImpl.invoke(DelegatingMethodAccessorImpl.java:43)
	at java.lang.reflect.Method.invoke(Method.java:498)
	at org.codehaus.groovy.tools.GroovyStarter.rootLoader(GroovyStarter.java:109)
	at org.codehaus.groovy.tools.GroovyStarter.main(GroovyStarter.java:131)
)"/>
         <system-out><![CDATA[2019-12-10 23:44:31 - [TEST_CASE][FAILED] - Test Cases/profile3: Test Cases/profile3 FAILED because (of) (Stack trace: com.kms.katalon.core.exception.StepFailedException: Unable to click on object 'Object Repository/ProfileName' (Root cause: com.kms.katalon.core.webui.exception.WebElementNotFoundException: Web element with id: 'Object Repository/ProfileName' located by 'By.xpath: //div[@title = 'Chandu Thota' and (text() = 'Chandu Thota' or . = 'Chandu Thota')]' not found)
	at com.kms.katalon.core.keyword.internal.KeywordMain.stepFailed(KeywordMain.groovy:36)
	at com.kms.katalon.core.webui.keyword.internal.WebUIKeywordMain.stepFailed(WebUIKeywordMain.groovy:65)
	at com.kms.katalon.core.webui.keyword.internal.WebUIKeywordMain.runKeyword(WebUIKeywordMain.groovy:27)
	at com.kms.katalon.core.webui.keyword.builtin.ClickKeyword.click(ClickKeyword.groovy:86)
	at com.kms.katalon.core.webui.keyword.builtin.ClickKeyword.execute(ClickKeyword.groovy:67)
	at com.kms.katalon.core.keyword.internal.KeywordExecutor.executeKeywordForPlatform(KeywordExecutor.groovy:53)
	at com.kms.katalon.core.webui.keyword.WebUiBuiltInKeywords.click(WebUiBuiltInKeywords.groovy:616)
	at com.kms.katalon.core.webui.keyword.WebUiBuiltInKeywords$click$3.call(Unknown Source)
	at org.codehaus.groovy.runtime.callsite.CallSiteArray.defaultCall(CallSiteArray.java:48)
	at org.codehaus.groovy.runtime.callsite.AbstractCallSite.call(AbstractCallSite.java:113)
	at org.codehaus.groovy.runtime.callsite.AbstractCallSite.call(AbstractCallSite.java:125)
	at Script1576001322821.run(Script1576001322821.groovy:46)
	at com.kms.katalon.core.main.ScriptEngine.run(ScriptEngine.java:183)
	at com.kms.katalon.core.main.ScriptEngine.runScriptAsRawText(ScriptEngine.java:108)
	at com.kms.katalon.core.main.TestCaseExecutor.runScript(TestCaseExecutor.java:294)
	at com.kms.katalon.core.main.TestCaseExecutor.doExecute(TestCaseExecutor.java:285)
	at com.kms.katalon.core.main.TestCaseExecutor.processExecutionPhase(TestCaseExecutor.java:264)
	at com.kms.katalon.core.main.TestCaseExecutor.accessMainPhase(TestCaseExecutor.java:256)
	at com.kms.katalon.core.main.TestCaseExecutor.execute(TestCaseExecutor.java:200)
	at com.kms.katalon.core.main.TestSuiteExecutor.accessTestCaseMainPhase(TestSuiteExecutor.java:129)
	at com.kms.katalon.core.main.TestSuiteExecutor.accessTestSuiteMainPhase(TestSuiteExecutor.java:112)
	at com.kms.katalon.core.main.TestSuiteExecutor.execute(TestSuiteExecutor.java:81)
	at com.kms.katalon.core.main.TestCaseMain.startTestSuite(TestCaseMain.java:142)
	at com.kms.katalon.core.main.TestCaseMain$startTestSuite$0.call(Unknown Source)
	at org.codehaus.groovy.runtime.callsite.CallSiteArray.defaultCall(CallSiteArray.java:48)
	at org.codehaus.groovy.runtime.callsite.AbstractCallSite.call(AbstractCallSite.java:113)
	at org.codehaus.groovy.runtime.callsite.AbstractCallSite.call(AbstractCallSite.java:141)
	at TempTestSuite1576001525018.run(TempTestSuite1576001525018.groovy:36)
	at groovy.lang.GroovyShell.runScriptOrMainOrTestOrRunnable(GroovyShell.java:263)
	at groovy.lang.GroovyShell.run(GroovyShell.java:518)
	at groovy.lang.GroovyShell.run(GroovyShell.java:507)
	at groovy.ui.GroovyMain.processOnce(GroovyMain.java:653)
	at groovy.ui.GroovyMain.run(GroovyMain.java:384)
	at groovy.ui.GroovyMain.process(GroovyMain.java:370)
	at groovy.ui.GroovyMain.processArgs(GroovyMain.java:129)
	at groovy.ui.GroovyMain.main(GroovyMain.java:109)
	at sun.reflect.NativeMethodAccessorImpl.invoke0(Native Method)
	at sun.reflect.NativeMethodAccessorImpl.invoke(NativeMethodAccessorImpl.java:62)
	at sun.reflect.DelegatingMethodAccessorImpl.invoke(DelegatingMethodAccessorImpl.java:43)
	at java.lang.reflect.Method.invoke(Method.java:498)
	at org.codehaus.groovy.tools.GroovyStarter.rootLoader(GroovyStarter.java:109)
	at org.codehaus.groovy.tools.GroovyStarter.main(GroovyStarter.java:131)
)

2019-12-10 23:44:31 - [TEST_STEP][PASSED] - openBrowser: Browser is opened with url: 'https://www.naukri.com/'

2019-12-10 23:44:37 - [MESSAGE][PASSED] - Browser is opened with url: 'https://www.naukri.com/'

2019-12-10 23:44:37 - [TEST_STEP][PASSED] - closeWindowIndex: Window with index 1 is closed

2019-12-10 23:44:37 - [MESSAGE][PASSED] - Window with index 1 is closed

2019-12-10 23:44:37 - [TEST_STEP][PASSED] - closeWindowIndex: Window with index 1 is closed

2019-12-10 23:44:37 - [MESSAGE][PASSED] - Window with index 1 is closed

2019-12-10 23:44:37 - [TEST_STEP][PASSED] - switchToWindowIndex: Switched to window with index: '0'

2019-12-10 23:44:37 - [MESSAGE][PASSED] - Switched to window with index: '0'

2019-12-10 23:44:37 - [TEST_STEP][PASSED] - maximizeWindow: Current window maximized

2019-12-10 23:44:38 - [MESSAGE][PASSED] - Current window maximized

2019-12-10 23:44:38 - [TEST_STEP][PASSED] - click: Object: 'Object Repository/LoginButton' is clicked on

2019-12-10 23:44:39 - [MESSAGE][PASSED] - Object: 'Object Repository/LoginButton' is clicked on

2019-12-10 23:44:39 - [TEST_STEP][PASSED] - click: Object: 'Object Repository/GoogleButton' is clicked on

2019-12-10 23:44:39 - [MESSAGE][PASSED] - Object: 'Object Repository/GoogleButton' is clicked on

2019-12-10 23:44:39 - [TEST_STEP][PASSED] - switchToWindowIndex: Switched to window with index: '1'

2019-12-10 23:44:39 - [MESSAGE][PASSED] - Switched to window with index: '1'

2019-12-10 23:44:39 - [TEST_STEP][PASSED] - setText: Text 'chandut1024@gmail.com' is set on object 'Object Repository/UserName'

2019-12-10 23:44:42 - [MESSAGE][PASSED] - Text 'chandut1024@gmail.com' is set on object 'Object Repository/UserName'

2019-12-10 23:44:42 - [TEST_STEP][PASSED] - click: Object: 'Object Repository/NextButton' is clicked on

2019-12-10 23:44:43 - [MESSAGE][PASSED] - Object: 'Object Repository/NextButton' is clicked on

2019-12-10 23:44:43 - [TEST_STEP][PASSED] - delay: Delayed 5 second(s)

2019-12-10 23:44:48 - [MESSAGE][PASSED] - Delayed 5 second(s)

2019-12-10 23:44:48 - [TEST_STEP][PASSED] - setText: Text 'achala$123' is set on object 'Object Repository/Password'

2019-12-10 23:44:48 - [MESSAGE][PASSED] - Text 'achala$123' is set on object 'Object Repository/Password'

2019-12-10 23:44:48 - [TEST_STEP][PASSED] - click: Object: 'Object Repository/NextButton' is clicked on

2019-12-10 23:44:49 - [MESSAGE][PASSED] - Object: 'Object Repository/NextButton' is clicked on

2019-12-10 23:44:49 - [TEST_STEP][PASSED] - switchToWindowIndex: Switched to window with index: '0'

2019-12-10 23:44:49 - [MESSAGE][PASSED] - Switched to window with index: '0'

2019-12-10 23:44:49 - [TEST_STEP][PASSED] - delay: Delayed 10 second(s)

2019-12-10 23:44:59 - [MESSAGE][PASSED] - Delayed 10 second(s)

2019-12-10 23:44:59 - [TEST_STEP][FAILED] - click: Unable to click on object 'Object Repository/ProfileName' (Root cause: com.kms.katalon.core.webui.exception.WebElementNotFoundException: Web element with id: 'Object Repository/ProfileName' located by 'By.xpath: //div[@title = 'Chandu Thota' and (text() = 'Chandu Thota' or . = 'Chandu Thota')]' not found)

2019-12-10 23:45:42 - [MESSAGE][FAILED] - Unable to click on object 'Object Repository/ProfileName' (Root cause: com.kms.katalon.core.webui.exception.WebElementNotFoundException: Web element with id: 'Object Repository/ProfileName' located by 'By.xpath: //div[@title = 'Chandu Thota' and (text() = 'Chandu Thota' or . = 'Chandu Thota')]' not found)
[[ATTACHMENT|C:\\Users\\chandu.t\\Katalon Studio\\NJS_Chandu\\Reports\\NJS_Chandu\\20191210_234205\\1576001741500.png]]]]></system-out>
         <system-err><![CDATA[2019-12-10 23:44:31 - [TEST_CASE][FAILED] - Test Cases/profile3: Test Cases/profile3 FAILED because (of) (Stack trace: com.kms.katalon.core.exception.StepFailedException: Unable to click on object 'Object Repository/ProfileName' (Root cause: com.kms.katalon.core.webui.exception.WebElementNotFoundException: Web element with id: 'Object Repository/ProfileName' located by 'By.xpath: //div[@title = 'Chandu Thota' and (text() = 'Chandu Thota' or . = 'Chandu Thota')]' not found)
	at com.kms.katalon.core.keyword.internal.KeywordMain.stepFailed(KeywordMain.groovy:36)
	at com.kms.katalon.core.webui.keyword.internal.WebUIKeywordMain.stepFailed(WebUIKeywordMain.groovy:65)
	at com.kms.katalon.core.webui.keyword.internal.WebUIKeywordMain.runKeyword(WebUIKeywordMain.groovy:27)
	at com.kms.katalon.core.webui.keyword.builtin.ClickKeyword.click(ClickKeyword.groovy:86)
	at com.kms.katalon.core.webui.keyword.builtin.ClickKeyword.execute(ClickKeyword.groovy:67)
	at com.kms.katalon.core.keyword.internal.KeywordExecutor.executeKeywordForPlatform(KeywordExecutor.groovy:53)
	at com.kms.katalon.core.webui.keyword.WebUiBuiltInKeywords.click(WebUiBuiltInKeywords.groovy:616)
	at com.kms.katalon.core.webui.keyword.WebUiBuiltInKeywords$click$3.call(Unknown Source)
	at org.codehaus.groovy.runtime.callsite.CallSiteArray.defaultCall(CallSiteArray.java:48)
	at org.codehaus.groovy.runtime.callsite.AbstractCallSite.call(AbstractCallSite.java:113)
	at org.codehaus.groovy.runtime.callsite.AbstractCallSite.call(AbstractCallSite.java:125)
	at Script1576001322821.run(Script1576001322821.groovy:46)
	at com.kms.katalon.core.main.ScriptEngine.run(ScriptEngine.java:183)
	at com.kms.katalon.core.main.ScriptEngine.runScriptAsRawText(ScriptEngine.java:108)
	at com.kms.katalon.core.main.TestCaseExecutor.runScript(TestCaseExecutor.java:294)
	at com.kms.katalon.core.main.TestCaseExecutor.doExecute(TestCaseExecutor.java:285)
	at com.kms.katalon.core.main.TestCaseExecutor.processExecutionPhase(TestCaseExecutor.java:264)
	at com.kms.katalon.core.main.TestCaseExecutor.accessMainPhase(TestCaseExecutor.java:256)
	at com.kms.katalon.core.main.TestCaseExecutor.execute(TestCaseExecutor.java:200)
	at com.kms.katalon.core.main.TestSuiteExecutor.accessTestCaseMainPhase(TestSuiteExecutor.java:129)
	at com.kms.katalon.core.main.TestSuiteExecutor.accessTestSuiteMainPhase(TestSuiteExecutor.java:112)
	at com.kms.katalon.core.main.TestSuiteExecutor.execute(TestSuiteExecutor.java:81)
	at com.kms.katalon.core.main.TestCaseMain.startTestSuite(TestCaseMain.java:142)
	at com.kms.katalon.core.main.TestCaseMain$startTestSuite$0.call(Unknown Source)
	at org.codehaus.groovy.runtime.callsite.CallSiteArray.defaultCall(CallSiteArray.java:48)
	at org.codehaus.groovy.runtime.callsite.AbstractCallSite.call(AbstractCallSite.java:113)
	at org.codehaus.groovy.runtime.callsite.AbstractCallSite.call(AbstractCallSite.java:141)
	at TempTestSuite1576001525018.run(TempTestSuite1576001525018.groovy:36)
	at groovy.lang.GroovyShell.runScriptOrMainOrTestOrRunnable(GroovyShell.java:263)
	at groovy.lang.GroovyShell.run(GroovyShell.java:518)
	at groovy.lang.GroovyShell.run(GroovyShell.java:507)
	at groovy.ui.GroovyMain.processOnce(GroovyMain.java:653)
	at groovy.ui.GroovyMain.run(GroovyMain.java:384)
	at groovy.ui.GroovyMain.process(GroovyMain.java:370)
	at groovy.ui.GroovyMain.processArgs(GroovyMain.java:129)
	at groovy.ui.GroovyMain.main(GroovyMain.java:109)
	at sun.reflect.NativeMethodAccessorImpl.invoke0(Native Method)
	at sun.reflect.NativeMethodAccessorImpl.invoke(NativeMethodAccessorImpl.java:62)
	at sun.reflect.DelegatingMethodAccessorImpl.invoke(DelegatingMethodAccessorImpl.java:43)
	at java.lang.reflect.Method.invoke(Method.java:498)
	at org.codehaus.groovy.tools.GroovyStarter.rootLoader(GroovyStarter.java:109)
	at org.codehaus.groovy.tools.GroovyStarter.main(GroovyStarter.java:131)
)]]></system-err>
      </testcase>
      <system-out><![CDATA[2019-12-10 23:42:08 - [TEST_SUITE][FAILED] - NJS_Chandu: Test Cases/profile3 FAILED because (of) (Stack trace: com.kms.katalon.core.exception.StepFailedException: Unable to click on object 'Object Repository/ProfileName' (Root cause: com.kms.katalon.core.webui.exception.WebElementNotFoundException: Web element with id: 'Object Repository/ProfileName' located by 'By.xpath: //div[@title = 'Chandu Thota' and (text() = 'Chandu Thota' or . = 'Chandu Thota')]' not found)
	at com.kms.katalon.core.keyword.internal.KeywordMain.stepFailed(KeywordMain.groovy:36)
	at com.kms.katalon.core.webui.keyword.internal.WebUIKeywordMain.stepFailed(WebUIKeywordMain.groovy:65)
	at com.kms.katalon.core.webui.keyword.internal.WebUIKeywordMain.runKeyword(WebUIKeywordMain.groovy:27)
	at com.kms.katalon.core.webui.keyword.builtin.ClickKeyword.click(ClickKeyword.groovy:86)
	at com.kms.katalon.core.webui.keyword.builtin.ClickKeyword.execute(ClickKeyword.groovy:67)
	at com.kms.katalon.core.keyword.internal.KeywordExecutor.executeKeywordForPlatform(KeywordExecutor.groovy:53)
	at com.kms.katalon.core.webui.keyword.WebUiBuiltInKeywords.click(WebUiBuiltInKeywords.groovy:616)
	at com.kms.katalon.core.webui.keyword.WebUiBuiltInKeywords$click$3.call(Unknown Source)
	at org.codehaus.groovy.runtime.callsite.CallSiteArray.defaultCall(CallSiteArray.java:48)
	at org.codehaus.groovy.runtime.callsite.AbstractCallSite.call(AbstractCallSite.java:113)
	at org.codehaus.groovy.runtime.callsite.AbstractCallSite.call(AbstractCallSite.java:125)
	at Script1576001322821.run(Script1576001322821.groovy:46)
	at com.kms.katalon.core.main.ScriptEngine.run(ScriptEngine.java:183)
	at com.kms.katalon.core.main.ScriptEngine.runScriptAsRawText(ScriptEngine.java:108)
	at com.kms.katalon.core.main.TestCaseExecutor.runScript(TestCaseExecutor.java:294)
	at com.kms.katalon.core.main.TestCaseExecutor.doExecute(TestCaseExecutor.java:285)
	at com.kms.katalon.core.main.TestCaseExecutor.processExecutionPhase(TestCaseExecutor.java:264)
	at com.kms.katalon.core.main.TestCaseExecutor.accessMainPhase(TestCaseExecutor.java:256)
	at com.kms.katalon.core.main.TestCaseExecutor.execute(TestCaseExecutor.java:200)
	at com.kms.katalon.core.main.TestSuiteExecutor.accessTestCaseMainPhase(TestSuiteExecutor.java:129)
	at com.kms.katalon.core.main.TestSuiteExecutor.accessTestSuiteMainPhase(TestSuiteExecutor.java:112)
	at com.kms.katalon.core.main.TestSuiteExecutor.execute(TestSuiteExecutor.java:81)
	at com.kms.katalon.core.main.TestCaseMain.startTestSuite(TestCaseMain.java:142)
	at com.kms.katalon.core.main.TestCaseMain$startTestSuite$0.call(Unknown Source)
	at org.codehaus.groovy.runtime.callsite.CallSiteArray.defaultCall(CallSiteArray.java:48)
	at org.codehaus.groovy.runtime.callsite.AbstractCallSite.call(AbstractCallSite.java:113)
	at org.codehaus.groovy.runtime.callsite.AbstractCallSite.call(AbstractCallSite.java:141)
	at TempTestSuite1576001525018.run(TempTestSuite1576001525018.groovy:36)
	at groovy.lang.GroovyShell.runScriptOrMainOrTestOrRunnable(GroovyShell.java:263)
	at groovy.lang.GroovyShell.run(GroovyShell.java:518)
	at groovy.lang.GroovyShell.run(GroovyShell.java:507)
	at groovy.ui.GroovyMain.processOnce(GroovyMain.java:653)
	at groovy.ui.GroovyMain.run(GroovyMain.java:384)
	at groovy.ui.GroovyMain.process(GroovyMain.java:370)
	at groovy.ui.GroovyMain.processArgs(GroovyMain.java:129)
	at groovy.ui.GroovyMain.main(GroovyMain.java:109)
	at sun.reflect.NativeMethodAccessorImpl.invoke0(Native Method)
	at sun.reflect.NativeMethodAccessorImpl.invoke(NativeMethodAccessorImpl.java:62)
	at sun.reflect.DelegatingMethodAccessorImpl.invoke(DelegatingMethodAccessorImpl.java:43)
	at java.lang.reflect.Method.invoke(Method.java:498)
	at org.codehaus.groovy.tools.GroovyStarter.rootLoader(GroovyStarter.java:109)
	at org.codehaus.groovy.tools.GroovyStarter.main(GroovyStarter.java:131)
)]]></system-out>
      <system-err><![CDATA[2019-12-10 23:42:08 - [TEST_SUITE][FAILED] - NJS_Chandu: Test Cases/profile3 FAILED because (of) (Stack trace: com.kms.katalon.core.exception.StepFailedException: Unable to click on object 'Object Repository/ProfileName' (Root cause: com.kms.katalon.core.webui.exception.WebElementNotFoundException: Web element with id: 'Object Repository/ProfileName' located by 'By.xpath: //div[@title = 'Chandu Thota' and (text() = 'Chandu Thota' or . = 'Chandu Thota')]' not found)
	at com.kms.katalon.core.keyword.internal.KeywordMain.stepFailed(KeywordMain.groovy:36)
	at com.kms.katalon.core.webui.keyword.internal.WebUIKeywordMain.stepFailed(WebUIKeywordMain.groovy:65)
	at com.kms.katalon.core.webui.keyword.internal.WebUIKeywordMain.runKeyword(WebUIKeywordMain.groovy:27)
	at com.kms.katalon.core.webui.keyword.builtin.ClickKeyword.click(ClickKeyword.groovy:86)
	at com.kms.katalon.core.webui.keyword.builtin.ClickKeyword.execute(ClickKeyword.groovy:67)
	at com.kms.katalon.core.keyword.internal.KeywordExecutor.executeKeywordForPlatform(KeywordExecutor.groovy:53)
	at com.kms.katalon.core.webui.keyword.WebUiBuiltInKeywords.click(WebUiBuiltInKeywords.groovy:616)
	at com.kms.katalon.core.webui.keyword.WebUiBuiltInKeywords$click$3.call(Unknown Source)
	at org.codehaus.groovy.runtime.callsite.CallSiteArray.defaultCall(CallSiteArray.java:48)
	at org.codehaus.groovy.runtime.callsite.AbstractCallSite.call(AbstractCallSite.java:113)
	at org.codehaus.groovy.runtime.callsite.AbstractCallSite.call(AbstractCallSite.java:125)
	at Script1576001322821.run(Script1576001322821.groovy:46)
	at com.kms.katalon.core.main.ScriptEngine.run(ScriptEngine.java:183)
	at com.kms.katalon.core.main.ScriptEngine.runScriptAsRawText(ScriptEngine.java:108)
	at com.kms.katalon.core.main.TestCaseExecutor.runScript(TestCaseExecutor.java:294)
	at com.kms.katalon.core.main.TestCaseExecutor.doExecute(TestCaseExecutor.java:285)
	at com.kms.katalon.core.main.TestCaseExecutor.processExecutionPhase(TestCaseExecutor.java:264)
	at com.kms.katalon.core.main.TestCaseExecutor.accessMainPhase(TestCaseExecutor.java:256)
	at com.kms.katalon.core.main.TestCaseExecutor.execute(TestCaseExecutor.java:200)
	at com.kms.katalon.core.main.TestSuiteExecutor.accessTestCaseMainPhase(TestSuiteExecutor.java:129)
	at com.kms.katalon.core.main.TestSuiteExecutor.accessTestSuiteMainPhase(TestSuiteExecutor.java:112)
	at com.kms.katalon.core.main.TestSuiteExecutor.execute(TestSuiteExecutor.java:81)
	at com.kms.katalon.core.main.TestCaseMain.startTestSuite(TestCaseMain.java:142)
	at com.kms.katalon.core.main.TestCaseMain$startTestSuite$0.call(Unknown Source)
	at org.codehaus.groovy.runtime.callsite.CallSiteArray.defaultCall(CallSiteArray.java:48)
	at org.codehaus.groovy.runtime.callsite.AbstractCallSite.call(AbstractCallSite.java:113)
	at org.codehaus.groovy.runtime.callsite.AbstractCallSite.call(AbstractCallSite.java:141)
	at TempTestSuite1576001525018.run(TempTestSuite1576001525018.groovy:36)
	at groovy.lang.GroovyShell.runScriptOrMainOrTestOrRunnable(GroovyShell.java:263)
	at groovy.lang.GroovyShell.run(GroovyShell.java:518)
	at groovy.lang.GroovyShell.run(GroovyShell.java:507)
	at groovy.ui.GroovyMain.processOnce(GroovyMain.java:653)
	at groovy.ui.GroovyMain.run(GroovyMain.java:384)
	at groovy.ui.GroovyMain.process(GroovyMain.java:370)
	at groovy.ui.GroovyMain.processArgs(GroovyMain.java:129)
	at groovy.ui.GroovyMain.main(GroovyMain.java:109)
	at sun.reflect.NativeMethodAccessorImpl.invoke0(Native Method)
	at sun.reflect.NativeMethodAccessorImpl.invoke(NativeMethodAccessorImpl.java:62)
	at sun.reflect.DelegatingMethodAccessorImpl.invoke(DelegatingMethodAccessorImpl.java:43)
	at java.lang.reflect.Method.invoke(Method.java:498)
	at org.codehaus.groovy.tools.GroovyStarter.rootLoader(GroovyStarter.java:109)
	at org.codehaus.groovy.tools.GroovyStarter.main(GroovyStarter.java:131)
)]]></system-err>
   </testsuite>
</testsuites>
