<?xml version="1.0" encoding="UTF-8"?>
<testsuites name="NJS_Chandu" time="290.114" tests="3" failures="1" errors="0">
   <testsuite name="NJS_Chandu" tests="3" failures="1" errors="0" time="290.114" timestamp="2020-01-06 10:58:30" hostname="chandu.t - wlpt518.imidomain.com" id="Test Suites/NJS_Chandu">
      <properties>
         <property name="deviceName" value=""/>
         <property name="devicePlatform" value=""/>
         <property name="logFolder" value="C:\\Users\\chandu.t\\Katalon Studio\\NJS_Chandu\\Reports\\20200106_105821\\NJS_Chandu\\20200106_105821"/>
         <property name="logFiles" value="C:\\Users\\chandu.t\\Katalon Studio\\NJS_Chandu\\Reports\\20200106_105821\\NJS_Chandu\\20200106_105821\\execution0.log"/>
         <property name="attachments" value="C:\\Users\\chandu.t\\Katalon Studio\\NJS_Chandu\\Reports\\20200106_105821\\NJS_Chandu\\20200106_105821\\1578288590124.png, C:\\Users\\chandu.t\\Katalon Studio\\NJS_Chandu\\Reports\\20200106_105821\\NJS_Chandu\\20200106_105821\\1578288602731.png, C:\\Users\\chandu.t\\Katalon Studio\\NJS_Chandu\\Reports\\20200106_105821\\NJS_Chandu\\20200106_105821\\1578288616697.png, C:\\Users\\chandu.t\\Katalon Studio\\NJS_Chandu\\Reports\\20200106_105821\\NJS_Chandu\\20200106_105821\\1578288705432.png, C:\\Users\\chandu.t\\Katalon Studio\\NJS_Chandu\\Reports\\20200106_105821\\NJS_Chandu\\20200106_105821\\1578288775068.png, C:\\Users\\chandu.t\\Katalon Studio\\NJS_Chandu\\Reports\\20200106_105821\\NJS_Chandu\\20200106_105821\\1578288786123.png, C:\\Users\\chandu.t\\Katalon Studio\\NJS_Chandu\\Reports\\20200106_105821\\NJS_Chandu\\20200106_105821\\1578288799292.png"/>
         <property name="hostName" value="chandu.t - wlpt518.imidomain.com"/>
         <property name="os" value="Windows 10 64bit"/>
         <property name="katalonVersion" value="7.1.2.1"/>
         <property name="browser" value="Chrome 77.0.3865.75"/>
         <property name="hostAddress" value="10.0.26.179"/>
         <property name="sessionId" value="db48164f3f28e0a567d7a2b07d64790e"/>
         <property name="seleniumVersion" value="3.141.59"/>
         <property name="proxyInformation" value="ProxyInformation{proxyOption=NO_PROXY, proxyServerType=HTTP, password=, proxyServerAddress=, proxyServerPort=0, executionList=}"/>
         <property name="platform" value="Windows 10"/>
      </properties>
      <testcase name="Test Cases/deleteandupload3" time="106.458" classname="Test Cases/deleteandupload3" status="PASSED">
         <system-out><![CDATA[2020-01-06 10:58:32 - [TEST_CASE][PASSED] - Test Cases/deleteandupload3: Test Cases/deleteandupload3

2020-01-06 10:58:33 - [TEST_STEP][PASSED] - openBrowser(findTestData("LoginDetailsNJS").getValue(1, 3)): Browser is opened with url: 'https://www.naukri.com/'

2020-01-06 10:58:36 - [MESSAGE][INFO] - Starting 'Chrome' driver

2020-01-06 10:58:37 - [MESSAGE][INFO] - User set preference: ['args', '[--incognito]']

2020-01-06 10:58:37 - [MESSAGE][INFO] - Action delay is set to 0 seconds

2020-01-06 10:58:53 - [MESSAGE][PASSED] - Browser is opened with url: 'https://www.naukri.com/'

2020-01-06 10:58:53 - [TEST_STEP][PASSED] - closeWindowIndex(1): Window with index 1 is closed

2020-01-06 10:58:57 - [MESSAGE][PASSED] - Window with index 1 is closed

2020-01-06 10:58:57 - [TEST_STEP][PASSED] - closeWindowIndex(1): Window with index 1 is closed

2020-01-06 10:59:01 - [MESSAGE][PASSED] - Window with index 1 is closed

2020-01-06 10:59:01 - [TEST_STEP][PASSED] - switchToWindowIndex(0): Switched to window with index: '0'

2020-01-06 10:59:02 - [MESSAGE][PASSED] - Switched to window with index: '0'

2020-01-06 10:59:02 - [TEST_STEP][PASSED] - maximizeWindow(): Current window maximized

2020-01-06 10:59:06 - [MESSAGE][PASSED] - Current window maximized

2020-01-06 10:59:06 - [TEST_STEP][PASSED] - click(findTestObject("LoginButton")): Object: 'Object Repository/LoginButton' is clicked on

2020-01-06 10:59:08 - [MESSAGE][PASSED] - Object: 'Object Repository/LoginButton' is clicked on

2020-01-06 10:59:08 - [TEST_STEP][PASSED] - click(findTestObject("GoogleButton")): Object: 'Object Repository/GoogleButton' is clicked on

2020-01-06 10:59:09 - [MESSAGE][PASSED] - Object: 'Object Repository/GoogleButton' is clicked on

2020-01-06 10:59:09 - [TEST_STEP][PASSED] - switchToWindowIndex(1): Switched to window with index: '1'

2020-01-06 10:59:13 - [MESSAGE][PASSED] - Switched to window with index: '1'

2020-01-06 10:59:13 - [TEST_STEP][PASSED] - setText(findTestObject("UserName"), findTestData("LoginDetailsNJS").getValue(2, 3)): Text 'chandut1024@gmail.com' is set on object 'Object Repository/UserName'

2020-01-06 10:59:15 - [MESSAGE][PASSED] - Text 'chandut1024@gmail.com' is set on object 'Object Repository/UserName'

2020-01-06 10:59:15 - [TEST_STEP][PASSED] - click(findTestObject("NextButton")): Object: 'Object Repository/NextButton' is clicked on

2020-01-06 10:59:15 - [MESSAGE][PASSED] - Object: 'Object Repository/NextButton' is clicked on

2020-01-06 10:59:15 - [TEST_STEP][PASSED] - delay(5): Delayed 5 second(s)

2020-01-06 10:59:20 - [MESSAGE][PASSED] - Delayed 5 second(s)

2020-01-06 10:59:20 - [TEST_STEP][PASSED] - setText(findTestObject("Password"), findTestData("LoginDetailsNJS").getValue(3, 3)): Text 'achala$123' is set on object 'Object Repository/Password'

2020-01-06 10:59:21 - [MESSAGE][PASSED] - Text 'achala$123' is set on object 'Object Repository/Password'

2020-01-06 10:59:21 - [TEST_STEP][PASSED] - click(findTestObject("NextButton")): Object: 'Object Repository/NextButton' is clicked on

2020-01-06 10:59:22 - [MESSAGE][PASSED] - Object: 'Object Repository/NextButton' is clicked on

2020-01-06 10:59:22 - [TEST_STEP][PASSED] - switchToWindowIndex(0): Switched to window with index: '0'

2020-01-06 10:59:22 - [MESSAGE][PASSED] - Switched to window with index: '0'

2020-01-06 10:59:22 - [TEST_STEP][PASSED] - delay(10): Delayed 10 second(s)

2020-01-06 10:59:32 - [MESSAGE][PASSED] - Delayed 10 second(s)

2020-01-06 10:59:32 - [TEST_STEP][PASSED] - click(findTestObject("ProfileName")): Object: 'Object Repository/ProfileName' is clicked on

2020-01-06 10:59:33 - [MESSAGE][PASSED] - Object: 'Object Repository/ProfileName' is clicked on

2020-01-06 10:59:33 - [TEST_STEP][PASSED] - click(findTestObject("DeleteResumeButton")): Object: 'Object Repository/DeleteResumeButton' is clicked on

2020-01-06 10:59:34 - [MESSAGE][PASSED] - Object: 'Object Repository/DeleteResumeButton' is clicked on

2020-01-06 10:59:34 - [TEST_STEP][PASSED] - click(findTestObject("DeleteResumeConfirm")): Object: 'Object Repository/DeleteResumeConfirm' is clicked on

2020-01-06 10:59:34 - [MESSAGE][PASSED] - Object: 'Object Repository/DeleteResumeConfirm' is clicked on

2020-01-06 10:59:34 - [TEST_STEP][PASSED] - delay(15): Delayed 15 second(s)

2020-01-06 10:59:49 - [MESSAGE][PASSED] - Delayed 15 second(s)

2020-01-06 10:59:49 - [TEST_STEP][PASSED] - takeScreenshot(): Taking screenshot successfully

2020-01-06 10:59:50 - [MESSAGE][PASSED] - Taking screenshot successfully
[[ATTACHMENT|C:\\Users\\chandu.t\\Katalon Studio\\NJS_Chandu\\Reports\\20200106_105821\\NJS_Chandu\\20200106_105821\\1578288590124.png]]

2020-01-06 10:59:50 - [TEST_STEP][PASSED] - uploadFile(findTestObject("UploadResumeButton"), findTestData("LoginDetailsNJS").getValue(5, 3)): File 'D:\chanduR\Resume3.docx' sent to object: 'Object Repository/UploadResumeButton'

2020-01-06 10:59:52 - [MESSAGE][PASSED] - File 'D:\chanduR\Resume3.docx' sent to object: 'Object Repository/UploadResumeButton'

2020-01-06 10:59:52 - [TEST_STEP][PASSED] - delay(10): Delayed 10 second(s)

2020-01-06 11:00:02 - [MESSAGE][PASSED] - Delayed 10 second(s)

2020-01-06 11:00:02 - [TEST_STEP][NOT_RUN] - click(findTestObject("EditResumeHeadline")): NOT_RUN: click(findTestObject("EditResumeHeadline"))

2020-01-06 11:00:02 - [MESSAGE][NOT_RUN] - NOT_RUN: click(findTestObject("EditResumeHeadline"))

2020-01-06 11:00:02 - [TEST_STEP][NOT_RUN] - setText(findTestObject("ResumeHeadLineText"), "."): NOT_RUN: setText(findTestObject("ResumeHeadLineText"), ".")

2020-01-06 11:00:02 - [MESSAGE][NOT_RUN] - NOT_RUN: setText(findTestObject("ResumeHeadLineText"), ".")

2020-01-06 11:00:02 - [TEST_STEP][NOT_RUN] - click(findTestObject("SaveResumeHeadLineButton")): NOT_RUN: click(findTestObject("SaveResumeHeadLineButton"))

2020-01-06 11:00:02 - [MESSAGE][NOT_RUN] - NOT_RUN: click(findTestObject("SaveResumeHeadLineButton"))

2020-01-06 11:00:02 - [TEST_STEP][PASSED] - takeScreenshot(): Taking screenshot successfully

2020-01-06 11:00:03 - [MESSAGE][PASSED] - Taking screenshot successfully
[[ATTACHMENT|C:\\Users\\chandu.t\\Katalon Studio\\NJS_Chandu\\Reports\\20200106_105821\\NJS_Chandu\\20200106_105821\\1578288602731.png]]

2020-01-06 11:00:03 - [TEST_STEP][PASSED] - refresh(): Refresh successfully

2020-01-06 11:00:06 - [MESSAGE][PASSED] - Refresh successfully

2020-01-06 11:00:06 - [TEST_STEP][PASSED] - delay(10): Delayed 10 second(s)

2020-01-06 11:00:16 - [MESSAGE][PASSED] - Delayed 10 second(s)

2020-01-06 11:00:16 - [TEST_STEP][PASSED] - takeScreenshot(): Taking screenshot successfully

2020-01-06 11:00:17 - [MESSAGE][PASSED] - Taking screenshot successfully
[[ATTACHMENT|C:\\Users\\chandu.t\\Katalon Studio\\NJS_Chandu\\Reports\\20200106_105821\\NJS_Chandu\\20200106_105821\\1578288616697.png]]

2020-01-06 11:00:17 - [TEST_STEP][PASSED] - closeBrowser(): Browser is closed

2020-01-06 11:00:18 - [MESSAGE][PASSED] - Browser is closed]]></system-out>
         <system-err><![CDATA[]]></system-err>
      </testcase>
      <testcase name="Test Cases/deleteandupload2" time="87.524" classname="Test Cases/deleteandupload2" status="FAILED">
         <failure type="FAILED" message="Test Cases/deleteandupload2 FAILED.
Reason:
com.kms.katalon.core.exception.StepFailedException: Unable to click on object 'Object Repository/ProfileName'
	at com.kms.katalon.core.webui.keyword.internal.WebUIKeywordMain.stepFailed(WebUIKeywordMain.groovy:64)
	at com.kms.katalon.core.webui.keyword.internal.WebUIKeywordMain.runKeyword(WebUIKeywordMain.groovy:26)
	at com.kms.katalon.core.webui.keyword.builtin.ClickKeyword.click(ClickKeyword.groovy:102)
	at com.kms.katalon.core.webui.keyword.builtin.ClickKeyword.execute(ClickKeyword.groovy:43)
	at com.kms.katalon.core.keyword.internal.KeywordExecutor.executeKeywordForPlatform(KeywordExecutor.groovy:72)
	at com.kms.katalon.core.webui.keyword.WebUiBuiltInKeywords.click(WebUiBuiltInKeywords.groovy:616)
	at com.kms.katalon.core.webui.keyword.WebUiBuiltInKeywords$click$3.call(Unknown Source)
	at deleteandupload2.run(deleteandupload2:46)
	at com.kms.katalon.core.main.ScriptEngine.run(ScriptEngine.java:194)
	at com.kms.katalon.core.main.ScriptEngine.runScriptAsRawText(ScriptEngine.java:119)
	at com.kms.katalon.core.main.TestCaseExecutor.runScript(TestCaseExecutor.java:337)
	at com.kms.katalon.core.main.TestCaseExecutor.doExecute(TestCaseExecutor.java:328)
	at com.kms.katalon.core.main.TestCaseExecutor.processExecutionPhase(TestCaseExecutor.java:307)
	at com.kms.katalon.core.main.TestCaseExecutor.accessMainPhase(TestCaseExecutor.java:299)
	at com.kms.katalon.core.main.TestCaseExecutor.execute(TestCaseExecutor.java:233)
	at com.kms.katalon.core.main.TestSuiteExecutor.accessTestCaseMainPhase(TestSuiteExecutor.java:169)
	at com.kms.katalon.core.main.TestSuiteExecutor.accessTestSuiteMainPhase(TestSuiteExecutor.java:142)
	at com.kms.katalon.core.main.TestSuiteExecutor.execute(TestSuiteExecutor.java:91)
	at com.kms.katalon.core.main.TestCaseMain.startTestSuite(TestCaseMain.java:157)
	at com.kms.katalon.core.main.TestCaseMain$startTestSuite$0.call(Unknown Source)
	at TempTestSuite1578288502111.run(TempTestSuite1578288502111.groovy:36)
Caused by: com.kms.katalon.core.webui.exception.WebElementNotFoundException: Web element with id: 'Object Repository/ProfileName' located by 'By.xpath: //div[@id='root']/div/div/span/div/div/div/div[2]/div/div[2]/div/div/a/div[2]/div' not found
	at com.kms.katalon.core.webui.common.WebUiCommonHelper.findWebElement(WebUiCommonHelper.java:1154)
	at com.kms.katalon.core.webui.keyword.internal.WebUIAbstractKeyword.findWebElement(WebUIAbstractKeyword.groovy:27)
	at com.kms.katalon.core.webui.keyword.internal.WebUIAbstractKeyword.findWebElement(WebUIAbstractKeyword.groovy:26)
	at com.kms.katalon.core.webui.keyword.builtin.ClickKeyword$_click_closure1.doCall(ClickKeyword.groovy:67)
	at com.kms.katalon.core.webui.keyword.builtin.ClickKeyword$_click_closure1.call(ClickKeyword.groovy)
	at com.kms.katalon.core.webui.keyword.internal.WebUIKeywordMain.runKeyword(WebUIKeywordMain.groovy:20)
	... 19 more
"/>
         <system-out><![CDATA[2020-01-06 11:00:18 - [TEST_CASE][FAILED] - Test Cases/deleteandupload2: Test Cases/deleteandupload2 FAILED.
Reason:
com.kms.katalon.core.exception.StepFailedException: Unable to click on object 'Object Repository/ProfileName'
	at com.kms.katalon.core.webui.keyword.internal.WebUIKeywordMain.stepFailed(WebUIKeywordMain.groovy:64)
	at com.kms.katalon.core.webui.keyword.internal.WebUIKeywordMain.runKeyword(WebUIKeywordMain.groovy:26)
	at com.kms.katalon.core.webui.keyword.builtin.ClickKeyword.click(ClickKeyword.groovy:102)
	at com.kms.katalon.core.webui.keyword.builtin.ClickKeyword.execute(ClickKeyword.groovy:43)
	at com.kms.katalon.core.keyword.internal.KeywordExecutor.executeKeywordForPlatform(KeywordExecutor.groovy:72)
	at com.kms.katalon.core.webui.keyword.WebUiBuiltInKeywords.click(WebUiBuiltInKeywords.groovy:616)
	at com.kms.katalon.core.webui.keyword.WebUiBuiltInKeywords$click$3.call(Unknown Source)
	at deleteandupload2.run(deleteandupload2:46)
	at com.kms.katalon.core.main.ScriptEngine.run(ScriptEngine.java:194)
	at com.kms.katalon.core.main.ScriptEngine.runScriptAsRawText(ScriptEngine.java:119)
	at com.kms.katalon.core.main.TestCaseExecutor.runScript(TestCaseExecutor.java:337)
	at com.kms.katalon.core.main.TestCaseExecutor.doExecute(TestCaseExecutor.java:328)
	at com.kms.katalon.core.main.TestCaseExecutor.processExecutionPhase(TestCaseExecutor.java:307)
	at com.kms.katalon.core.main.TestCaseExecutor.accessMainPhase(TestCaseExecutor.java:299)
	at com.kms.katalon.core.main.TestCaseExecutor.execute(TestCaseExecutor.java:233)
	at com.kms.katalon.core.main.TestSuiteExecutor.accessTestCaseMainPhase(TestSuiteExecutor.java:169)
	at com.kms.katalon.core.main.TestSuiteExecutor.accessTestSuiteMainPhase(TestSuiteExecutor.java:142)
	at com.kms.katalon.core.main.TestSuiteExecutor.execute(TestSuiteExecutor.java:91)
	at com.kms.katalon.core.main.TestCaseMain.startTestSuite(TestCaseMain.java:157)
	at com.kms.katalon.core.main.TestCaseMain$startTestSuite$0.call(Unknown Source)
	at TempTestSuite1578288502111.run(TempTestSuite1578288502111.groovy:36)
Caused by: com.kms.katalon.core.webui.exception.WebElementNotFoundException: Web element with id: 'Object Repository/ProfileName' located by 'By.xpath: //div[@id='root']/div/div/span/div/div/div/div[2]/div/div[2]/div/div/a/div[2]/div' not found
	at com.kms.katalon.core.webui.common.WebUiCommonHelper.findWebElement(WebUiCommonHelper.java:1154)
	at com.kms.katalon.core.webui.keyword.internal.WebUIAbstractKeyword.findWebElement(WebUIAbstractKeyword.groovy:27)
	at com.kms.katalon.core.webui.keyword.internal.WebUIAbstractKeyword.findWebElement(WebUIAbstractKeyword.groovy:26)
	at com.kms.katalon.core.webui.keyword.builtin.ClickKeyword$_click_closure1.doCall(ClickKeyword.groovy:67)
	at com.kms.katalon.core.webui.keyword.builtin.ClickKeyword$_click_closure1.call(ClickKeyword.groovy)
	at com.kms.katalon.core.webui.keyword.internal.WebUIKeywordMain.runKeyword(WebUIKeywordMain.groovy:20)
	... 19 more


2020-01-06 11:00:19 - [TEST_STEP][PASSED] - openBrowser(findTestData("LoginDetailsNJS").getValue(1, 2)): Browser is opened with url: 'https://www.naukri.com/'

2020-01-06 11:00:19 - [MESSAGE][INFO] - Starting 'Chrome' driver

2020-01-06 11:00:19 - [MESSAGE][INFO] - User set preference: ['args', '[--incognito]']

2020-01-06 11:00:31 - [MESSAGE][PASSED] - Browser is opened with url: 'https://www.naukri.com/'

2020-01-06 11:00:31 - [TEST_STEP][PASSED] - closeWindowIndex(1): Window with index 1 is closed

2020-01-06 11:00:35 - [MESSAGE][PASSED] - Window with index 1 is closed

2020-01-06 11:00:35 - [TEST_STEP][PASSED] - closeWindowIndex(1): Window with index 1 is closed

2020-01-06 11:00:40 - [MESSAGE][PASSED] - Window with index 1 is closed

2020-01-06 11:00:40 - [TEST_STEP][PASSED] - switchToWindowIndex(0): Switched to window with index: '0'

2020-01-06 11:00:40 - [MESSAGE][PASSED] - Switched to window with index: '0'

2020-01-06 11:00:40 - [TEST_STEP][PASSED] - maximizeWindow(): Current window maximized

2020-01-06 11:00:45 - [MESSAGE][PASSED] - Current window maximized

2020-01-06 11:00:45 - [TEST_STEP][PASSED] - click(findTestObject("LoginButton")): Object: 'Object Repository/LoginButton' is clicked on

2020-01-06 11:00:46 - [MESSAGE][PASSED] - Object: 'Object Repository/LoginButton' is clicked on

2020-01-06 11:00:46 - [TEST_STEP][PASSED] - click(findTestObject("GoogleButton")): Object: 'Object Repository/GoogleButton' is clicked on

2020-01-06 11:00:48 - [MESSAGE][PASSED] - Object: 'Object Repository/GoogleButton' is clicked on

2020-01-06 11:00:48 - [TEST_STEP][PASSED] - switchToWindowIndex(1): Switched to window with index: '1'

2020-01-06 11:00:52 - [MESSAGE][PASSED] - Switched to window with index: '1'

2020-01-06 11:00:52 - [TEST_STEP][PASSED] - setText(findTestObject("UserName"), findTestData("LoginDetailsNJS").getValue(2, 2)): Text 'chanduthota371@gmail.com' is set on object 'Object Repository/UserName'

2020-01-06 11:00:53 - [MESSAGE][PASSED] - Text 'chanduthota371@gmail.com' is set on object 'Object Repository/UserName'

2020-01-06 11:00:53 - [TEST_STEP][PASSED] - click(findTestObject("NextButton")): Object: 'Object Repository/NextButton' is clicked on

2020-01-06 11:00:54 - [MESSAGE][PASSED] - Object: 'Object Repository/NextButton' is clicked on

2020-01-06 11:00:54 - [TEST_STEP][PASSED] - delay(5): Delayed 5 second(s)

2020-01-06 11:00:59 - [MESSAGE][PASSED] - Delayed 5 second(s)

2020-01-06 11:00:59 - [TEST_STEP][PASSED] - setText(findTestObject("Password"), findTestData("LoginDetailsNJS").getValue(3, 2)): Text 'achala$123' is set on object 'Object Repository/Password'

2020-01-06 11:01:00 - [MESSAGE][PASSED] - Text 'achala$123' is set on object 'Object Repository/Password'

2020-01-06 11:01:00 - [TEST_STEP][PASSED] - click(findTestObject("NextButton")): Object: 'Object Repository/NextButton' is clicked on

2020-01-06 11:01:01 - [MESSAGE][PASSED] - Object: 'Object Repository/NextButton' is clicked on

2020-01-06 11:01:01 - [TEST_STEP][PASSED] - switchToWindowIndex(0): Switched to window with index: '0'

2020-01-06 11:01:01 - [MESSAGE][PASSED] - Switched to window with index: '0'

2020-01-06 11:01:01 - [TEST_STEP][PASSED] - delay(10): Delayed 10 second(s)

2020-01-06 11:01:11 - [MESSAGE][PASSED] - Delayed 10 second(s)

2020-01-06 11:01:11 - [TEST_STEP][FAILED] - click(findTestObject("ProfileName")): Unable to click on object 'Object Repository/ProfileName' (Root cause: com.kms.katalon.core.exception.StepFailedException: Unable to click on object 'Object Repository/ProfileName'
	at com.kms.katalon.core.webui.keyword.internal.WebUIKeywordMain.stepFailed(WebUIKeywordMain.groovy:64)
	at com.kms.katalon.core.webui.keyword.internal.WebUIKeywordMain.runKeyword(WebUIKeywordMain.groovy:26)
	at com.kms.katalon.core.webui.keyword.builtin.ClickKeyword.click(ClickKeyword.groovy:102)
	at com.kms.katalon.core.webui.keyword.builtin.ClickKeyword.execute(ClickKeyword.groovy:43)
	at com.kms.katalon.core.keyword.internal.KeywordExecutor.executeKeywordForPlatform(KeywordExecutor.groovy:72)
	at com.kms.katalon.core.webui.keyword.WebUiBuiltInKeywords.click(WebUiBuiltInKeywords.groovy:616)
	at com.kms.katalon.core.webui.keyword.WebUiBuiltInKeywords$click$3.call(Unknown Source)
	at deleteandupload2.run(deleteandupload2:46)
	at com.kms.katalon.core.main.ScriptEngine.run(ScriptEngine.java:194)
	at com.kms.katalon.core.main.ScriptEngine.runScriptAsRawText(ScriptEngine.java:119)
	at com.kms.katalon.core.main.TestCaseExecutor.runScript(TestCaseExecutor.java:337)
	at com.kms.katalon.core.main.TestCaseExecutor.doExecute(TestCaseExecutor.java:328)
	at com.kms.katalon.core.main.TestCaseExecutor.processExecutionPhase(TestCaseExecutor.java:307)
	at com.kms.katalon.core.main.TestCaseExecutor.accessMainPhase(TestCaseExecutor.java:299)
	at com.kms.katalon.core.main.TestCaseExecutor.execute(TestCaseExecutor.java:233)
	at com.kms.katalon.core.main.TestSuiteExecutor.accessTestCaseMainPhase(TestSuiteExecutor.java:169)
	at com.kms.katalon.core.main.TestSuiteExecutor.accessTestSuiteMainPhase(TestSuiteExecutor.java:142)
	at com.kms.katalon.core.main.TestSuiteExecutor.execute(TestSuiteExecutor.java:91)
	at com.kms.katalon.core.main.TestCaseMain.startTestSuite(TestCaseMain.java:157)
	at com.kms.katalon.core.main.TestCaseMain$startTestSuite$0.call(Unknown Source)
	at TempTestSuite1578288502111.run(TempTestSuite1578288502111.groovy:36)
Caused by: com.kms.katalon.core.webui.exception.WebElementNotFoundException: Web element with id: 'Object Repository/ProfileName' located by 'By.xpath: //div[@id='root']/div/div/span/div/div/div/div[2]/div/div[2]/div/div/a/div[2]/div' not found
	at com.kms.katalon.core.webui.common.WebUiCommonHelper.findWebElement(WebUiCommonHelper.java:1154)
	at com.kms.katalon.core.webui.keyword.internal.WebUIAbstractKeyword.findWebElement(WebUIAbstractKeyword.groovy:27)
	at com.kms.katalon.core.webui.keyword.internal.WebUIAbstractKeyword.findWebElement(WebUIAbstractKeyword.groovy:26)
	at com.kms.katalon.core.webui.keyword.builtin.ClickKeyword$_click_closure1.doCall(ClickKeyword.groovy:67)
	at com.kms.katalon.core.webui.keyword.builtin.ClickKeyword$_click_closure1.call(ClickKeyword.groovy)
	at com.kms.katalon.core.webui.keyword.internal.WebUIKeywordMain.runKeyword(WebUIKeywordMain.groovy:20)
	at com.kms.katalon.core.webui.keyword.builtin.ClickKeyword.click(ClickKeyword.groovy:102)
	at com.kms.katalon.core.webui.keyword.builtin.ClickKeyword.execute(ClickKeyword.groovy:43)
	at com.kms.katalon.core.keyword.internal.KeywordExecutor.executeKeywordForPlatform(KeywordExecutor.groovy:72)
	at com.kms.katalon.core.webui.keyword.WebUiBuiltInKeywords.click(WebUiBuiltInKeywords.groovy:616)
	at com.kms.katalon.core.webui.keyword.WebUiBuiltInKeywords$click$3.call(Unknown Source)
	at Script1576031534848.run(Script1576031534848.groovy:46)
	... 13 more
)

2020-01-06 11:01:44 - [MESSAGE][INFO] - Unable to find the element located by 'By.xpath: //div[@id='root']/div/div/span/div/div/div/div[2]/div/div[2]/div/div/a/div[2]/div'. Please recheck the objects properties to make sure the desired element is located. 

2020-01-06 11:01:44 - [MESSAGE][INFO] - [SMART_XPATH] Auto-trying out other XPath values in the test object.

2020-01-06 11:01:44 - [MESSAGE][INFO] - [SMART_XPATH] FAILED XPATH: '//div[@id='root']/div/div/span/div/div/div/div[2]/div/div[2]/div/div/a/div[2]/div'.

2020-01-06 11:01:44 - [MESSAGE][INFO] - [SMART_XPATH] FAILED XPATH: '(.//*[normalize-space(text()) and normalize-space(.)='View All'])[5]/following::div[7]'.

2020-01-06 11:01:45 - [MESSAGE][INFO] - [SMART_XPATH] FAILED XPATH: '(.//*[normalize-space(text()) and normalize-space(.)='BUY CREDITS'])[1]/following::div[8]'.

2020-01-06 11:01:45 - [MESSAGE][INFO] - [SMART_XPATH] FAILED XPATH: '(.//*[normalize-space(text()) and normalize-space(.)='Testing Engineer'])[1]/preceding::div[1]'.

2020-01-06 11:01:45 - [MESSAGE][INFO] - [SMART_XPATH] FAILED XPATH: '//a/div[2]/div'.

2020-01-06 11:01:45 - [MESSAGE][INFO] - [SMART_XPATH] No working XPath is found.

2020-01-06 11:01:45 - [MESSAGE][FAILED] - Unable to click on object 'Object Repository/ProfileName' (Root cause: com.kms.katalon.core.exception.StepFailedException: Unable to click on object 'Object Repository/ProfileName'
	at com.kms.katalon.core.webui.keyword.internal.WebUIKeywordMain.stepFailed(WebUIKeywordMain.groovy:64)
	at com.kms.katalon.core.webui.keyword.internal.WebUIKeywordMain.runKeyword(WebUIKeywordMain.groovy:26)
	at com.kms.katalon.core.webui.keyword.builtin.ClickKeyword.click(ClickKeyword.groovy:102)
	at com.kms.katalon.core.webui.keyword.builtin.ClickKeyword.execute(ClickKeyword.groovy:43)
	at com.kms.katalon.core.keyword.internal.KeywordExecutor.executeKeywordForPlatform(KeywordExecutor.groovy:72)
	at com.kms.katalon.core.webui.keyword.WebUiBuiltInKeywords.click(WebUiBuiltInKeywords.groovy:616)
	at com.kms.katalon.core.webui.keyword.WebUiBuiltInKeywords$click$3.call(Unknown Source)
	at deleteandupload2.run(deleteandupload2:46)
	at com.kms.katalon.core.main.ScriptEngine.run(ScriptEngine.java:194)
	at com.kms.katalon.core.main.ScriptEngine.runScriptAsRawText(ScriptEngine.java:119)
	at com.kms.katalon.core.main.TestCaseExecutor.runScript(TestCaseExecutor.java:337)
	at com.kms.katalon.core.main.TestCaseExecutor.doExecute(TestCaseExecutor.java:328)
	at com.kms.katalon.core.main.TestCaseExecutor.processExecutionPhase(TestCaseExecutor.java:307)
	at com.kms.katalon.core.main.TestCaseExecutor.accessMainPhase(TestCaseExecutor.java:299)
	at com.kms.katalon.core.main.TestCaseExecutor.execute(TestCaseExecutor.java:233)
	at com.kms.katalon.core.main.TestSuiteExecutor.accessTestCaseMainPhase(TestSuiteExecutor.java:169)
	at com.kms.katalon.core.main.TestSuiteExecutor.accessTestSuiteMainPhase(TestSuiteExecutor.java:142)
	at com.kms.katalon.core.main.TestSuiteExecutor.execute(TestSuiteExecutor.java:91)
	at com.kms.katalon.core.main.TestCaseMain.startTestSuite(TestCaseMain.java:157)
	at com.kms.katalon.core.main.TestCaseMain$startTestSuite$0.call(Unknown Source)
	at TempTestSuite1578288502111.run(TempTestSuite1578288502111.groovy:36)
Caused by: com.kms.katalon.core.webui.exception.WebElementNotFoundException: Web element with id: 'Object Repository/ProfileName' located by 'By.xpath: //div[@id='root']/div/div/span/div/div/div/div[2]/div/div[2]/div/div/a/div[2]/div' not found
	at com.kms.katalon.core.webui.common.WebUiCommonHelper.findWebElement(WebUiCommonHelper.java:1154)
	at com.kms.katalon.core.webui.keyword.internal.WebUIAbstractKeyword.findWebElement(WebUIAbstractKeyword.groovy:27)
	at com.kms.katalon.core.webui.keyword.internal.WebUIAbstractKeyword.findWebElement(WebUIAbstractKeyword.groovy:26)
	at com.kms.katalon.core.webui.keyword.builtin.ClickKeyword$_click_closure1.doCall(ClickKeyword.groovy:67)
	at com.kms.katalon.core.webui.keyword.builtin.ClickKeyword$_click_closure1.call(ClickKeyword.groovy)
	at com.kms.katalon.core.webui.keyword.internal.WebUIKeywordMain.runKeyword(WebUIKeywordMain.groovy:20)
	at com.kms.katalon.core.webui.keyword.builtin.ClickKeyword.click(ClickKeyword.groovy:102)
	at com.kms.katalon.core.webui.keyword.builtin.ClickKeyword.execute(ClickKeyword.groovy:43)
	at com.kms.katalon.core.keyword.internal.KeywordExecutor.executeKeywordForPlatform(KeywordExecutor.groovy:72)
	at com.kms.katalon.core.webui.keyword.WebUiBuiltInKeywords.click(WebUiBuiltInKeywords.groovy:616)
	at com.kms.katalon.core.webui.keyword.WebUiBuiltInKeywords$click$3.call(Unknown Source)
	at Script1576031534848.run(Script1576031534848.groovy:46)
	... 13 more
)
[[ATTACHMENT|C:\\Users\\chandu.t\\Katalon Studio\\NJS_Chandu\\Reports\\20200106_105821\\NJS_Chandu\\20200106_105821\\1578288705432.png]]]]></system-out>
         <system-err><![CDATA[2020-01-06 11:00:18 - [TEST_CASE][FAILED] - Test Cases/deleteandupload2: Test Cases/deleteandupload2 FAILED.
Reason:
com.kms.katalon.core.exception.StepFailedException: Unable to click on object 'Object Repository/ProfileName'
	at com.kms.katalon.core.webui.keyword.internal.WebUIKeywordMain.stepFailed(WebUIKeywordMain.groovy:64)
	at com.kms.katalon.core.webui.keyword.internal.WebUIKeywordMain.runKeyword(WebUIKeywordMain.groovy:26)
	at com.kms.katalon.core.webui.keyword.builtin.ClickKeyword.click(ClickKeyword.groovy:102)
	at com.kms.katalon.core.webui.keyword.builtin.ClickKeyword.execute(ClickKeyword.groovy:43)
	at com.kms.katalon.core.keyword.internal.KeywordExecutor.executeKeywordForPlatform(KeywordExecutor.groovy:72)
	at com.kms.katalon.core.webui.keyword.WebUiBuiltInKeywords.click(WebUiBuiltInKeywords.groovy:616)
	at com.kms.katalon.core.webui.keyword.WebUiBuiltInKeywords$click$3.call(Unknown Source)
	at deleteandupload2.run(deleteandupload2:46)
	at com.kms.katalon.core.main.ScriptEngine.run(ScriptEngine.java:194)
	at com.kms.katalon.core.main.ScriptEngine.runScriptAsRawText(ScriptEngine.java:119)
	at com.kms.katalon.core.main.TestCaseExecutor.runScript(TestCaseExecutor.java:337)
	at com.kms.katalon.core.main.TestCaseExecutor.doExecute(TestCaseExecutor.java:328)
	at com.kms.katalon.core.main.TestCaseExecutor.processExecutionPhase(TestCaseExecutor.java:307)
	at com.kms.katalon.core.main.TestCaseExecutor.accessMainPhase(TestCaseExecutor.java:299)
	at com.kms.katalon.core.main.TestCaseExecutor.execute(TestCaseExecutor.java:233)
	at com.kms.katalon.core.main.TestSuiteExecutor.accessTestCaseMainPhase(TestSuiteExecutor.java:169)
	at com.kms.katalon.core.main.TestSuiteExecutor.accessTestSuiteMainPhase(TestSuiteExecutor.java:142)
	at com.kms.katalon.core.main.TestSuiteExecutor.execute(TestSuiteExecutor.java:91)
	at com.kms.katalon.core.main.TestCaseMain.startTestSuite(TestCaseMain.java:157)
	at com.kms.katalon.core.main.TestCaseMain$startTestSuite$0.call(Unknown Source)
	at TempTestSuite1578288502111.run(TempTestSuite1578288502111.groovy:36)
Caused by: com.kms.katalon.core.webui.exception.WebElementNotFoundException: Web element with id: 'Object Repository/ProfileName' located by 'By.xpath: //div[@id='root']/div/div/span/div/div/div/div[2]/div/div[2]/div/div/a/div[2]/div' not found
	at com.kms.katalon.core.webui.common.WebUiCommonHelper.findWebElement(WebUiCommonHelper.java:1154)
	at com.kms.katalon.core.webui.keyword.internal.WebUIAbstractKeyword.findWebElement(WebUIAbstractKeyword.groovy:27)
	at com.kms.katalon.core.webui.keyword.internal.WebUIAbstractKeyword.findWebElement(WebUIAbstractKeyword.groovy:26)
	at com.kms.katalon.core.webui.keyword.builtin.ClickKeyword$_click_closure1.doCall(ClickKeyword.groovy:67)
	at com.kms.katalon.core.webui.keyword.builtin.ClickKeyword$_click_closure1.call(ClickKeyword.groovy)
	at com.kms.katalon.core.webui.keyword.internal.WebUIKeywordMain.runKeyword(WebUIKeywordMain.groovy:20)
	... 19 more]]></system-err>
      </testcase>
      <testcase name="Test Cases/deleteandupload1" time="94.468" classname="Test Cases/deleteandupload1" status="PASSED">
         <system-out><![CDATA[2020-01-06 11:01:46 - [TEST_CASE][PASSED] - Test Cases/deleteandupload1: Test Cases/deleteandupload1

2020-01-06 11:01:47 - [TEST_STEP][PASSED] - openBrowser(findTestData("LoginDetailsNJS").getValue(1, 1)): Browser is opened with url: 'https://www.naukri.com/'

2020-01-06 11:01:47 - [MESSAGE][WARNING] - A browser is already opened. Closing browser and opening a new one

2020-01-06 11:01:48 - [MESSAGE][INFO] - Starting 'Chrome' driver

2020-01-06 11:01:48 - [MESSAGE][INFO] - User set preference: ['args', '[--incognito]']

2020-01-06 11:01:59 - [MESSAGE][PASSED] - Browser is opened with url: 'https://www.naukri.com/'

2020-01-06 11:01:59 - [TEST_STEP][PASSED] - closeWindowIndex(1): Window with index 1 is closed

2020-01-06 11:02:03 - [MESSAGE][PASSED] - Window with index 1 is closed

2020-01-06 11:02:03 - [TEST_STEP][PASSED] - closeWindowIndex(1): Window with index 1 is closed

2020-01-06 11:02:07 - [MESSAGE][PASSED] - Window with index 1 is closed

2020-01-06 11:02:07 - [TEST_STEP][PASSED] - switchToWindowIndex(0): Switched to window with index: '0'

2020-01-06 11:02:07 - [MESSAGE][PASSED] - Switched to window with index: '0'

2020-01-06 11:02:07 - [TEST_STEP][PASSED] - maximizeWindow(): Current window maximized

2020-01-06 11:02:12 - [MESSAGE][PASSED] - Current window maximized

2020-01-06 11:02:12 - [TEST_STEP][PASSED] - click(findTestObject("LoginButton")): Object: 'Object Repository/LoginButton' is clicked on

2020-01-06 11:02:13 - [MESSAGE][PASSED] - Object: 'Object Repository/LoginButton' is clicked on

2020-01-06 11:02:13 - [TEST_STEP][PASSED] - click(findTestObject("GoogleButton")): Object: 'Object Repository/GoogleButton' is clicked on

2020-01-06 11:02:14 - [MESSAGE][PASSED] - Object: 'Object Repository/GoogleButton' is clicked on

2020-01-06 11:02:14 - [TEST_STEP][PASSED] - switchToWindowIndex(1): Switched to window with index: '1'

2020-01-06 11:02:18 - [MESSAGE][PASSED] - Switched to window with index: '1'

2020-01-06 11:02:18 - [TEST_STEP][PASSED] - setText(findTestObject("UserName"), findTestData("LoginDetailsNJS").getValue(2, 1)): Text 'thota.chandu1@gmail.com' is set on object 'Object Repository/UserName'

2020-01-06 11:02:19 - [MESSAGE][PASSED] - Text 'thota.chandu1@gmail.com' is set on object 'Object Repository/UserName'

2020-01-06 11:02:20 - [TEST_STEP][PASSED] - click(findTestObject("NextButton")): Object: 'Object Repository/NextButton' is clicked on

2020-01-06 11:02:20 - [MESSAGE][PASSED] - Object: 'Object Repository/NextButton' is clicked on

2020-01-06 11:02:20 - [TEST_STEP][PASSED] - delay(5): Delayed 5 second(s)

2020-01-06 11:02:25 - [MESSAGE][PASSED] - Delayed 5 second(s)

2020-01-06 11:02:25 - [TEST_STEP][PASSED] - setText(findTestObject("Password"), findTestData("LoginDetailsNJS").getValue(3, 1)): Text 'achala$123' is set on object 'Object Repository/Password'

2020-01-06 11:02:26 - [MESSAGE][PASSED] - Text 'achala$123' is set on object 'Object Repository/Password'

2020-01-06 11:02:26 - [TEST_STEP][PASSED] - click(findTestObject("NextButton")): Object: 'Object Repository/NextButton' is clicked on

2020-01-06 11:02:27 - [MESSAGE][PASSED] - Object: 'Object Repository/NextButton' is clicked on

2020-01-06 11:02:27 - [TEST_STEP][PASSED] - switchToWindowIndex(0): Switched to window with index: '0'

2020-01-06 11:02:27 - [MESSAGE][PASSED] - Switched to window with index: '0'

2020-01-06 11:02:27 - [TEST_STEP][PASSED] - delay(10): Delayed 10 second(s)

2020-01-06 11:02:37 - [MESSAGE][PASSED] - Delayed 10 second(s)

2020-01-06 11:02:37 - [TEST_STEP][PASSED] - click(findTestObject("ProfileName")): Object: 'Object Repository/ProfileName' is clicked on

2020-01-06 11:02:38 - [MESSAGE][PASSED] - Object: 'Object Repository/ProfileName' is clicked on

2020-01-06 11:02:38 - [TEST_STEP][PASSED] - click(findTestObject("DeleteResumeButton")): Object: 'Object Repository/DeleteResumeButton' is clicked on

2020-01-06 11:02:39 - [MESSAGE][PASSED] - Object: 'Object Repository/DeleteResumeButton' is clicked on

2020-01-06 11:02:39 - [TEST_STEP][PASSED] - click(findTestObject("DeleteResumeConfirm")): Object: 'Object Repository/DeleteResumeConfirm' is clicked on

2020-01-06 11:02:39 - [MESSAGE][PASSED] - Object: 'Object Repository/DeleteResumeConfirm' is clicked on

2020-01-06 11:02:39 - [TEST_STEP][PASSED] - delay(15): Delayed 15 second(s)

2020-01-06 11:02:54 - [MESSAGE][PASSED] - Delayed 15 second(s)

2020-01-06 11:02:54 - [TEST_STEP][PASSED] - takeScreenshot(): Taking screenshot successfully

2020-01-06 11:02:55 - [MESSAGE][PASSED] - Taking screenshot successfully
[[ATTACHMENT|C:\\Users\\chandu.t\\Katalon Studio\\NJS_Chandu\\Reports\\20200106_105821\\NJS_Chandu\\20200106_105821\\1578288775068.png]]

2020-01-06 11:02:55 - [TEST_STEP][PASSED] - uploadFile(findTestObject("UploadResumeButton"), findTestData("LoginDetailsNJS").getValue(5, 1)): File 'D:\chanduR\Resume1.docx' sent to object: 'Object Repository/UploadResumeButton'

2020-01-06 11:02:56 - [MESSAGE][PASSED] - File 'D:\chanduR\Resume1.docx' sent to object: 'Object Repository/UploadResumeButton'

2020-01-06 11:02:56 - [TEST_STEP][PASSED] - delay(10): Delayed 10 second(s)

2020-01-06 11:03:06 - [MESSAGE][PASSED] - Delayed 10 second(s)

2020-01-06 11:03:06 - [TEST_STEP][NOT_RUN] - click(findTestObject("EditResumeHeadline")): NOT_RUN: click(findTestObject("EditResumeHeadline"))

2020-01-06 11:03:06 - [MESSAGE][NOT_RUN] - NOT_RUN: click(findTestObject("EditResumeHeadline"))

2020-01-06 11:03:06 - [TEST_STEP][NOT_RUN] - setText(findTestObject("ResumeHeadLineText"), "."): NOT_RUN: setText(findTestObject("ResumeHeadLineText"), ".")

2020-01-06 11:03:06 - [MESSAGE][NOT_RUN] - NOT_RUN: setText(findTestObject("ResumeHeadLineText"), ".")

2020-01-06 11:03:06 - [TEST_STEP][NOT_RUN] - click(findTestObject("SaveResumeHeadLineButton")): NOT_RUN: click(findTestObject("SaveResumeHeadLineButton"))

2020-01-06 11:03:06 - [MESSAGE][NOT_RUN] - NOT_RUN: click(findTestObject("SaveResumeHeadLineButton"))

2020-01-06 11:03:06 - [TEST_STEP][PASSED] - takeScreenshot(): Taking screenshot successfully

2020-01-06 11:03:06 - [MESSAGE][PASSED] - Taking screenshot successfully
[[ATTACHMENT|C:\\Users\\chandu.t\\Katalon Studio\\NJS_Chandu\\Reports\\20200106_105821\\NJS_Chandu\\20200106_105821\\1578288786123.png]]

2020-01-06 11:03:06 - [TEST_STEP][PASSED] - refresh(): Refresh successfully

2020-01-06 11:03:09 - [MESSAGE][PASSED] - Refresh successfully

2020-01-06 11:03:09 - [TEST_STEP][PASSED] - delay(10): Delayed 10 second(s)

2020-01-06 11:03:19 - [MESSAGE][PASSED] - Delayed 10 second(s)

2020-01-06 11:03:19 - [TEST_STEP][PASSED] - takeScreenshot(): Taking screenshot successfully

2020-01-06 11:03:19 - [MESSAGE][PASSED] - Taking screenshot successfully
[[ATTACHMENT|C:\\Users\\chandu.t\\Katalon Studio\\NJS_Chandu\\Reports\\20200106_105821\\NJS_Chandu\\20200106_105821\\1578288799292.png]]

2020-01-06 11:03:19 - [TEST_STEP][PASSED] - closeBrowser(): Browser is closed

2020-01-06 11:03:20 - [MESSAGE][PASSED] - Browser is closed]]></system-out>
         <system-err><![CDATA[]]></system-err>
      </testcase>
      <system-out><![CDATA[2020-01-06 10:58:30 - [TEST_SUITE][FAILED] - NJS_Chandu: Test Cases/deleteandupload2 FAILED.
Reason:
com.kms.katalon.core.exception.StepFailedException: Unable to click on object 'Object Repository/ProfileName'
	at com.kms.katalon.core.webui.keyword.internal.WebUIKeywordMain.stepFailed(WebUIKeywordMain.groovy:64)
	at com.kms.katalon.core.webui.keyword.internal.WebUIKeywordMain.runKeyword(WebUIKeywordMain.groovy:26)
	at com.kms.katalon.core.webui.keyword.builtin.ClickKeyword.click(ClickKeyword.groovy:102)
	at com.kms.katalon.core.webui.keyword.builtin.ClickKeyword.execute(ClickKeyword.groovy:43)
	at com.kms.katalon.core.keyword.internal.KeywordExecutor.executeKeywordForPlatform(KeywordExecutor.groovy:72)
	at com.kms.katalon.core.webui.keyword.WebUiBuiltInKeywords.click(WebUiBuiltInKeywords.groovy:616)
	at com.kms.katalon.core.webui.keyword.WebUiBuiltInKeywords$click$3.call(Unknown Source)
	at deleteandupload2.run(deleteandupload2:46)
	at com.kms.katalon.core.main.ScriptEngine.run(ScriptEngine.java:194)
	at com.kms.katalon.core.main.ScriptEngine.runScriptAsRawText(ScriptEngine.java:119)
	at com.kms.katalon.core.main.TestCaseExecutor.runScript(TestCaseExecutor.java:337)
	at com.kms.katalon.core.main.TestCaseExecutor.doExecute(TestCaseExecutor.java:328)
	at com.kms.katalon.core.main.TestCaseExecutor.processExecutionPhase(TestCaseExecutor.java:307)
	at com.kms.katalon.core.main.TestCaseExecutor.accessMainPhase(TestCaseExecutor.java:299)
	at com.kms.katalon.core.main.TestCaseExecutor.execute(TestCaseExecutor.java:233)
	at com.kms.katalon.core.main.TestSuiteExecutor.accessTestCaseMainPhase(TestSuiteExecutor.java:169)
	at com.kms.katalon.core.main.TestSuiteExecutor.accessTestSuiteMainPhase(TestSuiteExecutor.java:142)
	at com.kms.katalon.core.main.TestSuiteExecutor.execute(TestSuiteExecutor.java:91)
	at com.kms.katalon.core.main.TestCaseMain.startTestSuite(TestCaseMain.java:157)
	at com.kms.katalon.core.main.TestCaseMain$startTestSuite$0.call(Unknown Source)
	at TempTestSuite1578288502111.run(TempTestSuite1578288502111.groovy:36)
Caused by: com.kms.katalon.core.webui.exception.WebElementNotFoundException: Web element with id: 'Object Repository/ProfileName' located by 'By.xpath: //div[@id='root']/div/div/span/div/div/div/div[2]/div/div[2]/div/div/a/div[2]/div' not found
	at com.kms.katalon.core.webui.common.WebUiCommonHelper.findWebElement(WebUiCommonHelper.java:1154)
	at com.kms.katalon.core.webui.keyword.internal.WebUIAbstractKeyword.findWebElement(WebUIAbstractKeyword.groovy:27)
	at com.kms.katalon.core.webui.keyword.internal.WebUIAbstractKeyword.findWebElement(WebUIAbstractKeyword.groovy:26)
	at com.kms.katalon.core.webui.keyword.builtin.ClickKeyword$_click_closure1.doCall(ClickKeyword.groovy:67)
	at com.kms.katalon.core.webui.keyword.builtin.ClickKeyword$_click_closure1.call(ClickKeyword.groovy)
	at com.kms.katalon.core.webui.keyword.internal.WebUIKeywordMain.runKeyword(WebUIKeywordMain.groovy:20)
	... 19 more]]></system-out>
      <system-err><![CDATA[2020-01-06 10:58:30 - [TEST_SUITE][FAILED] - NJS_Chandu: Test Cases/deleteandupload2 FAILED.
Reason:
com.kms.katalon.core.exception.StepFailedException: Unable to click on object 'Object Repository/ProfileName'
	at com.kms.katalon.core.webui.keyword.internal.WebUIKeywordMain.stepFailed(WebUIKeywordMain.groovy:64)
	at com.kms.katalon.core.webui.keyword.internal.WebUIKeywordMain.runKeyword(WebUIKeywordMain.groovy:26)
	at com.kms.katalon.core.webui.keyword.builtin.ClickKeyword.click(ClickKeyword.groovy:102)
	at com.kms.katalon.core.webui.keyword.builtin.ClickKeyword.execute(ClickKeyword.groovy:43)
	at com.kms.katalon.core.keyword.internal.KeywordExecutor.executeKeywordForPlatform(KeywordExecutor.groovy:72)
	at com.kms.katalon.core.webui.keyword.WebUiBuiltInKeywords.click(WebUiBuiltInKeywords.groovy:616)
	at com.kms.katalon.core.webui.keyword.WebUiBuiltInKeywords$click$3.call(Unknown Source)
	at deleteandupload2.run(deleteandupload2:46)
	at com.kms.katalon.core.main.ScriptEngine.run(ScriptEngine.java:194)
	at com.kms.katalon.core.main.ScriptEngine.runScriptAsRawText(ScriptEngine.java:119)
	at com.kms.katalon.core.main.TestCaseExecutor.runScript(TestCaseExecutor.java:337)
	at com.kms.katalon.core.main.TestCaseExecutor.doExecute(TestCaseExecutor.java:328)
	at com.kms.katalon.core.main.TestCaseExecutor.processExecutionPhase(TestCaseExecutor.java:307)
	at com.kms.katalon.core.main.TestCaseExecutor.accessMainPhase(TestCaseExecutor.java:299)
	at com.kms.katalon.core.main.TestCaseExecutor.execute(TestCaseExecutor.java:233)
	at com.kms.katalon.core.main.TestSuiteExecutor.accessTestCaseMainPhase(TestSuiteExecutor.java:169)
	at com.kms.katalon.core.main.TestSuiteExecutor.accessTestSuiteMainPhase(TestSuiteExecutor.java:142)
	at com.kms.katalon.core.main.TestSuiteExecutor.execute(TestSuiteExecutor.java:91)
	at com.kms.katalon.core.main.TestCaseMain.startTestSuite(TestCaseMain.java:157)
	at com.kms.katalon.core.main.TestCaseMain$startTestSuite$0.call(Unknown Source)
	at TempTestSuite1578288502111.run(TempTestSuite1578288502111.groovy:36)
Caused by: com.kms.katalon.core.webui.exception.WebElementNotFoundException: Web element with id: 'Object Repository/ProfileName' located by 'By.xpath: //div[@id='root']/div/div/span/div/div/div/div[2]/div/div[2]/div/div/a/div[2]/div' not found
	at com.kms.katalon.core.webui.common.WebUiCommonHelper.findWebElement(WebUiCommonHelper.java:1154)
	at com.kms.katalon.core.webui.keyword.internal.WebUIAbstractKeyword.findWebElement(WebUIAbstractKeyword.groovy:27)
	at com.kms.katalon.core.webui.keyword.internal.WebUIAbstractKeyword.findWebElement(WebUIAbstractKeyword.groovy:26)
	at com.kms.katalon.core.webui.keyword.builtin.ClickKeyword$_click_closure1.doCall(ClickKeyword.groovy:67)
	at com.kms.katalon.core.webui.keyword.builtin.ClickKeyword$_click_closure1.call(ClickKeyword.groovy)
	at com.kms.katalon.core.webui.keyword.internal.WebUIKeywordMain.runKeyword(WebUIKeywordMain.groovy:20)
	... 19 more]]></system-err>
   </testsuite>
</testsuites>
